-- The C compiler identification is GNU 11.3.0
-- The CXX compiler identification is GNU 11.3.0
-- Detecting C compiler ABI info
-- Detecting C compiler ABI info - done
-- Check for working C compiler: /usr/bin/cc - skipped
-- Detecting C compile features
-- Detecting C compile features - done
-- Detecting CXX compiler ABI info
-- Detecting CXX compiler ABI info - done
-- Check for working CXX compiler: /usr/bin/c++ - skipped
-- Detecting CXX compile features
-- Detecting CXX compile features - done
-- Found ament_cmake: 1.3.5 (/opt/ros/humble/share/ament_cmake/cmake)
-- Found Python3: /usr/bin/python3.10 (found version "3.10.6") found components: Interpreter 
-- Found ament_lint_auto: 0.12.6 (/opt/ros/humble/share/ament_lint_auto/cmake)
-- Added test 'lint_cmake' to check CMake code style
-- Added test 'xmllint' to check XML markup files
-- Configuring done
-- Generating done
-- Build files have been written to: /home/cmdr1/ROS_DEV/src/build/cpp_master_node
-- Install configuration: ""
-- Installing: /home/cmdr1/ROS_DEV/src/install/cpp_master_node/share/ament_index/resource_index/package_run_dependencies/cpp_master_node
-- Installing: /home/cmdr1/ROS_DEV/src/install/cpp_master_node/share/ament_index/resource_index/parent_prefix_path/cpp_master_node
-- Installing: /home/cmdr1/ROS_DEV/src/install/cpp_master_node/share/cpp_master_node/environment/ament_prefix_path.sh
-- Installing: /home/cmdr1/ROS_DEV/src/install/cpp_master_node/share/cpp_master_node/environment/ament_prefix_path.dsv
-- Installing: /home/cmdr1/ROS_DEV/src/install/cpp_master_node/share/cpp_master_node/environment/path.sh
-- Installing: /home/cmdr1/ROS_DEV/src/install/cpp_master_node/share/cpp_master_node/environment/path.dsv
-- Installing: /home/cmdr1/ROS_DEV/src/install/cpp_master_node/share/cpp_master_node/local_setup.bash
-- Installing: /home/cmdr1/ROS_DEV/src/install/cpp_master_node/share/cpp_master_node/local_setup.sh
-- Installing: /home/cmdr1/ROS_DEV/src/install/cpp_master_node/share/cpp_master_node/local_setup.zsh
-- Installing: /home/cmdr1/ROS_DEV/src/install/cpp_master_node/share/cpp_master_node/local_setup.dsv
-- Installing: /home/cmdr1/ROS_DEV/src/install/cpp_master_node/share/cpp_master_node/package.dsv
-- Installing: /home/cmdr1/ROS_DEV/src/install/cpp_master_node/share/ament_index/resource_index/packages/cpp_master_node
-- Installing: /home/cmdr1/ROS_DEV/src/install/cpp_master_node/share/cpp_master_node/cmake/cpp_master_nodeConfig.cmake
-- Installing: /home/cmdr1/ROS_DEV/src/install/cpp_master_node/share/cpp_master_node/cmake/cpp_master_nodeConfig-version.cmake
-- Installing: /home/cmdr1/ROS_DEV/src/install/cpp_master_node/share/cpp_master_node/package.xml
