[0.007s] Invoking command in '/home/cmdr1/ROS_DEV/src/build/cpp_master_node': CMAKE_PREFIX_PATH=/opt/ros/humble /usr/bin/cmake /home/cmdr1/ROS_DEV/src/cpp_master_node -DCMAKE_INSTALL_PREFIX=/home/cmdr1/ROS_DEV/src/install/cpp_master_node
[0.036s] -- The C compiler identification is GNU 11.3.0
[0.068s] -- The CXX compiler identification is GNU 11.3.0
[0.072s] -- Detecting C compiler ABI info
[0.119s] -- Detecting C compiler ABI info - done
[0.124s] -- Check for working C compiler: /usr/bin/cc - skipped
[0.124s] -- Detecting C compile features
[0.124s] -- Detecting C compile features - done
[0.126s] -- Detecting CXX compiler ABI info
[0.173s] -- Detecting CXX compiler ABI info - done
[0.178s] -- Check for working CXX compiler: /usr/bin/c++ - skipped
[0.178s] -- Detecting CXX compile features
[0.178s] -- Detecting CXX compile features - done
[0.179s] -- Found ament_cmake: 1.3.5 (/opt/ros/humble/share/ament_cmake/cmake)
[0.278s] -- Found Python3: /usr/bin/python3.10 (found version "3.10.6") found components: Interpreter 
[0.324s] -- Found ament_lint_auto: 0.12.6 (/opt/ros/humble/share/ament_lint_auto/cmake)
[0.368s] -- Added test 'lint_cmake' to check CMake code style
[0.368s] -- Added test 'xmllint' to check XML markup files
[0.369s] -- Configuring done
[0.370s] -- Generating done
[0.370s] -- Build files have been written to: /home/cmdr1/ROS_DEV/src/build/cpp_master_node
[0.374s] Invoked command in '/home/cmdr1/ROS_DEV/src/build/cpp_master_node' returned '0': CMAKE_PREFIX_PATH=/opt/ros/humble /usr/bin/cmake /home/cmdr1/ROS_DEV/src/cpp_master_node -DCMAKE_INSTALL_PREFIX=/home/cmdr1/ROS_DEV/src/install/cpp_master_node
[0.374s] Invoking command in '/home/cmdr1/ROS_DEV/src/build/cpp_master_node': CMAKE_PREFIX_PATH=/opt/ros/humble /usr/bin/cmake --build /home/cmdr1/ROS_DEV/src/build/cpp_master_node -- -j8 -l8
[0.401s] Invoked command in '/home/cmdr1/ROS_DEV/src/build/cpp_master_node' returned '0': CMAKE_PREFIX_PATH=/opt/ros/humble /usr/bin/cmake --build /home/cmdr1/ROS_DEV/src/build/cpp_master_node -- -j8 -l8
[0.432s] Invoking command in '/home/cmdr1/ROS_DEV/src/build/cpp_master_node': CMAKE_PREFIX_PATH=/opt/ros/humble /usr/bin/cmake --install /home/cmdr1/ROS_DEV/src/build/cpp_master_node
[0.440s] -- Install configuration: ""
[0.440s] -- Installing: /home/cmdr1/ROS_DEV/src/install/cpp_master_node/share/ament_index/resource_index/package_run_dependencies/cpp_master_node
[0.440s] -- Installing: /home/cmdr1/ROS_DEV/src/install/cpp_master_node/share/ament_index/resource_index/parent_prefix_path/cpp_master_node
[0.441s] -- Installing: /home/cmdr1/ROS_DEV/src/install/cpp_master_node/share/cpp_master_node/environment/ament_prefix_path.sh
[0.441s] -- Installing: /home/cmdr1/ROS_DEV/src/install/cpp_master_node/share/cpp_master_node/environment/ament_prefix_path.dsv
[0.441s] -- Installing: /home/cmdr1/ROS_DEV/src/install/cpp_master_node/share/cpp_master_node/environment/path.sh
[0.441s] -- Installing: /home/cmdr1/ROS_DEV/src/install/cpp_master_node/share/cpp_master_node/environment/path.dsv
[0.441s] -- Installing: /home/cmdr1/ROS_DEV/src/install/cpp_master_node/share/cpp_master_node/local_setup.bash
[0.441s] -- Installing: /home/cmdr1/ROS_DEV/src/install/cpp_master_node/share/cpp_master_node/local_setup.sh
[0.441s] -- Installing: /home/cmdr1/ROS_DEV/src/install/cpp_master_node/share/cpp_master_node/local_setup.zsh
[0.441s] -- Installing: /home/cmdr1/ROS_DEV/src/install/cpp_master_node/share/cpp_master_node/local_setup.dsv
[0.441s] -- Installing: /home/cmdr1/ROS_DEV/src/install/cpp_master_node/share/cpp_master_node/package.dsv
[0.441s] -- Installing: /home/cmdr1/ROS_DEV/src/install/cpp_master_node/share/ament_index/resource_index/packages/cpp_master_node
[0.442s] -- Installing: /home/cmdr1/ROS_DEV/src/install/cpp_master_node/share/cpp_master_node/cmake/cpp_master_nodeConfig.cmake
[0.442s] -- Installing: /home/cmdr1/ROS_DEV/src/install/cpp_master_node/share/cpp_master_node/cmake/cpp_master_nodeConfig-version.cmake
[0.442s] -- Installing: /home/cmdr1/ROS_DEV/src/install/cpp_master_node/share/cpp_master_node/package.xml
[0.444s] Invoked command in '/home/cmdr1/ROS_DEV/src/build/cpp_master_node' returned '0': CMAKE_PREFIX_PATH=/opt/ros/humble /usr/bin/cmake --install /home/cmdr1/ROS_DEV/src/build/cpp_master_node
