[0.015s] Invoking command in '/home/cmdr1/ROS_WS/NI-to-ROS-2/build/cpp_master_node': CMAKE_PREFIX_PATH=/opt/ros/humble /usr/bin/cmake /home/cmdr1/ROS_WS/NI-to-ROS-2/src/cpp_master_node -DCMAKE_INSTALL_PREFIX=/home/cmdr1/ROS_WS/NI-to-ROS-2/install/cpp_master_node
[0.052s] -- The C compiler identification is GNU 11.3.0
[0.089s] -- The CXX compiler identification is GNU 11.3.0
[0.094s] -- Detecting C compiler ABI info
[0.139s] -- Detecting C compiler ABI info - done
[0.144s] -- Check for working C compiler: /usr/bin/cc - skipped
[0.144s] -- Detecting C compile features
[0.144s] -- Detecting C compile features - done
[0.147s] -- Detecting CXX compiler ABI info
[0.196s] -- Detecting CXX compiler ABI info - done
[0.201s] -- Check for working CXX compiler: /usr/bin/c++ - skipped
[0.201s] -- Detecting CXX compile features
[0.201s] -- Detecting CXX compile features - done
[0.203s] -- Found ament_cmake: 1.3.5 (/opt/ros/humble/share/ament_cmake/cmake)
[0.317s] -- Found Python3: /usr/bin/python3.10 (found version "3.10.6") found components: Interpreter 
[0.373s] -- Found rclcpp: 16.0.4 (/opt/ros/humble/share/rclcpp/cmake)
[0.399s] -- Found rosidl_generator_c: 3.1.4 (/opt/ros/humble/share/rosidl_generator_c/cmake)
[0.401s] -- Found rosidl_adapter: 3.1.4 (/opt/ros/humble/share/rosidl_adapter/cmake)
[0.406s] -- Found rosidl_generator_cpp: 3.1.4 (/opt/ros/humble/share/rosidl_generator_cpp/cmake)
[0.417s] -- Using all available rosidl_typesupport_c: rosidl_typesupport_fastrtps_c;rosidl_typesupport_introspection_c
[0.430s] -- Using all available rosidl_typesupport_cpp: rosidl_typesupport_fastrtps_cpp;rosidl_typesupport_introspection_cpp
[0.479s] -- Found rmw_implementation_cmake: 6.1.1 (/opt/ros/humble/share/rmw_implementation_cmake/cmake)
[0.480s] -- Found rmw_fastrtps_cpp: 6.2.2 (/opt/ros/humble/share/rmw_fastrtps_cpp/cmake)
[0.541s] -- Found OpenSSL: /usr/lib/x86_64-linux-gnu/libcrypto.so (found version "3.0.2")  
[0.558s] -- Found FastRTPS: /opt/ros/humble/include  
[0.588s] -- Using RMW implementation 'rmw_fastrtps_cpp' as default
[0.594s] -- Looking for pthread.h
[0.644s] -- Looking for pthread.h - found
[0.644s] -- Performing Test CMAKE_HAVE_LIBC_PTHREAD
[0.694s] -- Performing Test CMAKE_HAVE_LIBC_PTHREAD - Success
[0.695s] -- Found Threads: TRUE  
[0.801s] -- Found geometry_msgs: 4.2.3 (/opt/ros/humble/share/geometry_msgs/cmake)
[0.837s] -- Found rosidl_default_generators: 1.2.0 (/opt/ros/humble/share/rosidl_default_generators/cmake)
[0.851s] -- Found ament_lint_auto: 0.12.6 (/opt/ros/humble/share/ament_lint_auto/cmake)
[0.904s] -- Added test 'cppcheck' to perform static code analysis on C / C++ code
[0.904s] -- Configured cppcheck include dirs: 
[0.904s] -- Configured cppcheck exclude dirs and/or files: 
[0.904s] -- Added test 'lint_cmake' to check CMake code style
[0.905s] -- Added test 'uncrustify' to check C / C++ code style
[0.905s] -- Configured uncrustify additional arguments: 
[0.905s] -- Added test 'xmllint' to check XML markup files
[0.906s] -- Configuring done
[0.914s] -- Generating done
[0.915s] -- Build files have been written to: /home/cmdr1/ROS_WS/NI-to-ROS-2/build/cpp_master_node
[0.924s] Invoked command in '/home/cmdr1/ROS_WS/NI-to-ROS-2/build/cpp_master_node' returned '0': CMAKE_PREFIX_PATH=/opt/ros/humble /usr/bin/cmake /home/cmdr1/ROS_WS/NI-to-ROS-2/src/cpp_master_node -DCMAKE_INSTALL_PREFIX=/home/cmdr1/ROS_WS/NI-to-ROS-2/install/cpp_master_node
[0.925s] Invoking command in '/home/cmdr1/ROS_WS/NI-to-ROS-2/build/cpp_master_node': CMAKE_PREFIX_PATH=/opt/ros/humble /usr/bin/cmake --build /home/cmdr1/ROS_WS/NI-to-ROS-2/build/cpp_master_node -- -j8 -l8
[0.953s] [ 50%] [32mBuilding CXX object CMakeFiles/master_node.dir/src/master_node.cpp.o[0m
[6.469s] [100%] [32m[1mLinking CXX executable master_node[0m
[6.763s] [100%] Built target master_node
[6.769s] Invoked command in '/home/cmdr1/ROS_WS/NI-to-ROS-2/build/cpp_master_node' returned '0': CMAKE_PREFIX_PATH=/opt/ros/humble /usr/bin/cmake --build /home/cmdr1/ROS_WS/NI-to-ROS-2/build/cpp_master_node -- -j8 -l8
[6.788s] Invoking command in '/home/cmdr1/ROS_WS/NI-to-ROS-2/build/cpp_master_node': CMAKE_PREFIX_PATH=/opt/ros/humble /usr/bin/cmake --install /home/cmdr1/ROS_WS/NI-to-ROS-2/build/cpp_master_node
[6.792s] -- Install configuration: ""
[6.792s] -- Installing: /home/cmdr1/ROS_WS/NI-to-ROS-2/install/cpp_master_node/lib/cpp_master_node/master_node
[6.794s] -- Set runtime path of "/home/cmdr1/ROS_WS/NI-to-ROS-2/install/cpp_master_node/lib/cpp_master_node/master_node" to ""
[6.794s] -- Installing: /home/cmdr1/ROS_WS/NI-to-ROS-2/install/cpp_master_node/share/ament_index/resource_index/package_run_dependencies/cpp_master_node
[6.794s] -- Installing: /home/cmdr1/ROS_WS/NI-to-ROS-2/install/cpp_master_node/share/ament_index/resource_index/parent_prefix_path/cpp_master_node
[6.794s] -- Installing: /home/cmdr1/ROS_WS/NI-to-ROS-2/install/cpp_master_node/share/cpp_master_node/environment/ament_prefix_path.sh
[6.794s] -- Installing: /home/cmdr1/ROS_WS/NI-to-ROS-2/install/cpp_master_node/share/cpp_master_node/environment/ament_prefix_path.dsv
[6.794s] -- Installing: /home/cmdr1/ROS_WS/NI-to-ROS-2/install/cpp_master_node/share/cpp_master_node/environment/path.sh
[6.794s] -- Installing: /home/cmdr1/ROS_WS/NI-to-ROS-2/install/cpp_master_node/share/cpp_master_node/environment/path.dsv
[6.794s] -- Installing: /home/cmdr1/ROS_WS/NI-to-ROS-2/install/cpp_master_node/share/cpp_master_node/local_setup.bash
[6.794s] -- Installing: /home/cmdr1/ROS_WS/NI-to-ROS-2/install/cpp_master_node/share/cpp_master_node/local_setup.sh
[6.795s] -- Installing: /home/cmdr1/ROS_WS/NI-to-ROS-2/install/cpp_master_node/share/cpp_master_node/local_setup.zsh
[6.795s] -- Installing: /home/cmdr1/ROS_WS/NI-to-ROS-2/install/cpp_master_node/share/cpp_master_node/local_setup.dsv
[6.795s] -- Installing: /home/cmdr1/ROS_WS/NI-to-ROS-2/install/cpp_master_node/share/cpp_master_node/package.dsv
[6.795s] -- Installing: /home/cmdr1/ROS_WS/NI-to-ROS-2/install/cpp_master_node/share/ament_index/resource_index/packages/cpp_master_node
[6.795s] -- Installing: /home/cmdr1/ROS_WS/NI-to-ROS-2/install/cpp_master_node/share/cpp_master_node/cmake/cpp_master_nodeConfig.cmake
[6.795s] -- Installing: /home/cmdr1/ROS_WS/NI-to-ROS-2/install/cpp_master_node/share/cpp_master_node/cmake/cpp_master_nodeConfig-version.cmake
[6.795s] -- Installing: /home/cmdr1/ROS_WS/NI-to-ROS-2/install/cpp_master_node/share/cpp_master_node/package.xml
[6.796s] Invoked command in '/home/cmdr1/ROS_WS/NI-to-ROS-2/build/cpp_master_node' returned '0': CMAKE_PREFIX_PATH=/opt/ros/humble /usr/bin/cmake --install /home/cmdr1/ROS_WS/NI-to-ROS-2/build/cpp_master_node
