[0.062s] Invoking command in '/home/cmdr/ROS_DEV/NI-to-ROS-2/build/cpp_master_node': CMAKE_PREFIX_PATH=/opt/ros/humble /usr/bin/cmake /home/cmdr/ROS_DEV/NI-to-ROS-2/src/cpp_master_node -DCMAKE_INSTALL_PREFIX=/home/cmdr/ROS_DEV/NI-to-ROS-2/install/cpp_master_node
[0.317s] -- The C compiler identification is GNU 11.4.0
[0.584s] -- The CXX compiler identification is GNU 11.4.0
[0.615s] -- Detecting C compiler ABI info
[0.946s] -- Detecting C compiler ABI info - done
[0.972s] -- Check for working C compiler: /usr/bin/cc - skipped
[0.973s] -- Detecting C compile features
[0.974s] -- Detecting C compile features - done
[0.989s] -- Detecting CXX compiler ABI info
[1.350s] -- Detecting CXX compiler ABI info - done
[1.377s] -- Check for working CXX compiler: /usr/bin/c++ - skipped
[1.378s] -- Detecting CXX compile features
[1.380s] -- Detecting CXX compile features - done
[1.397s] -- Found ament_cmake: 1.3.5 (/opt/ros/humble/share/ament_cmake/cmake)
[2.099s] -- Found Python3: /usr/bin/python3.10 (found version "3.10.12") found components: Interpreter 
[2.564s] -- Found rclcpp: 16.0.5 (/opt/ros/humble/share/rclcpp/cmake)
[2.833s] -- Found rosidl_generator_c: 3.1.5 (/opt/ros/humble/share/rosidl_generator_c/cmake)
[2.865s] -- Found rosidl_adapter: 3.1.5 (/opt/ros/humble/share/rosidl_adapter/cmake)
[2.910s] -- Found rosidl_generator_cpp: 3.1.5 (/opt/ros/humble/share/rosidl_generator_cpp/cmake)
[2.977s] -- Using all available rosidl_typesupport_c: rosidl_typesupport_fastrtps_c;rosidl_typesupport_introspection_c
[3.073s] -- Using all available rosidl_typesupport_cpp: rosidl_typesupport_fastrtps_cpp;rosidl_typesupport_introspection_cpp
[3.405s] -- Found rmw_implementation_cmake: 6.1.1 (/opt/ros/humble/share/rmw_implementation_cmake/cmake)
[3.421s] -- Found rmw_fastrtps_cpp: 6.2.3 (/opt/ros/humble/share/rmw_fastrtps_cpp/cmake)
[3.924s] -- Found OpenSSL: /usr/lib/aarch64-linux-gnu/libcrypto.so (found version "3.0.2")  
[4.091s] -- Found FastRTPS: /opt/ros/humble/include  
[4.384s] -- Using RMW implementation 'rmw_fastrtps_cpp' as default
[4.443s] -- Looking for pthread.h
[4.779s] -- Looking for pthread.h - found
[4.781s] -- Performing Test CMAKE_HAVE_LIBC_PTHREAD
[5.131s] -- Performing Test CMAKE_HAVE_LIBC_PTHREAD - Success
[5.135s] -- Found Threads: TRUE  
[5.798s] -- Found geometry_msgs: 4.2.3 (/opt/ros/humble/share/geometry_msgs/cmake)
[5.987s] -- Found rosidl_default_generators: 1.2.0 (/opt/ros/humble/share/rosidl_default_generators/cmake)
[6.059s] -- Found ament_lint_auto: 0.12.7 (/opt/ros/humble/share/ament_lint_auto/cmake)
[6.445s] -- Added test 'cppcheck' to perform static code analysis on C / C++ code
[6.446s] -- Configured cppcheck include dirs: 
[6.448s] -- Configured cppcheck exclude dirs and/or files: 
[6.449s] -- Added test 'lint_cmake' to check CMake code style
[6.456s] -- Added test 'uncrustify' to check C / C++ code style
[6.457s] -- Configured uncrustify additional arguments: 
[6.459s] -- Added test 'xmllint' to check XML markup files
[6.466s] -- Configuring done
[6.532s] -- Generating done
[6.540s] -- Build files have been written to: /home/cmdr/ROS_DEV/NI-to-ROS-2/build/cpp_master_node
[6.577s] Invoked command in '/home/cmdr/ROS_DEV/NI-to-ROS-2/build/cpp_master_node' returned '0': CMAKE_PREFIX_PATH=/opt/ros/humble /usr/bin/cmake /home/cmdr/ROS_DEV/NI-to-ROS-2/src/cpp_master_node -DCMAKE_INSTALL_PREFIX=/home/cmdr/ROS_DEV/NI-to-ROS-2/install/cpp_master_node
[6.586s] Invoking command in '/home/cmdr/ROS_DEV/NI-to-ROS-2/build/cpp_master_node': CMAKE_PREFIX_PATH=/opt/ros/humble /usr/bin/cmake --build /home/cmdr/ROS_DEV/NI-to-ROS-2/build/cpp_master_node -- -j4 -l4
[6.812s] [ 50%] [32mBuilding CXX object CMakeFiles/master_node.dir/src/master_node.cpp.o[0m
[16.614s] [01m[K/home/cmdr/ROS_DEV/NI-to-ROS-2/src/cpp_master_node/src/master_node.cpp:18:31:[m[K [01;31m[Kerror: [m[K‘[01m[Kstd_msgs[m[K’ does not name a type
[16.615s]    18 |     void topic_callback(const [01;31m[Kstd_msgs[m[K::msg::String & msg) const
[16.615s]       |                               [01;31m[K^~~~~~~~[m[K
[16.616s] [01m[K/home/cmdr/ROS_DEV/NI-to-ROS-2/src/cpp_master_node/src/master_node.cpp:18:44:[m[K [01;31m[Kerror: [m[Kexpected unqualified-id before ‘[01m[K::[m[K’ token
[16.616s]    18 |     void topic_callback(const std_msgs::msg[01;31m[K::[m[KString & msg) const
[16.617s]       |                                            [01;31m[K^~[m[K
[16.617s] [01m[K/home/cmdr/ROS_DEV/NI-to-ROS-2/src/cpp_master_node/src/master_node.cpp:18:44:[m[K [01;31m[Kerror: [m[Kexpected ‘[01m[K)[m[K’ before ‘[01m[K::[m[K’ token
[16.618s]    18 |     void topic_callback[34m[K([m[Kconst std_msgs::msg[01;31m[K:[m[K[32m[K:[m[KString & msg) const
[16.618s]       |                        [34m[K~[m[K                   [01;31m[K^[m[K[32m[K~[m[K
[16.619s]       |                                            [32m[K)[m[K
[16.620s] [01m[K/home/cmdr/ROS_DEV/NI-to-ROS-2/src/cpp_master_node/src/master_node.cpp:18:41:[m[K [01;31m[Kerror: [m[Kexpected ‘[01m[K;[m[K’ at end of member declaration
[16.620s]    18 |     void topic_callback(const std_msgs::[01;31m[Kmsg[m[K::String & msg) const
[16.621s]       |                                         [01;31m[K^~~[m[K
[16.622s]       |                                            [32m[K;[m[K
[16.625s] [01m[K/home/cmdr/ROS_DEV/NI-to-ROS-2/src/cpp_master_node/src/master_node.cpp:18:46:[m[K [01;31m[Kerror: [m[K‘[01m[KString[m[K’ in namespace ‘[01m[K::[m[K’ does not name a type
[16.625s]    18 |     void topic_callback(const std_msgs::msg::[01;31m[KString[m[K & msg) const
[16.626s]       |                                              [01;31m[K^~~~~~[m[K
[16.648s] [01m[K/home/cmdr/ROS_DEV/NI-to-ROS-2/src/cpp_master_node/src/master_node.cpp:22:26:[m[K [01;31m[Kerror: [m[K‘[01m[Kstd_msgs[m[K’ was not declared in this scope
[16.648s]    22 |     rclcpp::Subscription<[01;31m[Kstd_msgs[m[K::msg::String>::SharedPtr subscription_;
[16.649s]       |                          [01;31m[K^~~~~~~~[m[K
[16.649s] [01m[K/home/cmdr/ROS_DEV/NI-to-ROS-2/src/cpp_master_node/src/master_node.cpp:22:47:[m[K [01;31m[Kerror: [m[Ktemplate argument 1 is invalid
[16.650s]    22 |     rclcpp::Subscription<std_msgs::msg::String[01;31m[K>[m[K::SharedPtr subscription_;
[16.650s]       |                                               [01;31m[K^[m[K
[16.650s] [01m[K/home/cmdr/ROS_DEV/NI-to-ROS-2/src/cpp_master_node/src/master_node.cpp:22:47:[m[K [01;31m[Kerror: [m[Ktemplate argument 3 is invalid
[16.651s] [01m[K/home/cmdr/ROS_DEV/NI-to-ROS-2/src/cpp_master_node/src/master_node.cpp:22:47:[m[K [01;31m[Kerror: [m[Ktemplate argument 4 is invalid
[16.651s] [01m[K/home/cmdr/ROS_DEV/NI-to-ROS-2/src/cpp_master_node/src/master_node.cpp:22:47:[m[K [01;31m[Kerror: [m[Ktemplate argument 5 is invalid
[16.652s] [01m[K/home/cmdr/ROS_DEV/NI-to-ROS-2/src/cpp_master_node/src/master_node.cpp:22:50:[m[K [01;31m[Kerror: [m[Kexpected ‘[01m[K;[m[K’ at end of member declaration
[16.652s]    22 |     rclcpp::Subscription<std_msgs::msg::String>::[01;31m[KSharedPtr[m[K subscription_;
[16.654s]       |                                                  [01;31m[K^~~~~~~~~[m[K
[16.655s]       |                                                           [32m[K;[m[K
[16.655s] [01m[K/home/cmdr/ROS_DEV/NI-to-ROS-2/src/cpp_master_node/src/master_node.cpp:22:60:[m[K [01;31m[Kerror: [m[K‘[01m[Ksubscription_[m[K’ does not name a type; did you mean ‘[01m[Krmw_subscription_t[m[K’?
[16.656s]    22 |     rclcpp::Subscription<std_msgs::msg::String>::SharedPtr [01;31m[Ksubscription_[m[K;
[16.657s]       |                                                            [01;31m[K^~~~~~~~~~~~~[m[K
[16.657s]       |                                                            [32m[Krmw_subscription_t[m[K
[16.682s] [01m[K/home/cmdr/ROS_DEV/NI-to-ROS-2/src/cpp_master_node/src/master_node.cpp:[m[K In constructor ‘[01m[KMasterSubscriber::MasterSubscriber()[m[K’:
[16.682s] [01m[K/home/cmdr/ROS_DEV/NI-to-ROS-2/src/cpp_master_node/src/master_node.cpp:13:7:[m[K [01;31m[Kerror: [m[K‘[01m[Ksubscription_[m[K’ was not declared in this scope; did you mean ‘[01m[Krmw_subscription_t[m[K’?
[16.683s]    13 |       [01;31m[Ksubscription_[m[K = this->create_subscription<geometry_msgs::msg::Vector3>(
[16.683s]       |       [01;31m[K^~~~~~~~~~~~~[m[K
[16.684s]       |       [32m[Krmw_subscription_t[m[K
[18.386s] In file included from [01m[K/opt/ros/humble/include/rclcpp/rclcpp/client.hpp:39[m[K,
[18.387s]                  from [01m[K/opt/ros/humble/include/rclcpp/rclcpp/callback_group.hpp:24[m[K,
[18.387s]                  from [01m[K/opt/ros/humble/include/rclcpp/rclcpp/any_executable.hpp:20[m[K,
[18.388s]                  from [01m[K/opt/ros/humble/include/rclcpp/rclcpp/memory_strategy.hpp:25[m[K,
[18.389s]                  from [01m[K/opt/ros/humble/include/rclcpp/rclcpp/memory_strategies.hpp:18[m[K,
[18.389s]                  from [01m[K/opt/ros/humble/include/rclcpp/rclcpp/executor_options.hpp:20[m[K,
[18.389s]                  from [01m[K/opt/ros/humble/include/rclcpp/rclcpp/executor.hpp:37[m[K,
[18.390s]                  from [01m[K/opt/ros/humble/include/rclcpp/rclcpp/executors/multi_threaded_executor.hpp:25[m[K,
[18.390s]                  from [01m[K/opt/ros/humble/include/rclcpp/rclcpp/executors.hpp:21[m[K,
[18.391s]                  from [01m[K/opt/ros/humble/include/rclcpp/rclcpp/rclcpp.hpp:155[m[K,
[18.391s]                  from [01m[K/home/cmdr/ROS_DEV/NI-to-ROS-2/src/cpp_master_node/src/master_node.cpp:3[m[K:
[18.392s] /opt/ros/humble/include/rclcpp/rclcpp/function_traits.hpp: In instantiation of ‘[01m[Kstruct rclcpp::function_traits::function_traits<std::_Bind<void (MasterSubscriber::*(MasterSubscriber*, std::_Placeholder<1>))(...)> >[m[K’:
[18.393s] [01m[K/opt/ros/humble/include/rclcpp/rclcpp/any_subscription_callback.hpp:380:10:[m[K   recursively required by substitution of ‘[01m[Ktemplate<class MessageT, class CallbackT> struct rclcpp::detail::SubscriptionCallbackTypeHelper<MessageT, CallbackT, typename std::enable_if<rclcpp::function_traits::same_arguments<CallbackT, std::function<void(std::shared_ptr<_Tp>, const rclcpp::MessageInfo&)> >::value, void>::type> [with MessageT = geometry_msgs::msg::Vector3_<std::allocator<void> >; CallbackT = std::_Bind<void (MasterSubscriber::*(MasterSubscriber*, std::_Placeholder<1>))(...)>][m[K’
[18.394s] [01m[K/opt/ros/humble/include/rclcpp/rclcpp/any_subscription_callback.hpp:380:10:[m[K   required from ‘[01m[Krclcpp::AnySubscriptionCallback<MessageT, AllocatorT> rclcpp::AnySubscriptionCallback<MessageT, AllocatorT>::set(CallbackT) [with CallbackT = std::_Bind<void (MasterSubscriber::*(MasterSubscriber*, std::_Placeholder<1>))(...)>; MessageT = geometry_msgs::msg::Vector3_<std::allocator<void> >; AllocatorT = std::allocator<void>][m[K’
[18.394s] [01m[K/opt/ros/humble/include/rclcpp/rclcpp/subscription_factory.hpp:94:32:[m[K   required from ‘[01m[Krclcpp::SubscriptionFactory rclcpp::create_subscription_factory(CallbackT&&, const rclcpp::SubscriptionOptionsWithAllocator<AllocatorT>&, typename MessageMemoryStrategyT::SharedPtr, std::shared_ptr<rclcpp::topic_statistics::SubscriptionTopicStatistics<ROSMessageType> >) [with MessageT = geometry_msgs::msg::Vector3_<std::allocator<void> >; CallbackT = std::_Bind<void (MasterSubscriber::*(MasterSubscriber*, std::_Placeholder<1>))(...)>; AllocatorT = std::allocator<void>; SubscriptionT = rclcpp::Subscription<geometry_msgs::msg::Vector3_<std::allocator<void> >, std::allocator<void>, geometry_msgs::msg::Vector3_<std::allocator<void> >, geometry_msgs::msg::Vector3_<std::allocator<void> >, rclcpp::message_memory_strategy::MessageMemoryStrategy<geometry_msgs::msg::Vector3_<std::allocator<void> >, std::allocator<void> > >; MessageMemoryStrategyT = rclcpp::message_memory_strategy::MessageMemoryStrategy<geometry_msgs::msg::Vector3_<std::allocator<void> >, std::allocator<void> >; ROSMessageType = geometry_msgs::msg::Vector3_<std::allocator<void> >; typename MessageMemoryStrategyT::SharedPtr = std::shared_ptr<rclcpp::message_memory_strategy::MessageMemoryStrategy<geometry_msgs::msg::Vector3_<std::allocator<void> >, std::allocator<void> > >][m[K’
[18.395s] [01m[K/opt/ros/humble/include/rclcpp/rclcpp/create_subscription.hpp:122:63:[m[K   required from ‘[01m[Kstd::shared_ptr<ROSMessageT> rclcpp::detail::create_subscription(NodeParametersT&, NodeTopicsT&, const string&, const rclcpp::QoS&, CallbackT&&, const rclcpp::SubscriptionOptionsWithAllocator<AllocatorT>&, typename MessageMemoryStrategyT::SharedPtr) [with MessageT = geometry_msgs::msg::Vector3_<std::allocator<void> >; CallbackT = std::_Bind<void (MasterSubscriber::*(MasterSubscriber*, std::_Placeholder<1>))(...)>; AllocatorT = std::allocator<void>; SubscriptionT = rclcpp::Subscription<geometry_msgs::msg::Vector3_<std::allocator<void> >, std::allocator<void>, geometry_msgs::msg::Vector3_<std::allocator<void> >, geometry_msgs::msg::Vector3_<std::allocator<void> >, rclcpp::message_memory_strategy::MessageMemoryStrategy<geometry_msgs::msg::Vector3_<std::allocator<void> >, std::allocator<void> > >; MessageMemoryStrategyT = rclcpp::message_memory_strategy::MessageMemoryStrategy<geometry_msgs::msg::Vector3_<std::allocator<void> >, std::allocator<void> >; NodeParametersT = rclcpp::Node; NodeTopicsT = rclcpp::Node; ROSMessageType = geometry_msgs::msg::Vector3_<std::allocator<void> >; std::string = std::__cxx11::basic_string<char>; typename MessageMemoryStrategyT::SharedPtr = std::shared_ptr<rclcpp::message_memory_strategy::MessageMemoryStrategy<geometry_msgs::msg::Vector3_<std::allocator<void> >, std::allocator<void> > >][m[K’
[18.395s] [01m[K/opt/ros/humble/include/rclcpp/rclcpp/create_subscription.hpp:191:76:[m[K   required from ‘[01m[Kstd::shared_ptr<ROSMessageT> rclcpp::create_subscription(NodeT&, const string&, const rclcpp::QoS&, CallbackT&&, const rclcpp::SubscriptionOptionsWithAllocator<AllocatorT>&, typename MessageMemoryStrategyT::SharedPtr) [with MessageT = geometry_msgs::msg::Vector3_<std::allocator<void> >; CallbackT = std::_Bind<void (MasterSubscriber::*(MasterSubscriber*, std::_Placeholder<1>))(...)>; AllocatorT = std::allocator<void>; SubscriptionT = rclcpp::Subscription<geometry_msgs::msg::Vector3_<std::allocator<void> >, std::allocator<void>, geometry_msgs::msg::Vector3_<std::allocator<void> >, geometry_msgs::msg::Vector3_<std::allocator<void> >, rclcpp::message_memory_strategy::MessageMemoryStrategy<geometry_msgs::msg::Vector3_<std::allocator<void> >, std::allocator<void> > >; MessageMemoryStrategyT = rclcpp::message_memory_strategy::MessageMemoryStrategy<geometry_msgs::msg::Vector3_<std::allocator<void> >, std::allocator<void> >; NodeT = rclcpp::Node; std::string = std::__cxx11::basic_string<char>; typename MessageMemoryStrategyT::SharedPtr = std::shared_ptr<rclcpp::message_memory_strategy::MessageMemoryStrategy<geometry_msgs::msg::Vector3_<std::allocator<void> >, std::allocator<void> > >][m[K’
[18.396s] [01m[K/opt/ros/humble/include/rclcpp/rclcpp/node_impl.hpp:99:47:[m[K   required from ‘[01m[Kstd::shared_ptr<ROSMessageT> rclcpp::Node::create_subscription(const string&, const rclcpp::QoS&, CallbackT&&, const rclcpp::SubscriptionOptionsWithAllocator<AllocatorT>&, typename MessageMemoryStrategyT::SharedPtr) [with MessageT = geometry_msgs::msg::Vector3_<std::allocator<void> >; CallbackT = std::_Bind<void (MasterSubscriber::*(MasterSubscriber*, std::_Placeholder<1>))(...)>; AllocatorT = std::allocator<void>; SubscriptionT = rclcpp::Subscription<geometry_msgs::msg::Vector3_<std::allocator<void> >, std::allocator<void>, geometry_msgs::msg::Vector3_<std::allocator<void> >, geometry_msgs::msg::Vector3_<std::allocator<void> >, rclcpp::message_memory_strategy::MessageMemoryStrategy<geometry_msgs::msg::Vector3_<std::allocator<void> >, std::allocator<void> > >; MessageMemoryStrategyT = rclcpp::message_memory_strategy::MessageMemoryStrategy<geometry_msgs::msg::Vector3_<std::allocator<void> >, std::allocator<void> >; std::string = std::__cxx11::basic_string<char>; typename MessageMemoryStrategyT::SharedPtr = std::shared_ptr<rclcpp::message_memory_strategy::MessageMemoryStrategy<geometry_msgs::msg::Vector3_<std::allocator<void> >, std::allocator<void> > >][m[K’
[18.396s] [01m[K/home/cmdr/ROS_DEV/NI-to-ROS-2/src/cpp_master_node/src/master_node.cpp:13:77:[m[K   required from here
[18.397s] [01m[K/opt/ros/humble/include/rclcpp/rclcpp/function_traits.hpp:51:9:[m[K [01;31m[Kerror: [m[K‘[01m[Kdecltype[m[K’ cannot resolve address of overloaded function
[18.397s]    51 |   using [01;31m[Karguments[m[K = typename tuple_tail<
[18.398s]       |         [01;31m[K^~~~~~~~~[m[K
[18.398s] [01m[K/opt/ros/humble/include/rclcpp/rclcpp/function_traits.hpp:57:9:[m[K [01;31m[Kerror: [m[K‘[01m[Kdecltype[m[K’ cannot resolve address of overloaded function
[18.399s]    57 |   using [01;31m[Kargument_type[m[K = typename std::tuple_element<N, arguments>::type;
[18.399s]       |         [01;31m[K^~~~~~~~~~~~~[m[K
[18.400s] [01m[K/opt/ros/humble/include/rclcpp/rclcpp/function_traits.hpp:59:9:[m[K [01;31m[Kerror: [m[K‘[01m[Kdecltype[m[K’ cannot resolve address of overloaded function
[18.400s]    59 |   using [01;31m[Kreturn_type[m[K = typename function_traits<decltype( &FunctionT::operator())>::return_type;
[18.401s]       |         [01;31m[K^~~~~~~~~~~[m[K
[24.657s] gmake[2]: *** [CMakeFiles/master_node.dir/build.make:76: CMakeFiles/master_node.dir/src/master_node.cpp.o] Error 1
[24.657s] gmake[1]: *** [CMakeFiles/Makefile2:137: CMakeFiles/master_node.dir/all] Error 2
[24.658s] gmake: *** [Makefile:146: all] Error 2
[24.664s] Invoked command in '/home/cmdr/ROS_DEV/NI-to-ROS-2/build/cpp_master_node' returned '2': CMAKE_PREFIX_PATH=/opt/ros/humble /usr/bin/cmake --build /home/cmdr/ROS_DEV/NI-to-ROS-2/build/cpp_master_node -- -j4 -l4
