[0.191s] DEBUG:colcon:Command line arguments: ['/usr/bin/colcon', 'build']
[0.192s] DEBUG:colcon:Parsed command line arguments: Namespace(log_base=None, log_level=None, verb_name='build', build_base='build', install_base='install', merge_install=False, symlink_install=False, test_result_base=None, continue_on_error=False, executor='parallel', parallel_workers=20, event_handlers=None, ignore_user_meta=False, metas=['./colcon.meta'], base_paths=['.'], packages_ignore=None, packages_ignore_regex=None, paths=None, packages_up_to=None, packages_up_to_regex=None, packages_above=None, packages_above_and_dependencies=None, packages_above_depth=None, packages_select_by_dep=None, packages_skip_by_dep=None, packages_skip_up_to=None, packages_select_build_failed=False, packages_skip_build_finished=False, packages_select_test_failures=False, packages_skip_test_passed=False, packages_select=None, packages_skip=None, packages_select_regex=None, packages_skip_regex=None, packages_start=None, packages_end=None, allow_overriding=[], cmake_args=None, cmake_target=None, cmake_target_skip_unavailable=False, cmake_clean_cache=False, cmake_clean_first=False, cmake_force_configure=False, ament_cmake_args=None, catkin_cmake_args=None, catkin_skip_building_tests=False, verb_parser=<colcon_defaults.argument_parser.defaults.DefaultArgumentsDecorator object at 0x7fbc2d8f40a0>, verb_extension=<colcon_core.verb.build.BuildVerb object at 0x7fbc2e0fe9b0>, main=<bound method BuildVerb.main of <colcon_core.verb.build.BuildVerb object at 0x7fbc2e0fe9b0>>)
[0.210s] Level 1:colcon.colcon_core.package_discovery:discover_packages(colcon_meta) check parameters
[0.210s] Level 1:colcon.colcon_core.package_discovery:discover_packages(recursive) check parameters
[0.210s] Level 1:colcon.colcon_core.package_discovery:discover_packages(ignore) check parameters
[0.210s] Level 1:colcon.colcon_core.package_discovery:discover_packages(path) check parameters
[0.210s] Level 1:colcon.colcon_core.package_discovery:discover_packages(colcon_meta) discover
[0.210s] Level 1:colcon.colcon_core.package_discovery:discover_packages(recursive) discover
[0.210s] INFO:colcon.colcon_core.package_discovery:Crawling recursively for packages in '/home/joshua/_dev/ROS_DEV/NI-to-ROS-2'
[0.210s] Level 1:colcon.colcon_core.package_identification:_identify(.) by extensions ['ignore', 'ignore_ament_install']
[0.210s] Level 1:colcon.colcon_core.package_identification:_identify(.) by extension 'ignore'
[0.210s] Level 1:colcon.colcon_core.package_identification:_identify(.) by extension 'ignore_ament_install'
[0.210s] Level 1:colcon.colcon_core.package_identification:_identify(.) by extensions ['colcon_pkg']
[0.210s] Level 1:colcon.colcon_core.package_identification:_identify(.) by extension 'colcon_pkg'
[0.210s] Level 1:colcon.colcon_core.package_identification:_identify(.) by extensions ['colcon_meta']
[0.210s] Level 1:colcon.colcon_core.package_identification:_identify(.) by extension 'colcon_meta'
[0.210s] Level 1:colcon.colcon_core.package_identification:_identify(.) by extensions ['ros']
[0.210s] Level 1:colcon.colcon_core.package_identification:_identify(.) by extension 'ros'
[0.219s] Level 1:colcon.colcon_core.package_identification:_identify(.) by extensions ['cmake', 'python']
[0.219s] Level 1:colcon.colcon_core.package_identification:_identify(.) by extension 'cmake'
[0.219s] Level 1:colcon.colcon_core.package_identification:_identify(.) by extension 'python'
[0.219s] Level 1:colcon.colcon_core.package_identification:_identify(.) by extensions ['python_setup_py']
[0.219s] Level 1:colcon.colcon_core.package_identification:_identify(.) by extension 'python_setup_py'
[0.219s] Level 1:colcon.colcon_core.package_identification:_identify(build) by extensions ['ignore', 'ignore_ament_install']
[0.220s] Level 1:colcon.colcon_core.package_identification:_identify(build) by extension 'ignore'
[0.220s] Level 1:colcon.colcon_core.package_identification:_identify(build) ignored
[0.220s] Level 1:colcon.colcon_core.package_identification:_identify(install) by extensions ['ignore', 'ignore_ament_install']
[0.220s] Level 1:colcon.colcon_core.package_identification:_identify(install) by extension 'ignore'
[0.220s] Level 1:colcon.colcon_core.package_identification:_identify(install) ignored
[0.220s] Level 1:colcon.colcon_core.package_identification:_identify(log) by extensions ['ignore', 'ignore_ament_install']
[0.220s] Level 1:colcon.colcon_core.package_identification:_identify(log) by extension 'ignore'
[0.220s] Level 1:colcon.colcon_core.package_identification:_identify(log) ignored
[0.220s] Level 1:colcon.colcon_core.package_identification:_identify(src) by extensions ['ignore', 'ignore_ament_install']
[0.220s] Level 1:colcon.colcon_core.package_identification:_identify(src) by extension 'ignore'
[0.220s] Level 1:colcon.colcon_core.package_identification:_identify(src) by extension 'ignore_ament_install'
[0.220s] Level 1:colcon.colcon_core.package_identification:_identify(src) by extensions ['colcon_pkg']
[0.220s] Level 1:colcon.colcon_core.package_identification:_identify(src) by extension 'colcon_pkg'
[0.220s] Level 1:colcon.colcon_core.package_identification:_identify(src) by extensions ['colcon_meta']
[0.220s] Level 1:colcon.colcon_core.package_identification:_identify(src) by extension 'colcon_meta'
[0.220s] Level 1:colcon.colcon_core.package_identification:_identify(src) by extensions ['ros']
[0.220s] Level 1:colcon.colcon_core.package_identification:_identify(src) by extension 'ros'
[0.220s] Level 1:colcon.colcon_core.package_identification:_identify(src) by extensions ['cmake', 'python']
[0.220s] Level 1:colcon.colcon_core.package_identification:_identify(src) by extension 'cmake'
[0.220s] Level 1:colcon.colcon_core.package_identification:_identify(src) by extension 'python'
[0.220s] Level 1:colcon.colcon_core.package_identification:_identify(src) by extensions ['python_setup_py']
[0.220s] Level 1:colcon.colcon_core.package_identification:_identify(src) by extension 'python_setup_py'
[0.220s] Level 1:colcon.colcon_core.package_identification:_identify(src/cpp_master_node) by extensions ['ignore', 'ignore_ament_install']
[0.220s] Level 1:colcon.colcon_core.package_identification:_identify(src/cpp_master_node) by extension 'ignore'
[0.220s] Level 1:colcon.colcon_core.package_identification:_identify(src/cpp_master_node) by extension 'ignore_ament_install'
[0.220s] Level 1:colcon.colcon_core.package_identification:_identify(src/cpp_master_node) by extensions ['colcon_pkg']
[0.220s] Level 1:colcon.colcon_core.package_identification:_identify(src/cpp_master_node) by extension 'colcon_pkg'
[0.220s] Level 1:colcon.colcon_core.package_identification:_identify(src/cpp_master_node) by extensions ['colcon_meta']
[0.220s] Level 1:colcon.colcon_core.package_identification:_identify(src/cpp_master_node) by extension 'colcon_meta'
[0.220s] Level 1:colcon.colcon_core.package_identification:_identify(src/cpp_master_node) by extensions ['ros']
[0.220s] Level 1:colcon.colcon_core.package_identification:_identify(src/cpp_master_node) by extension 'ros'
[0.222s] DEBUG:colcon.colcon_core.package_identification:Package 'src/cpp_master_node' with type 'ros.ament_cmake' and name 'cpp_master_node'
[0.222s] Level 1:colcon.colcon_core.package_identification:_identify(src/py_RPi_IMU_Serial_Publisher) by extensions ['ignore', 'ignore_ament_install']
[0.222s] Level 1:colcon.colcon_core.package_identification:_identify(src/py_RPi_IMU_Serial_Publisher) by extension 'ignore'
[0.222s] Level 1:colcon.colcon_core.package_identification:_identify(src/py_RPi_IMU_Serial_Publisher) by extension 'ignore_ament_install'
[0.222s] Level 1:colcon.colcon_core.package_identification:_identify(src/py_RPi_IMU_Serial_Publisher) by extensions ['colcon_pkg']
[0.222s] Level 1:colcon.colcon_core.package_identification:_identify(src/py_RPi_IMU_Serial_Publisher) by extension 'colcon_pkg'
[0.222s] Level 1:colcon.colcon_core.package_identification:_identify(src/py_RPi_IMU_Serial_Publisher) by extensions ['colcon_meta']
[0.222s] Level 1:colcon.colcon_core.package_identification:_identify(src/py_RPi_IMU_Serial_Publisher) by extension 'colcon_meta'
[0.222s] Level 1:colcon.colcon_core.package_identification:_identify(src/py_RPi_IMU_Serial_Publisher) by extensions ['ros']
[0.222s] Level 1:colcon.colcon_core.package_identification:_identify(src/py_RPi_IMU_Serial_Publisher) by extension 'ros'
[0.223s] DEBUG:colcon.colcon_core.package_identification:Package 'src/py_RPi_IMU_Serial_Publisher' with type 'ros.ament_python' and name 'py_RPi_IMU_Serial_Publisher'
[0.223s] Level 1:colcon.colcon_core.package_discovery:discover_packages(recursive) using defaults
[0.223s] Level 1:colcon.colcon_core.package_discovery:discover_packages(ignore) discover
[0.223s] Level 1:colcon.colcon_core.package_discovery:discover_packages(ignore) using defaults
[0.223s] Level 1:colcon.colcon_core.package_discovery:discover_packages(path) discover
[0.223s] Level 1:colcon.colcon_core.package_discovery:discover_packages(path) using defaults
[0.241s] Level 1:colcon.colcon_core.package_discovery:discover_packages(prefix_path) check parameters
[0.241s] Level 1:colcon.colcon_core.package_discovery:discover_packages(prefix_path) discover
[0.244s] DEBUG:colcon.colcon_installed_package_information.package_discovery:Found 270 installed packages in /opt/ros/humble
[0.245s] Level 1:colcon.colcon_core.package_discovery:discover_packages(prefix_path) using defaults
[0.290s] Level 5:colcon.colcon_core.verb:set package 'cpp_master_node' build argument 'cmake_args' from command line to 'None'
[0.290s] Level 5:colcon.colcon_core.verb:set package 'cpp_master_node' build argument 'cmake_target' from command line to 'None'
[0.290s] Level 5:colcon.colcon_core.verb:set package 'cpp_master_node' build argument 'cmake_target_skip_unavailable' from command line to 'False'
[0.290s] Level 5:colcon.colcon_core.verb:set package 'cpp_master_node' build argument 'cmake_clean_cache' from command line to 'False'
[0.290s] Level 5:colcon.colcon_core.verb:set package 'cpp_master_node' build argument 'cmake_clean_first' from command line to 'False'
[0.290s] Level 5:colcon.colcon_core.verb:set package 'cpp_master_node' build argument 'cmake_force_configure' from command line to 'False'
[0.290s] Level 5:colcon.colcon_core.verb:set package 'cpp_master_node' build argument 'ament_cmake_args' from command line to 'None'
[0.290s] Level 5:colcon.colcon_core.verb:set package 'cpp_master_node' build argument 'catkin_cmake_args' from command line to 'None'
[0.290s] Level 5:colcon.colcon_core.verb:set package 'cpp_master_node' build argument 'catkin_skip_building_tests' from command line to 'False'
[0.290s] DEBUG:colcon.colcon_core.verb:Building package 'cpp_master_node' with the following arguments: {'ament_cmake_args': None, 'build_base': '/home/joshua/_dev/ROS_DEV/NI-to-ROS-2/build/cpp_master_node', 'catkin_cmake_args': None, 'catkin_skip_building_tests': False, 'cmake_args': None, 'cmake_clean_cache': False, 'cmake_clean_first': False, 'cmake_force_configure': False, 'cmake_target': None, 'cmake_target_skip_unavailable': False, 'install_base': '/home/joshua/_dev/ROS_DEV/NI-to-ROS-2/install/cpp_master_node', 'merge_install': False, 'path': '/home/joshua/_dev/ROS_DEV/NI-to-ROS-2/src/cpp_master_node', 'symlink_install': False, 'test_result_base': None}
[0.290s] Level 5:colcon.colcon_core.verb:set package 'py_RPi_IMU_Serial_Publisher' build argument 'cmake_args' from command line to 'None'
[0.290s] Level 5:colcon.colcon_core.verb:set package 'py_RPi_IMU_Serial_Publisher' build argument 'cmake_target' from command line to 'None'
[0.290s] Level 5:colcon.colcon_core.verb:set package 'py_RPi_IMU_Serial_Publisher' build argument 'cmake_target_skip_unavailable' from command line to 'False'
[0.290s] Level 5:colcon.colcon_core.verb:set package 'py_RPi_IMU_Serial_Publisher' build argument 'cmake_clean_cache' from command line to 'False'
[0.290s] Level 5:colcon.colcon_core.verb:set package 'py_RPi_IMU_Serial_Publisher' build argument 'cmake_clean_first' from command line to 'False'
[0.291s] Level 5:colcon.colcon_core.verb:set package 'py_RPi_IMU_Serial_Publisher' build argument 'cmake_force_configure' from command line to 'False'
[0.291s] Level 5:colcon.colcon_core.verb:set package 'py_RPi_IMU_Serial_Publisher' build argument 'ament_cmake_args' from command line to 'None'
[0.291s] Level 5:colcon.colcon_core.verb:set package 'py_RPi_IMU_Serial_Publisher' build argument 'catkin_cmake_args' from command line to 'None'
[0.291s] Level 5:colcon.colcon_core.verb:set package 'py_RPi_IMU_Serial_Publisher' build argument 'catkin_skip_building_tests' from command line to 'False'
[0.291s] DEBUG:colcon.colcon_core.verb:Building package 'py_RPi_IMU_Serial_Publisher' with the following arguments: {'ament_cmake_args': None, 'build_base': '/home/joshua/_dev/ROS_DEV/NI-to-ROS-2/build/py_RPi_IMU_Serial_Publisher', 'catkin_cmake_args': None, 'catkin_skip_building_tests': False, 'cmake_args': None, 'cmake_clean_cache': False, 'cmake_clean_first': False, 'cmake_force_configure': False, 'cmake_target': None, 'cmake_target_skip_unavailable': False, 'install_base': '/home/joshua/_dev/ROS_DEV/NI-to-ROS-2/install/py_RPi_IMU_Serial_Publisher', 'merge_install': False, 'path': '/home/joshua/_dev/ROS_DEV/NI-to-ROS-2/src/py_RPi_IMU_Serial_Publisher', 'symlink_install': False, 'test_result_base': None}
[0.291s] INFO:colcon.colcon_core.executor:Executing jobs using 'parallel' executor
[0.293s] DEBUG:colcon.colcon_parallel_executor.executor.parallel:run_until_complete
[0.293s] INFO:colcon.colcon_ros.task.ament_cmake.build:Building ROS package in '/home/joshua/_dev/ROS_DEV/NI-to-ROS-2/src/cpp_master_node' with build type 'ament_cmake'
[0.293s] INFO:colcon.colcon_cmake.task.cmake.build:Building CMake package in '/home/joshua/_dev/ROS_DEV/NI-to-ROS-2/src/cpp_master_node'
[0.296s] INFO:colcon.colcon_core.plugin_system:Skipping extension 'colcon_core.shell.bat': Not used on non-Windows systems
[0.296s] INFO:colcon.colcon_core.shell:Skip shell extension 'powershell' for command environment: Not usable outside of PowerShell
[0.296s] DEBUG:colcon.colcon_core.shell:Skip shell extension 'dsv' for command environment
[0.298s] INFO:colcon.colcon_ros.task.ament_python.build:Building ROS package in '/home/joshua/_dev/ROS_DEV/NI-to-ROS-2/src/py_RPi_IMU_Serial_Publisher' with build type 'ament_python'
[0.298s] Level 1:colcon.colcon_core.shell:create_environment_hook('py_RPi_IMU_Serial_Publisher', 'ament_prefix_path')
[0.299s] INFO:colcon.colcon_core.shell:Creating environment hook '/home/joshua/_dev/ROS_DEV/NI-to-ROS-2/install/py_RPi_IMU_Serial_Publisher/share/py_RPi_IMU_Serial_Publisher/hook/ament_prefix_path.ps1'
[0.300s] INFO:colcon.colcon_core.shell:Creating environment descriptor '/home/joshua/_dev/ROS_DEV/NI-to-ROS-2/install/py_RPi_IMU_Serial_Publisher/share/py_RPi_IMU_Serial_Publisher/hook/ament_prefix_path.dsv'
[0.300s] INFO:colcon.colcon_core.shell:Creating environment hook '/home/joshua/_dev/ROS_DEV/NI-to-ROS-2/install/py_RPi_IMU_Serial_Publisher/share/py_RPi_IMU_Serial_Publisher/hook/ament_prefix_path.sh'
[0.301s] INFO:colcon.colcon_core.shell:Skip shell extension 'powershell' for command environment: Not usable outside of PowerShell
[0.301s] DEBUG:colcon.colcon_core.shell:Skip shell extension 'dsv' for command environment
[0.307s] DEBUG:colcon.colcon_core.event_handler.log_command:Invoking command in '/home/joshua/_dev/ROS_DEV/NI-to-ROS-2/build/cpp_master_node': CMAKE_PREFIX_PATH=/opt/ros/humble /usr/bin/cmake --build /home/joshua/_dev/ROS_DEV/NI-to-ROS-2/build/cpp_master_node -- -j20 -l20
[0.482s] INFO:colcon.colcon_core.task.python.build:Building Python package in '/home/joshua/_dev/ROS_DEV/NI-to-ROS-2/src/py_RPi_IMU_Serial_Publisher'
[0.484s] INFO:colcon.colcon_core.shell:Skip shell extension 'powershell' for command environment: Not usable outside of PowerShell
[0.484s] DEBUG:colcon.colcon_core.shell:Skip shell extension 'dsv' for command environment
[0.740s] DEBUG:colcon.colcon_core.event_handler.log_command:Invoking command in '/home/joshua/_dev/ROS_DEV/NI-to-ROS-2/src/py_RPi_IMU_Serial_Publisher': PYTHONPATH=/home/joshua/_dev/ROS_DEV/NI-to-ROS-2/build/py_RPi_IMU_Serial_Publisher/prefix_override:/home/joshua/_dev/ROS_DEV/NI-to-ROS-2/install/py_RPi_IMU_Serial_Publisher/lib/python3.10/site-packages:${PYTHONPATH} /usr/bin/python3 setup.py egg_info --egg-base ../../build/py_RPi_IMU_Serial_Publisher build --build-base /home/joshua/_dev/ROS_DEV/NI-to-ROS-2/build/py_RPi_IMU_Serial_Publisher/build install --record /home/joshua/_dev/ROS_DEV/NI-to-ROS-2/build/py_RPi_IMU_Serial_Publisher/install.log --single-version-externally-managed
[0.957s] DEBUG:colcon.colcon_core.event_handler.log_command:Invoked command in '/home/joshua/_dev/ROS_DEV/NI-to-ROS-2/src/py_RPi_IMU_Serial_Publisher' returned '0': PYTHONPATH=/home/joshua/_dev/ROS_DEV/NI-to-ROS-2/build/py_RPi_IMU_Serial_Publisher/prefix_override:/home/joshua/_dev/ROS_DEV/NI-to-ROS-2/install/py_RPi_IMU_Serial_Publisher/lib/python3.10/site-packages:${PYTHONPATH} /usr/bin/python3 setup.py egg_info --egg-base ../../build/py_RPi_IMU_Serial_Publisher build --build-base /home/joshua/_dev/ROS_DEV/NI-to-ROS-2/build/py_RPi_IMU_Serial_Publisher/build install --record /home/joshua/_dev/ROS_DEV/NI-to-ROS-2/build/py_RPi_IMU_Serial_Publisher/install.log --single-version-externally-managed
[0.960s] Level 1:colcon.colcon_core.environment:checking '/home/joshua/_dev/ROS_DEV/NI-to-ROS-2/install/py_RPi_IMU_Serial_Publisher' for CMake module files
[0.960s] Level 1:colcon.colcon_core.environment:checking '/home/joshua/_dev/ROS_DEV/NI-to-ROS-2/install/py_RPi_IMU_Serial_Publisher' for CMake config files
[0.961s] Level 1:colcon.colcon_core.environment:checking '/home/joshua/_dev/ROS_DEV/NI-to-ROS-2/install/py_RPi_IMU_Serial_Publisher/lib'
[0.961s] Level 1:colcon.colcon_core.environment:checking '/home/joshua/_dev/ROS_DEV/NI-to-ROS-2/install/py_RPi_IMU_Serial_Publisher/bin'
[0.961s] Level 1:colcon.colcon_core.environment:checking '/home/joshua/_dev/ROS_DEV/NI-to-ROS-2/install/py_RPi_IMU_Serial_Publisher/lib/pkgconfig/py_RPi_IMU_Serial_Publisher.pc'
[0.961s] Level 1:colcon.colcon_core.environment:checking '/home/joshua/_dev/ROS_DEV/NI-to-ROS-2/install/py_RPi_IMU_Serial_Publisher/lib/python3.10/site-packages'
[0.961s] Level 1:colcon.colcon_core.shell:create_environment_hook('py_RPi_IMU_Serial_Publisher', 'pythonpath')
[0.962s] INFO:colcon.colcon_core.shell:Creating environment hook '/home/joshua/_dev/ROS_DEV/NI-to-ROS-2/install/py_RPi_IMU_Serial_Publisher/share/py_RPi_IMU_Serial_Publisher/hook/pythonpath.ps1'
[0.962s] INFO:colcon.colcon_core.shell:Creating environment descriptor '/home/joshua/_dev/ROS_DEV/NI-to-ROS-2/install/py_RPi_IMU_Serial_Publisher/share/py_RPi_IMU_Serial_Publisher/hook/pythonpath.dsv'
[0.962s] INFO:colcon.colcon_core.shell:Creating environment hook '/home/joshua/_dev/ROS_DEV/NI-to-ROS-2/install/py_RPi_IMU_Serial_Publisher/share/py_RPi_IMU_Serial_Publisher/hook/pythonpath.sh'
[0.962s] Level 1:colcon.colcon_core.environment:checking '/home/joshua/_dev/ROS_DEV/NI-to-ROS-2/install/py_RPi_IMU_Serial_Publisher/bin'
[0.963s] Level 1:colcon.colcon_core.environment:create_environment_scripts_only(py_RPi_IMU_Serial_Publisher)
[0.963s] INFO:colcon.colcon_core.shell:Creating package script '/home/joshua/_dev/ROS_DEV/NI-to-ROS-2/install/py_RPi_IMU_Serial_Publisher/share/py_RPi_IMU_Serial_Publisher/package.ps1'
[0.964s] INFO:colcon.colcon_core.shell:Creating package descriptor '/home/joshua/_dev/ROS_DEV/NI-to-ROS-2/install/py_RPi_IMU_Serial_Publisher/share/py_RPi_IMU_Serial_Publisher/package.dsv'
[0.964s] INFO:colcon.colcon_core.shell:Creating package script '/home/joshua/_dev/ROS_DEV/NI-to-ROS-2/install/py_RPi_IMU_Serial_Publisher/share/py_RPi_IMU_Serial_Publisher/package.sh'
[0.965s] INFO:colcon.colcon_core.shell:Creating package script '/home/joshua/_dev/ROS_DEV/NI-to-ROS-2/install/py_RPi_IMU_Serial_Publisher/share/py_RPi_IMU_Serial_Publisher/package.bash'
[0.965s] INFO:colcon.colcon_core.shell:Creating package script '/home/joshua/_dev/ROS_DEV/NI-to-ROS-2/install/py_RPi_IMU_Serial_Publisher/share/py_RPi_IMU_Serial_Publisher/package.zsh'
[0.965s] Level 1:colcon.colcon_core.environment:create_file_with_runtime_dependencies(/home/joshua/_dev/ROS_DEV/NI-to-ROS-2/install/py_RPi_IMU_Serial_Publisher/share/colcon-core/packages/py_RPi_IMU_Serial_Publisher)
[5.908s] DEBUG:colcon.colcon_core.event_handler.log_command:Invoked command in '/home/joshua/_dev/ROS_DEV/NI-to-ROS-2/build/cpp_master_node' returned '0': CMAKE_PREFIX_PATH=/opt/ros/humble /usr/bin/cmake --build /home/joshua/_dev/ROS_DEV/NI-to-ROS-2/build/cpp_master_node -- -j20 -l20
[5.929s] DEBUG:colcon.colcon_core.event_handler.log_command:Invoking command in '/home/joshua/_dev/ROS_DEV/NI-to-ROS-2/build/cpp_master_node': CMAKE_PREFIX_PATH=/opt/ros/humble /usr/bin/cmake --install /home/joshua/_dev/ROS_DEV/NI-to-ROS-2/build/cpp_master_node
[5.946s] Level 1:colcon.colcon_core.environment:create_environment_scripts_only(cpp_master_node)
[5.949s] Level 1:colcon.colcon_core.environment:checking '/home/joshua/_dev/ROS_DEV/NI-to-ROS-2/install/cpp_master_node' for CMake module files
[5.950s] DEBUG:colcon.colcon_core.event_handler.log_command:Invoked command in '/home/joshua/_dev/ROS_DEV/NI-to-ROS-2/build/cpp_master_node' returned '0': CMAKE_PREFIX_PATH=/opt/ros/humble /usr/bin/cmake --install /home/joshua/_dev/ROS_DEV/NI-to-ROS-2/build/cpp_master_node
[5.950s] Level 1:colcon.colcon_core.environment:checking '/home/joshua/_dev/ROS_DEV/NI-to-ROS-2/install/cpp_master_node' for CMake config files
[5.951s] Level 1:colcon.colcon_core.shell:create_environment_hook('cpp_master_node', 'cmake_prefix_path')
[5.952s] INFO:colcon.colcon_core.shell:Creating environment hook '/home/joshua/_dev/ROS_DEV/NI-to-ROS-2/install/cpp_master_node/share/cpp_master_node/hook/cmake_prefix_path.ps1'
[5.953s] INFO:colcon.colcon_core.shell:Creating environment descriptor '/home/joshua/_dev/ROS_DEV/NI-to-ROS-2/install/cpp_master_node/share/cpp_master_node/hook/cmake_prefix_path.dsv'
[5.953s] INFO:colcon.colcon_core.shell:Creating environment hook '/home/joshua/_dev/ROS_DEV/NI-to-ROS-2/install/cpp_master_node/share/cpp_master_node/hook/cmake_prefix_path.sh'
[5.953s] Level 1:colcon.colcon_core.environment:checking '/home/joshua/_dev/ROS_DEV/NI-to-ROS-2/install/cpp_master_node/lib'
[5.954s] Level 1:colcon.colcon_core.environment:checking '/home/joshua/_dev/ROS_DEV/NI-to-ROS-2/install/cpp_master_node/bin'
[5.954s] Level 1:colcon.colcon_core.environment:checking '/home/joshua/_dev/ROS_DEV/NI-to-ROS-2/install/cpp_master_node/lib/pkgconfig/cpp_master_node.pc'
[5.954s] Level 1:colcon.colcon_core.environment:checking '/home/joshua/_dev/ROS_DEV/NI-to-ROS-2/install/cpp_master_node/lib/python3.10/site-packages'
[5.954s] Level 1:colcon.colcon_core.environment:checking '/home/joshua/_dev/ROS_DEV/NI-to-ROS-2/install/cpp_master_node/bin'
[5.955s] INFO:colcon.colcon_core.shell:Creating package script '/home/joshua/_dev/ROS_DEV/NI-to-ROS-2/install/cpp_master_node/share/cpp_master_node/package.ps1'
[5.955s] INFO:colcon.colcon_core.shell:Creating package descriptor '/home/joshua/_dev/ROS_DEV/NI-to-ROS-2/install/cpp_master_node/share/cpp_master_node/package.dsv'
[5.955s] INFO:colcon.colcon_core.shell:Creating package script '/home/joshua/_dev/ROS_DEV/NI-to-ROS-2/install/cpp_master_node/share/cpp_master_node/package.sh'
[5.955s] INFO:colcon.colcon_core.shell:Creating package script '/home/joshua/_dev/ROS_DEV/NI-to-ROS-2/install/cpp_master_node/share/cpp_master_node/package.bash'
[5.956s] INFO:colcon.colcon_core.shell:Creating package script '/home/joshua/_dev/ROS_DEV/NI-to-ROS-2/install/cpp_master_node/share/cpp_master_node/package.zsh'
[5.956s] Level 1:colcon.colcon_core.environment:create_file_with_runtime_dependencies(/home/joshua/_dev/ROS_DEV/NI-to-ROS-2/install/cpp_master_node/share/colcon-core/packages/cpp_master_node)
[5.974s] Level 1:colcon.colcon_core.environment:create_environment_scripts_only(cpp_master_node)
[5.976s] Level 1:colcon.colcon_core.environment:checking '/home/joshua/_dev/ROS_DEV/NI-to-ROS-2/install/cpp_master_node' for CMake module files
[5.976s] Level 1:colcon.colcon_core.environment:checking '/home/joshua/_dev/ROS_DEV/NI-to-ROS-2/install/cpp_master_node' for CMake config files
[5.976s] Level 1:colcon.colcon_core.shell:create_environment_hook('cpp_master_node', 'cmake_prefix_path')
[5.977s] INFO:colcon.colcon_core.shell:Creating environment hook '/home/joshua/_dev/ROS_DEV/NI-to-ROS-2/install/cpp_master_node/share/cpp_master_node/hook/cmake_prefix_path.ps1'
[5.977s] INFO:colcon.colcon_core.shell:Creating environment descriptor '/home/joshua/_dev/ROS_DEV/NI-to-ROS-2/install/cpp_master_node/share/cpp_master_node/hook/cmake_prefix_path.dsv'
[5.977s] INFO:colcon.colcon_core.shell:Creating environment hook '/home/joshua/_dev/ROS_DEV/NI-to-ROS-2/install/cpp_master_node/share/cpp_master_node/hook/cmake_prefix_path.sh'
[5.978s] Level 1:colcon.colcon_core.environment:checking '/home/joshua/_dev/ROS_DEV/NI-to-ROS-2/install/cpp_master_node/lib'
[5.978s] Level 1:colcon.colcon_core.environment:checking '/home/joshua/_dev/ROS_DEV/NI-to-ROS-2/install/cpp_master_node/bin'
[5.978s] Level 1:colcon.colcon_core.environment:checking '/home/joshua/_dev/ROS_DEV/NI-to-ROS-2/install/cpp_master_node/lib/pkgconfig/cpp_master_node.pc'
[5.978s] Level 1:colcon.colcon_core.environment:checking '/home/joshua/_dev/ROS_DEV/NI-to-ROS-2/install/cpp_master_node/lib/python3.10/site-packages'
[5.978s] Level 1:colcon.colcon_core.environment:checking '/home/joshua/_dev/ROS_DEV/NI-to-ROS-2/install/cpp_master_node/bin'
[5.979s] INFO:colcon.colcon_core.shell:Creating package script '/home/joshua/_dev/ROS_DEV/NI-to-ROS-2/install/cpp_master_node/share/cpp_master_node/package.ps1'
[5.979s] INFO:colcon.colcon_core.shell:Creating package descriptor '/home/joshua/_dev/ROS_DEV/NI-to-ROS-2/install/cpp_master_node/share/cpp_master_node/package.dsv'
[5.980s] INFO:colcon.colcon_core.shell:Creating package script '/home/joshua/_dev/ROS_DEV/NI-to-ROS-2/install/cpp_master_node/share/cpp_master_node/package.sh'
[5.980s] INFO:colcon.colcon_core.shell:Creating package script '/home/joshua/_dev/ROS_DEV/NI-to-ROS-2/install/cpp_master_node/share/cpp_master_node/package.bash'
[5.980s] INFO:colcon.colcon_core.shell:Creating package script '/home/joshua/_dev/ROS_DEV/NI-to-ROS-2/install/cpp_master_node/share/cpp_master_node/package.zsh'
[5.980s] Level 1:colcon.colcon_core.environment:create_file_with_runtime_dependencies(/home/joshua/_dev/ROS_DEV/NI-to-ROS-2/install/cpp_master_node/share/colcon-core/packages/cpp_master_node)
[5.980s] DEBUG:colcon.colcon_parallel_executor.executor.parallel:closing loop
[5.981s] DEBUG:colcon.colcon_parallel_executor.executor.parallel:loop closed
[5.981s] DEBUG:colcon.colcon_parallel_executor.executor.parallel:run_until_complete finished with '0'
[5.981s] DEBUG:colcon.colcon_core.event_reactor:joining thread
[5.986s] INFO:colcon.colcon_core.plugin_system:Skipping extension 'colcon_notification.desktop_notification.terminal_notifier': Not used on non-Darwin systems
[5.986s] INFO:colcon.colcon_core.plugin_system:Skipping extension 'colcon_notification.desktop_notification.win32': Not used on non-Windows systems
[5.986s] INFO:colcon.colcon_notification.desktop_notification:Sending desktop notification using 'notify2'
[5.995s] DEBUG:colcon.colcon_core.event_reactor:joined thread
[5.996s] INFO:colcon.colcon_core.shell:Creating prefix script '/home/joshua/_dev/ROS_DEV/NI-to-ROS-2/install/local_setup.ps1'
[5.997s] INFO:colcon.colcon_core.shell:Creating prefix util module '/home/joshua/_dev/ROS_DEV/NI-to-ROS-2/install/_local_setup_util_ps1.py'
[5.998s] INFO:colcon.colcon_core.shell:Creating prefix chain script '/home/joshua/_dev/ROS_DEV/NI-to-ROS-2/install/setup.ps1'
[5.999s] INFO:colcon.colcon_core.shell:Creating prefix script '/home/joshua/_dev/ROS_DEV/NI-to-ROS-2/install/local_setup.sh'
[5.999s] INFO:colcon.colcon_core.shell:Creating prefix util module '/home/joshua/_dev/ROS_DEV/NI-to-ROS-2/install/_local_setup_util_sh.py'
[6.000s] INFO:colcon.colcon_core.shell:Creating prefix chain script '/home/joshua/_dev/ROS_DEV/NI-to-ROS-2/install/setup.sh'
[6.001s] INFO:colcon.colcon_core.shell:Creating prefix script '/home/joshua/_dev/ROS_DEV/NI-to-ROS-2/install/local_setup.bash'
[6.002s] INFO:colcon.colcon_core.shell:Creating prefix chain script '/home/joshua/_dev/ROS_DEV/NI-to-ROS-2/install/setup.bash'
[6.003s] INFO:colcon.colcon_core.shell:Creating prefix script '/home/joshua/_dev/ROS_DEV/NI-to-ROS-2/install/local_setup.zsh'
[6.003s] INFO:colcon.colcon_core.shell:Creating prefix chain script '/home/joshua/_dev/ROS_DEV/NI-to-ROS-2/install/setup.zsh'
