[0.208s] DEBUG:colcon:Command line arguments: ['/usr/bin/colcon', 'build']
[0.208s] DEBUG:colcon:Parsed command line arguments: Namespace(log_base=None, log_level=None, verb_name='build', build_base='build', install_base='install', merge_install=False, symlink_install=False, test_result_base=None, continue_on_error=False, executor='parallel', parallel_workers=8, event_handlers=None, ignore_user_meta=False, metas=['./colcon.meta'], base_paths=['.'], packages_ignore=None, packages_ignore_regex=None, paths=None, packages_up_to=None, packages_up_to_regex=None, packages_above=None, packages_above_and_dependencies=None, packages_above_depth=None, packages_select_by_dep=None, packages_skip_by_dep=None, packages_skip_up_to=None, packages_select_build_failed=False, packages_skip_build_finished=False, packages_select_test_failures=False, packages_skip_test_passed=False, packages_select=None, packages_skip=None, packages_select_regex=None, packages_skip_regex=None, packages_start=None, packages_end=None, allow_overriding=[], cmake_args=None, cmake_target=None, cmake_target_skip_unavailable=False, cmake_clean_cache=False, cmake_clean_first=False, cmake_force_configure=False, ament_cmake_args=None, catkin_cmake_args=None, catkin_skip_building_tests=False, verb_parser=<colcon_defaults.argument_parser.defaults.DefaultArgumentsDecorator object at 0x7f832b905750>, verb_extension=<colcon_core.verb.build.BuildVerb object at 0x7f832bb9d000>, main=<bound method BuildVerb.main of <colcon_core.verb.build.BuildVerb object at 0x7f832bb9d000>>)
[0.222s] Level 1:colcon.colcon_core.package_discovery:discover_packages(colcon_meta) check parameters
[0.222s] Level 1:colcon.colcon_core.package_discovery:discover_packages(recursive) check parameters
[0.222s] Level 1:colcon.colcon_core.package_discovery:discover_packages(ignore) check parameters
[0.222s] Level 1:colcon.colcon_core.package_discovery:discover_packages(path) check parameters
[0.222s] Level 1:colcon.colcon_core.package_discovery:discover_packages(colcon_meta) discover
[0.222s] Level 1:colcon.colcon_core.package_discovery:discover_packages(recursive) discover
[0.222s] INFO:colcon.colcon_core.package_discovery:Crawling recursively for packages in '/home/cmdr1/ROS_DEV'
[0.222s] Level 1:colcon.colcon_core.package_identification:_identify(.) by extensions ['ignore', 'ignore_ament_install']
[0.222s] Level 1:colcon.colcon_core.package_identification:_identify(.) by extension 'ignore'
[0.222s] Level 1:colcon.colcon_core.package_identification:_identify(.) by extension 'ignore_ament_install'
[0.222s] Level 1:colcon.colcon_core.package_identification:_identify(.) by extensions ['colcon_pkg']
[0.222s] Level 1:colcon.colcon_core.package_identification:_identify(.) by extension 'colcon_pkg'
[0.222s] Level 1:colcon.colcon_core.package_identification:_identify(.) by extensions ['colcon_meta']
[0.223s] Level 1:colcon.colcon_core.package_identification:_identify(.) by extension 'colcon_meta'
[0.223s] Level 1:colcon.colcon_core.package_identification:_identify(.) by extensions ['ros']
[0.223s] Level 1:colcon.colcon_core.package_identification:_identify(.) by extension 'ros'
[0.229s] Level 1:colcon.colcon_core.package_identification:_identify(.) by extensions ['cmake', 'python']
[0.229s] Level 1:colcon.colcon_core.package_identification:_identify(.) by extension 'cmake'
[0.229s] Level 1:colcon.colcon_core.package_identification:_identify(.) by extension 'python'
[0.229s] Level 1:colcon.colcon_core.package_identification:_identify(.) by extensions ['python_setup_py']
[0.229s] Level 1:colcon.colcon_core.package_identification:_identify(.) by extension 'python_setup_py'
[0.230s] Level 1:colcon.colcon_core.package_identification:_identify(build) by extensions ['ignore', 'ignore_ament_install']
[0.230s] Level 1:colcon.colcon_core.package_identification:_identify(build) by extension 'ignore'
[0.230s] Level 1:colcon.colcon_core.package_identification:_identify(build) ignored
[0.230s] Level 1:colcon.colcon_core.package_identification:_identify(install) by extensions ['ignore', 'ignore_ament_install']
[0.230s] Level 1:colcon.colcon_core.package_identification:_identify(install) by extension 'ignore'
[0.230s] Level 1:colcon.colcon_core.package_identification:_identify(install) ignored
[0.230s] Level 1:colcon.colcon_core.package_identification:_identify(log) by extensions ['ignore', 'ignore_ament_install']
[0.230s] Level 1:colcon.colcon_core.package_identification:_identify(log) by extension 'ignore'
[0.230s] Level 1:colcon.colcon_core.package_identification:_identify(log) ignored
[0.230s] Level 1:colcon.colcon_core.package_identification:_identify(src) by extensions ['ignore', 'ignore_ament_install']
[0.230s] Level 1:colcon.colcon_core.package_identification:_identify(src) by extension 'ignore'
[0.230s] Level 1:colcon.colcon_core.package_identification:_identify(src) by extension 'ignore_ament_install'
[0.230s] Level 1:colcon.colcon_core.package_identification:_identify(src) by extensions ['colcon_pkg']
[0.230s] Level 1:colcon.colcon_core.package_identification:_identify(src) by extension 'colcon_pkg'
[0.230s] Level 1:colcon.colcon_core.package_identification:_identify(src) by extensions ['colcon_meta']
[0.230s] Level 1:colcon.colcon_core.package_identification:_identify(src) by extension 'colcon_meta'
[0.230s] Level 1:colcon.colcon_core.package_identification:_identify(src) by extensions ['ros']
[0.230s] Level 1:colcon.colcon_core.package_identification:_identify(src) by extension 'ros'
[0.230s] Level 1:colcon.colcon_core.package_identification:_identify(src) by extensions ['cmake', 'python']
[0.230s] Level 1:colcon.colcon_core.package_identification:_identify(src) by extension 'cmake'
[0.230s] Level 1:colcon.colcon_core.package_identification:_identify(src) by extension 'python'
[0.230s] Level 1:colcon.colcon_core.package_identification:_identify(src) by extensions ['python_setup_py']
[0.230s] Level 1:colcon.colcon_core.package_identification:_identify(src) by extension 'python_setup_py'
[0.230s] Level 1:colcon.colcon_core.package_identification:_identify(src/build) by extensions ['ignore', 'ignore_ament_install']
[0.230s] Level 1:colcon.colcon_core.package_identification:_identify(src/build) by extension 'ignore'
[0.230s] Level 1:colcon.colcon_core.package_identification:_identify(src/build) ignored
[0.230s] Level 1:colcon.colcon_core.package_identification:_identify(src/cpp_master_node) by extensions ['ignore', 'ignore_ament_install']
[0.231s] Level 1:colcon.colcon_core.package_identification:_identify(src/cpp_master_node) by extension 'ignore'
[0.231s] Level 1:colcon.colcon_core.package_identification:_identify(src/cpp_master_node) by extension 'ignore_ament_install'
[0.231s] Level 1:colcon.colcon_core.package_identification:_identify(src/cpp_master_node) by extensions ['colcon_pkg']
[0.231s] Level 1:colcon.colcon_core.package_identification:_identify(src/cpp_master_node) by extension 'colcon_pkg'
[0.231s] Level 1:colcon.colcon_core.package_identification:_identify(src/cpp_master_node) by extensions ['colcon_meta']
[0.231s] Level 1:colcon.colcon_core.package_identification:_identify(src/cpp_master_node) by extension 'colcon_meta'
[0.231s] Level 1:colcon.colcon_core.package_identification:_identify(src/cpp_master_node) by extensions ['ros']
[0.231s] Level 1:colcon.colcon_core.package_identification:_identify(src/cpp_master_node) by extension 'ros'
[0.232s] DEBUG:colcon.colcon_core.package_identification:Package 'src/cpp_master_node' with type 'ros.ament_cmake' and name 'cpp_master_node'
[0.232s] Level 1:colcon.colcon_core.package_identification:_identify(src/install) by extensions ['ignore', 'ignore_ament_install']
[0.232s] Level 1:colcon.colcon_core.package_identification:_identify(src/install) by extension 'ignore'
[0.232s] Level 1:colcon.colcon_core.package_identification:_identify(src/install) ignored
[0.232s] Level 1:colcon.colcon_core.package_identification:_identify(src/log) by extensions ['ignore', 'ignore_ament_install']
[0.232s] Level 1:colcon.colcon_core.package_identification:_identify(src/log) by extension 'ignore'
[0.232s] Level 1:colcon.colcon_core.package_identification:_identify(src/log) ignored
[0.232s] Level 1:colcon.colcon_core.package_identification:_identify(src/py_RPi_IMU_Serial_Publisher) by extensions ['ignore', 'ignore_ament_install']
[0.232s] Level 1:colcon.colcon_core.package_identification:_identify(src/py_RPi_IMU_Serial_Publisher) by extension 'ignore'
[0.232s] Level 1:colcon.colcon_core.package_identification:_identify(src/py_RPi_IMU_Serial_Publisher) by extension 'ignore_ament_install'
[0.232s] Level 1:colcon.colcon_core.package_identification:_identify(src/py_RPi_IMU_Serial_Publisher) by extensions ['colcon_pkg']
[0.232s] Level 1:colcon.colcon_core.package_identification:_identify(src/py_RPi_IMU_Serial_Publisher) by extension 'colcon_pkg'
[0.233s] Level 1:colcon.colcon_core.package_identification:_identify(src/py_RPi_IMU_Serial_Publisher) by extensions ['colcon_meta']
[0.233s] Level 1:colcon.colcon_core.package_identification:_identify(src/py_RPi_IMU_Serial_Publisher) by extension 'colcon_meta'
[0.233s] Level 1:colcon.colcon_core.package_identification:_identify(src/py_RPi_IMU_Serial_Publisher) by extensions ['ros']
[0.233s] Level 1:colcon.colcon_core.package_identification:_identify(src/py_RPi_IMU_Serial_Publisher) by extension 'ros'
[0.233s] DEBUG:colcon.colcon_core.package_identification:Package 'src/py_RPi_IMU_Serial_Publisher' with type 'ros.ament_python' and name 'py_RPi_IMU_Serial_Publisher'
[0.233s] Level 1:colcon.colcon_core.package_discovery:discover_packages(recursive) using defaults
[0.233s] Level 1:colcon.colcon_core.package_discovery:discover_packages(ignore) discover
[0.233s] Level 1:colcon.colcon_core.package_discovery:discover_packages(ignore) using defaults
[0.233s] Level 1:colcon.colcon_core.package_discovery:discover_packages(path) discover
[0.233s] Level 1:colcon.colcon_core.package_discovery:discover_packages(path) using defaults
[0.251s] Level 1:colcon.colcon_core.package_discovery:discover_packages(prefix_path) check parameters
[0.251s] Level 1:colcon.colcon_core.package_discovery:discover_packages(prefix_path) discover
[0.253s] DEBUG:colcon.colcon_installed_package_information.package_discovery:Found 284 installed packages in /opt/ros/humble
[0.254s] Level 1:colcon.colcon_core.package_discovery:discover_packages(prefix_path) using defaults
[0.292s] Level 5:colcon.colcon_core.verb:set package 'cpp_master_node' build argument 'cmake_args' from command line to 'None'
[0.292s] Level 5:colcon.colcon_core.verb:set package 'cpp_master_node' build argument 'cmake_target' from command line to 'None'
[0.292s] Level 5:colcon.colcon_core.verb:set package 'cpp_master_node' build argument 'cmake_target_skip_unavailable' from command line to 'False'
[0.292s] Level 5:colcon.colcon_core.verb:set package 'cpp_master_node' build argument 'cmake_clean_cache' from command line to 'False'
[0.292s] Level 5:colcon.colcon_core.verb:set package 'cpp_master_node' build argument 'cmake_clean_first' from command line to 'False'
[0.292s] Level 5:colcon.colcon_core.verb:set package 'cpp_master_node' build argument 'cmake_force_configure' from command line to 'False'
[0.292s] Level 5:colcon.colcon_core.verb:set package 'cpp_master_node' build argument 'ament_cmake_args' from command line to 'None'
[0.292s] Level 5:colcon.colcon_core.verb:set package 'cpp_master_node' build argument 'catkin_cmake_args' from command line to 'None'
[0.292s] Level 5:colcon.colcon_core.verb:set package 'cpp_master_node' build argument 'catkin_skip_building_tests' from command line to 'False'
[0.292s] DEBUG:colcon.colcon_core.verb:Building package 'cpp_master_node' with the following arguments: {'ament_cmake_args': None, 'build_base': '/home/cmdr1/ROS_DEV/build/cpp_master_node', 'catkin_cmake_args': None, 'catkin_skip_building_tests': False, 'cmake_args': None, 'cmake_clean_cache': False, 'cmake_clean_first': False, 'cmake_force_configure': False, 'cmake_target': None, 'cmake_target_skip_unavailable': False, 'install_base': '/home/cmdr1/ROS_DEV/install/cpp_master_node', 'merge_install': False, 'path': '/home/cmdr1/ROS_DEV/src/cpp_master_node', 'symlink_install': False, 'test_result_base': None}
[0.292s] Level 5:colcon.colcon_core.verb:set package 'py_RPi_IMU_Serial_Publisher' build argument 'cmake_args' from command line to 'None'
[0.293s] Level 5:colcon.colcon_core.verb:set package 'py_RPi_IMU_Serial_Publisher' build argument 'cmake_target' from command line to 'None'
[0.293s] Level 5:colcon.colcon_core.verb:set package 'py_RPi_IMU_Serial_Publisher' build argument 'cmake_target_skip_unavailable' from command line to 'False'
[0.293s] Level 5:colcon.colcon_core.verb:set package 'py_RPi_IMU_Serial_Publisher' build argument 'cmake_clean_cache' from command line to 'False'
[0.293s] Level 5:colcon.colcon_core.verb:set package 'py_RPi_IMU_Serial_Publisher' build argument 'cmake_clean_first' from command line to 'False'
[0.293s] Level 5:colcon.colcon_core.verb:set package 'py_RPi_IMU_Serial_Publisher' build argument 'cmake_force_configure' from command line to 'False'
[0.293s] Level 5:colcon.colcon_core.verb:set package 'py_RPi_IMU_Serial_Publisher' build argument 'ament_cmake_args' from command line to 'None'
[0.293s] Level 5:colcon.colcon_core.verb:set package 'py_RPi_IMU_Serial_Publisher' build argument 'catkin_cmake_args' from command line to 'None'
[0.293s] Level 5:colcon.colcon_core.verb:set package 'py_RPi_IMU_Serial_Publisher' build argument 'catkin_skip_building_tests' from command line to 'False'
[0.293s] DEBUG:colcon.colcon_core.verb:Building package 'py_RPi_IMU_Serial_Publisher' with the following arguments: {'ament_cmake_args': None, 'build_base': '/home/cmdr1/ROS_DEV/build/py_RPi_IMU_Serial_Publisher', 'catkin_cmake_args': None, 'catkin_skip_building_tests': False, 'cmake_args': None, 'cmake_clean_cache': False, 'cmake_clean_first': False, 'cmake_force_configure': False, 'cmake_target': None, 'cmake_target_skip_unavailable': False, 'install_base': '/home/cmdr1/ROS_DEV/install/py_RPi_IMU_Serial_Publisher', 'merge_install': False, 'path': '/home/cmdr1/ROS_DEV/src/py_RPi_IMU_Serial_Publisher', 'symlink_install': False, 'test_result_base': None}
[0.293s] INFO:colcon.colcon_core.executor:Executing jobs using 'parallel' executor
[0.295s] DEBUG:colcon.colcon_parallel_executor.executor.parallel:run_until_complete
[0.295s] INFO:colcon.colcon_ros.task.ament_cmake.build:Building ROS package in '/home/cmdr1/ROS_DEV/src/cpp_master_node' with build type 'ament_cmake'
[0.295s] INFO:colcon.colcon_cmake.task.cmake.build:Building CMake package in '/home/cmdr1/ROS_DEV/src/cpp_master_node'
[0.299s] INFO:colcon.colcon_core.plugin_system:Skipping extension 'colcon_core.shell.bat': Not used on non-Windows systems
[0.299s] INFO:colcon.colcon_core.shell:Skip shell extension 'powershell' for command environment: Not usable outside of PowerShell
[0.299s] DEBUG:colcon.colcon_core.shell:Skip shell extension 'dsv' for command environment
[0.303s] INFO:colcon.colcon_ros.task.ament_python.build:Building ROS package in '/home/cmdr1/ROS_DEV/src/py_RPi_IMU_Serial_Publisher' with build type 'ament_python'
[0.303s] Level 1:colcon.colcon_core.shell:create_environment_hook('py_RPi_IMU_Serial_Publisher', 'ament_prefix_path')
[0.304s] INFO:colcon.colcon_core.shell:Creating environment hook '/home/cmdr1/ROS_DEV/install/py_RPi_IMU_Serial_Publisher/share/py_RPi_IMU_Serial_Publisher/hook/ament_prefix_path.ps1'
[0.306s] INFO:colcon.colcon_core.shell:Creating environment descriptor '/home/cmdr1/ROS_DEV/install/py_RPi_IMU_Serial_Publisher/share/py_RPi_IMU_Serial_Publisher/hook/ament_prefix_path.dsv'
[0.306s] INFO:colcon.colcon_core.shell:Creating environment hook '/home/cmdr1/ROS_DEV/install/py_RPi_IMU_Serial_Publisher/share/py_RPi_IMU_Serial_Publisher/hook/ament_prefix_path.sh'
[0.308s] INFO:colcon.colcon_core.shell:Skip shell extension 'powershell' for command environment: Not usable outside of PowerShell
[0.308s] DEBUG:colcon.colcon_core.shell:Skip shell extension 'dsv' for command environment
[0.314s] DEBUG:colcon.colcon_core.event_handler.log_command:Invoking command in '/home/cmdr1/ROS_DEV/build/cpp_master_node': CMAKE_PREFIX_PATH=/opt/ros/humble /usr/bin/cmake --build /home/cmdr1/ROS_DEV/build/cpp_master_node -- -j8 -l8
[0.477s] INFO:colcon.colcon_core.task.python.build:Building Python package in '/home/cmdr1/ROS_DEV/src/py_RPi_IMU_Serial_Publisher'
[0.478s] INFO:colcon.colcon_core.shell:Skip shell extension 'powershell' for command environment: Not usable outside of PowerShell
[0.479s] DEBUG:colcon.colcon_core.shell:Skip shell extension 'dsv' for command environment
[0.481s] DEBUG:colcon.colcon_core.event_handler.log_command:Invoked command in '/home/cmdr1/ROS_DEV/build/cpp_master_node' returned '0': CMAKE_PREFIX_PATH=/opt/ros/humble /usr/bin/cmake --build /home/cmdr1/ROS_DEV/build/cpp_master_node -- -j8 -l8
[0.501s] DEBUG:colcon.colcon_core.event_handler.log_command:Invoking command in '/home/cmdr1/ROS_DEV/build/cpp_master_node': CMAKE_PREFIX_PATH=/opt/ros/humble /usr/bin/cmake --install /home/cmdr1/ROS_DEV/build/cpp_master_node
[0.509s] Level 1:colcon.colcon_core.environment:create_environment_scripts_only(cpp_master_node)
[0.509s] DEBUG:colcon.colcon_core.event_handler.log_command:Invoked command in '/home/cmdr1/ROS_DEV/build/cpp_master_node' returned '0': CMAKE_PREFIX_PATH=/opt/ros/humble /usr/bin/cmake --install /home/cmdr1/ROS_DEV/build/cpp_master_node
[0.513s] Level 1:colcon.colcon_core.environment:checking '/home/cmdr1/ROS_DEV/install/cpp_master_node' for CMake module files
[0.514s] Level 1:colcon.colcon_core.environment:checking '/home/cmdr1/ROS_DEV/install/cpp_master_node' for CMake config files
[0.514s] Level 1:colcon.colcon_core.shell:create_environment_hook('cpp_master_node', 'cmake_prefix_path')
[0.515s] INFO:colcon.colcon_core.shell:Creating environment hook '/home/cmdr1/ROS_DEV/install/cpp_master_node/share/cpp_master_node/hook/cmake_prefix_path.ps1'
[0.515s] INFO:colcon.colcon_core.shell:Creating environment descriptor '/home/cmdr1/ROS_DEV/install/cpp_master_node/share/cpp_master_node/hook/cmake_prefix_path.dsv'
[0.515s] INFO:colcon.colcon_core.shell:Creating environment hook '/home/cmdr1/ROS_DEV/install/cpp_master_node/share/cpp_master_node/hook/cmake_prefix_path.sh'
[0.515s] Level 1:colcon.colcon_core.environment:checking '/home/cmdr1/ROS_DEV/install/cpp_master_node/lib'
[0.516s] Level 1:colcon.colcon_core.environment:checking '/home/cmdr1/ROS_DEV/install/cpp_master_node/bin'
[0.516s] Level 1:colcon.colcon_core.environment:checking '/home/cmdr1/ROS_DEV/install/cpp_master_node/lib/pkgconfig/cpp_master_node.pc'
[0.516s] Level 1:colcon.colcon_core.environment:checking '/home/cmdr1/ROS_DEV/install/cpp_master_node/lib/python3.10/site-packages'
[0.516s] Level 1:colcon.colcon_core.environment:checking '/home/cmdr1/ROS_DEV/install/cpp_master_node/bin'
[0.517s] INFO:colcon.colcon_core.shell:Creating package script '/home/cmdr1/ROS_DEV/install/cpp_master_node/share/cpp_master_node/package.ps1'
[0.517s] INFO:colcon.colcon_core.shell:Creating package descriptor '/home/cmdr1/ROS_DEV/install/cpp_master_node/share/cpp_master_node/package.dsv'
[0.518s] INFO:colcon.colcon_core.shell:Creating package script '/home/cmdr1/ROS_DEV/install/cpp_master_node/share/cpp_master_node/package.sh'
[0.518s] INFO:colcon.colcon_core.shell:Creating package script '/home/cmdr1/ROS_DEV/install/cpp_master_node/share/cpp_master_node/package.bash'
[0.519s] INFO:colcon.colcon_core.shell:Creating package script '/home/cmdr1/ROS_DEV/install/cpp_master_node/share/cpp_master_node/package.zsh'
[0.519s] Level 1:colcon.colcon_core.environment:create_file_with_runtime_dependencies(/home/cmdr1/ROS_DEV/install/cpp_master_node/share/colcon-core/packages/cpp_master_node)
[0.536s] Level 1:colcon.colcon_core.environment:create_environment_scripts_only(cpp_master_node)
[0.539s] Level 1:colcon.colcon_core.environment:checking '/home/cmdr1/ROS_DEV/install/cpp_master_node' for CMake module files
[0.539s] Level 1:colcon.colcon_core.environment:checking '/home/cmdr1/ROS_DEV/install/cpp_master_node' for CMake config files
[0.539s] Level 1:colcon.colcon_core.shell:create_environment_hook('cpp_master_node', 'cmake_prefix_path')
[0.541s] INFO:colcon.colcon_core.shell:Creating environment hook '/home/cmdr1/ROS_DEV/install/cpp_master_node/share/cpp_master_node/hook/cmake_prefix_path.ps1'
[0.541s] INFO:colcon.colcon_core.shell:Creating environment descriptor '/home/cmdr1/ROS_DEV/install/cpp_master_node/share/cpp_master_node/hook/cmake_prefix_path.dsv'
[0.542s] INFO:colcon.colcon_core.shell:Creating environment hook '/home/cmdr1/ROS_DEV/install/cpp_master_node/share/cpp_master_node/hook/cmake_prefix_path.sh'
[0.542s] Level 1:colcon.colcon_core.environment:checking '/home/cmdr1/ROS_DEV/install/cpp_master_node/lib'
[0.542s] Level 1:colcon.colcon_core.environment:checking '/home/cmdr1/ROS_DEV/install/cpp_master_node/bin'
[0.542s] Level 1:colcon.colcon_core.environment:checking '/home/cmdr1/ROS_DEV/install/cpp_master_node/lib/pkgconfig/cpp_master_node.pc'
[0.542s] Level 1:colcon.colcon_core.environment:checking '/home/cmdr1/ROS_DEV/install/cpp_master_node/lib/python3.10/site-packages'
[0.543s] Level 1:colcon.colcon_core.environment:checking '/home/cmdr1/ROS_DEV/install/cpp_master_node/bin'
[0.544s] INFO:colcon.colcon_core.shell:Creating package script '/home/cmdr1/ROS_DEV/install/cpp_master_node/share/cpp_master_node/package.ps1'
[0.545s] INFO:colcon.colcon_core.shell:Creating package descriptor '/home/cmdr1/ROS_DEV/install/cpp_master_node/share/cpp_master_node/package.dsv'
[0.545s] INFO:colcon.colcon_core.shell:Creating package script '/home/cmdr1/ROS_DEV/install/cpp_master_node/share/cpp_master_node/package.sh'
[0.545s] INFO:colcon.colcon_core.shell:Creating package script '/home/cmdr1/ROS_DEV/install/cpp_master_node/share/cpp_master_node/package.bash'
[0.546s] INFO:colcon.colcon_core.shell:Creating package script '/home/cmdr1/ROS_DEV/install/cpp_master_node/share/cpp_master_node/package.zsh'
[0.546s] Level 1:colcon.colcon_core.environment:create_file_with_runtime_dependencies(/home/cmdr1/ROS_DEV/install/cpp_master_node/share/colcon-core/packages/cpp_master_node)
[0.772s] DEBUG:colcon.colcon_core.event_handler.log_command:Invoking command in '/home/cmdr1/ROS_DEV/src/py_RPi_IMU_Serial_Publisher': PYTHONPATH=/home/cmdr1/ROS_DEV/build/py_RPi_IMU_Serial_Publisher/prefix_override:/home/cmdr1/ROS_DEV/install/py_RPi_IMU_Serial_Publisher/lib/python3.10/site-packages:${PYTHONPATH} /usr/bin/python3 setup.py egg_info --egg-base ../../build/py_RPi_IMU_Serial_Publisher build --build-base /home/cmdr1/ROS_DEV/build/py_RPi_IMU_Serial_Publisher/build install --record /home/cmdr1/ROS_DEV/build/py_RPi_IMU_Serial_Publisher/install.log --single-version-externally-managed
[0.969s] Level 1:colcon.colcon_core.environment:checking '/home/cmdr1/ROS_DEV/install/py_RPi_IMU_Serial_Publisher' for CMake module files
[0.970s] DEBUG:colcon.colcon_core.event_handler.log_command:Invoked command in '/home/cmdr1/ROS_DEV/src/py_RPi_IMU_Serial_Publisher' returned '0': PYTHONPATH=/home/cmdr1/ROS_DEV/build/py_RPi_IMU_Serial_Publisher/prefix_override:/home/cmdr1/ROS_DEV/install/py_RPi_IMU_Serial_Publisher/lib/python3.10/site-packages:${PYTHONPATH} /usr/bin/python3 setup.py egg_info --egg-base ../../build/py_RPi_IMU_Serial_Publisher build --build-base /home/cmdr1/ROS_DEV/build/py_RPi_IMU_Serial_Publisher/build install --record /home/cmdr1/ROS_DEV/build/py_RPi_IMU_Serial_Publisher/install.log --single-version-externally-managed
[0.970s] Level 1:colcon.colcon_core.environment:checking '/home/cmdr1/ROS_DEV/install/py_RPi_IMU_Serial_Publisher' for CMake config files
[0.970s] Level 1:colcon.colcon_core.environment:checking '/home/cmdr1/ROS_DEV/install/py_RPi_IMU_Serial_Publisher/lib'
[0.970s] Level 1:colcon.colcon_core.environment:checking '/home/cmdr1/ROS_DEV/install/py_RPi_IMU_Serial_Publisher/bin'
[0.970s] Level 1:colcon.colcon_core.environment:checking '/home/cmdr1/ROS_DEV/install/py_RPi_IMU_Serial_Publisher/lib/pkgconfig/py_RPi_IMU_Serial_Publisher.pc'
[0.971s] Level 1:colcon.colcon_core.environment:checking '/home/cmdr1/ROS_DEV/install/py_RPi_IMU_Serial_Publisher/lib/python3.10/site-packages'
[0.971s] Level 1:colcon.colcon_core.shell:create_environment_hook('py_RPi_IMU_Serial_Publisher', 'pythonpath')
[0.971s] INFO:colcon.colcon_core.shell:Creating environment hook '/home/cmdr1/ROS_DEV/install/py_RPi_IMU_Serial_Publisher/share/py_RPi_IMU_Serial_Publisher/hook/pythonpath.ps1'
[0.972s] INFO:colcon.colcon_core.shell:Creating environment descriptor '/home/cmdr1/ROS_DEV/install/py_RPi_IMU_Serial_Publisher/share/py_RPi_IMU_Serial_Publisher/hook/pythonpath.dsv'
[0.972s] INFO:colcon.colcon_core.shell:Creating environment hook '/home/cmdr1/ROS_DEV/install/py_RPi_IMU_Serial_Publisher/share/py_RPi_IMU_Serial_Publisher/hook/pythonpath.sh'
[0.972s] Level 1:colcon.colcon_core.environment:checking '/home/cmdr1/ROS_DEV/install/py_RPi_IMU_Serial_Publisher/bin'
[0.972s] Level 1:colcon.colcon_core.environment:create_environment_scripts_only(py_RPi_IMU_Serial_Publisher)
[0.973s] INFO:colcon.colcon_core.shell:Creating package script '/home/cmdr1/ROS_DEV/install/py_RPi_IMU_Serial_Publisher/share/py_RPi_IMU_Serial_Publisher/package.ps1'
[0.973s] INFO:colcon.colcon_core.shell:Creating package descriptor '/home/cmdr1/ROS_DEV/install/py_RPi_IMU_Serial_Publisher/share/py_RPi_IMU_Serial_Publisher/package.dsv'
[0.974s] INFO:colcon.colcon_core.shell:Creating package script '/home/cmdr1/ROS_DEV/install/py_RPi_IMU_Serial_Publisher/share/py_RPi_IMU_Serial_Publisher/package.sh'
[0.974s] INFO:colcon.colcon_core.shell:Creating package script '/home/cmdr1/ROS_DEV/install/py_RPi_IMU_Serial_Publisher/share/py_RPi_IMU_Serial_Publisher/package.bash'
[0.974s] INFO:colcon.colcon_core.shell:Creating package script '/home/cmdr1/ROS_DEV/install/py_RPi_IMU_Serial_Publisher/share/py_RPi_IMU_Serial_Publisher/package.zsh'
[0.974s] Level 1:colcon.colcon_core.environment:create_file_with_runtime_dependencies(/home/cmdr1/ROS_DEV/install/py_RPi_IMU_Serial_Publisher/share/colcon-core/packages/py_RPi_IMU_Serial_Publisher)
[0.974s] DEBUG:colcon.colcon_parallel_executor.executor.parallel:closing loop
[0.975s] DEBUG:colcon.colcon_parallel_executor.executor.parallel:loop closed
[0.975s] DEBUG:colcon.colcon_parallel_executor.executor.parallel:run_until_complete finished with '0'
[0.975s] DEBUG:colcon.colcon_core.event_reactor:joining thread
[0.979s] INFO:colcon.colcon_core.plugin_system:Skipping extension 'colcon_notification.desktop_notification.terminal_notifier': Not used on non-Darwin systems
[0.979s] INFO:colcon.colcon_core.plugin_system:Skipping extension 'colcon_notification.desktop_notification.win32': Not used on non-Windows systems
[0.979s] INFO:colcon.colcon_notification.desktop_notification:Sending desktop notification using 'notify2'
[0.991s] DEBUG:colcon.colcon_core.event_reactor:joined thread
[0.992s] INFO:colcon.colcon_core.shell:Creating prefix script '/home/cmdr1/ROS_DEV/install/local_setup.ps1'
[0.992s] INFO:colcon.colcon_core.shell:Creating prefix util module '/home/cmdr1/ROS_DEV/install/_local_setup_util_ps1.py'
[0.994s] INFO:colcon.colcon_core.shell:Creating prefix chain script '/home/cmdr1/ROS_DEV/install/setup.ps1'
[0.995s] INFO:colcon.colcon_core.shell:Creating prefix script '/home/cmdr1/ROS_DEV/install/local_setup.sh'
[0.995s] INFO:colcon.colcon_core.shell:Creating prefix util module '/home/cmdr1/ROS_DEV/install/_local_setup_util_sh.py'
[0.995s] INFO:colcon.colcon_core.shell:Creating prefix chain script '/home/cmdr1/ROS_DEV/install/setup.sh'
[0.996s] INFO:colcon.colcon_core.shell:Creating prefix script '/home/cmdr1/ROS_DEV/install/local_setup.bash'
[0.997s] INFO:colcon.colcon_core.shell:Creating prefix chain script '/home/cmdr1/ROS_DEV/install/setup.bash'
[0.998s] INFO:colcon.colcon_core.shell:Creating prefix script '/home/cmdr1/ROS_DEV/install/local_setup.zsh'
[0.999s] INFO:colcon.colcon_core.shell:Creating prefix chain script '/home/cmdr1/ROS_DEV/install/setup.zsh'
