[0.015s] Invoking command in '/home/cmdr1/ROS_WS/NI-to-ROS-2/build/cpp_master_node': CMAKE_PREFIX_PATH=${CMAKE_PREFIX_PATH}:/home/cmdr1/ROS_WS/NI-to-ROS-2/install/py_RPi_IMU_Serial_Publisher:/opt/ros/humble /usr/bin/cmake --build /home/cmdr1/ROS_WS/NI-to-ROS-2/build/cpp_master_node -- -j8 -l8
[0.046s] [35m[1mConsolidate compiler generated dependencies of target master_node[0m
[0.057s] [ 50%] [32mBuilding CXX object CMakeFiles/master_node.dir/src/master_node.cpp.o[0m
[5.708s] [100%] [32m[1mLinking CXX executable master_node[0m
[5.991s] [100%] Built target master_node
[5.997s] Invoked command in '/home/cmdr1/ROS_WS/NI-to-ROS-2/build/cpp_master_node' returned '0': CMAKE_PREFIX_PATH=${CMAKE_PREFIX_PATH}:/home/cmdr1/ROS_WS/NI-to-ROS-2/install/py_RPi_IMU_Serial_Publisher:/opt/ros/humble /usr/bin/cmake --build /home/cmdr1/ROS_WS/NI-to-ROS-2/build/cpp_master_node -- -j8 -l8
[6.018s] Invoking command in '/home/cmdr1/ROS_WS/NI-to-ROS-2/build/cpp_master_node': CMAKE_PREFIX_PATH=${CMAKE_PREFIX_PATH}:/home/cmdr1/ROS_WS/NI-to-ROS-2/install/py_RPi_IMU_Serial_Publisher:/opt/ros/humble /usr/bin/cmake --install /home/cmdr1/ROS_WS/NI-to-ROS-2/build/cpp_master_node
[6.021s] -- Install configuration: ""
[6.021s] -- Installing: /home/cmdr1/ROS_WS/NI-to-ROS-2/install/cpp_master_node/lib/cpp_master_node/master_node
[6.023s] -- Set runtime path of "/home/cmdr1/ROS_WS/NI-to-ROS-2/install/cpp_master_node/lib/cpp_master_node/master_node" to ""
[6.023s] -- Up-to-date: /home/cmdr1/ROS_WS/NI-to-ROS-2/install/cpp_master_node/share/ament_index/resource_index/package_run_dependencies/cpp_master_node
[6.024s] -- Up-to-date: /home/cmdr1/ROS_WS/NI-to-ROS-2/install/cpp_master_node/share/ament_index/resource_index/parent_prefix_path/cpp_master_node
[6.024s] -- Up-to-date: /home/cmdr1/ROS_WS/NI-to-ROS-2/install/cpp_master_node/share/cpp_master_node/environment/ament_prefix_path.sh
[6.024s] -- Up-to-date: /home/cmdr1/ROS_WS/NI-to-ROS-2/install/cpp_master_node/share/cpp_master_node/environment/ament_prefix_path.dsv
[6.024s] -- Up-to-date: /home/cmdr1/ROS_WS/NI-to-ROS-2/install/cpp_master_node/share/cpp_master_node/environment/path.sh
[6.024s] -- Up-to-date: /home/cmdr1/ROS_WS/NI-to-ROS-2/install/cpp_master_node/share/cpp_master_node/environment/path.dsv
[6.024s] -- Up-to-date: /home/cmdr1/ROS_WS/NI-to-ROS-2/install/cpp_master_node/share/cpp_master_node/local_setup.bash
[6.024s] -- Up-to-date: /home/cmdr1/ROS_WS/NI-to-ROS-2/install/cpp_master_node/share/cpp_master_node/local_setup.sh
[6.024s] -- Up-to-date: /home/cmdr1/ROS_WS/NI-to-ROS-2/install/cpp_master_node/share/cpp_master_node/local_setup.zsh
[6.024s] -- Up-to-date: /home/cmdr1/ROS_WS/NI-to-ROS-2/install/cpp_master_node/share/cpp_master_node/local_setup.dsv
[6.024s] -- Installing: /home/cmdr1/ROS_WS/NI-to-ROS-2/install/cpp_master_node/share/cpp_master_node/package.dsv
[6.024s] -- Up-to-date: /home/cmdr1/ROS_WS/NI-to-ROS-2/install/cpp_master_node/share/ament_index/resource_index/packages/cpp_master_node
[6.024s] -- Up-to-date: /home/cmdr1/ROS_WS/NI-to-ROS-2/install/cpp_master_node/share/cpp_master_node/cmake/cpp_master_nodeConfig.cmake
[6.024s] -- Up-to-date: /home/cmdr1/ROS_WS/NI-to-ROS-2/install/cpp_master_node/share/cpp_master_node/cmake/cpp_master_nodeConfig-version.cmake
[6.024s] -- Up-to-date: /home/cmdr1/ROS_WS/NI-to-ROS-2/install/cpp_master_node/share/cpp_master_node/package.xml
[6.027s] Invoked command in '/home/cmdr1/ROS_WS/NI-to-ROS-2/build/cpp_master_node' returned '0': CMAKE_PREFIX_PATH=${CMAKE_PREFIX_PATH}:/home/cmdr1/ROS_WS/NI-to-ROS-2/install/py_RPi_IMU_Serial_Publisher:/opt/ros/humble /usr/bin/cmake --install /home/cmdr1/ROS_WS/NI-to-ROS-2/build/cpp_master_node
