[0.345s] DEBUG:colcon:Command line arguments: ['/usr/bin/colcon', 'list', '-p', '--base-paths', '/home/cmdr1/ROS_DEV']
[0.345s] DEBUG:colcon:Parsed command line arguments: Namespace(log_base=None, log_level=None, verb_name='list', build_base='build', ignore_user_meta=False, metas=['./colcon.meta'], base_paths=['/home/cmdr1/ROS_DEV'], packages_ignore=None, packages_ignore_regex=None, paths=None, packages_up_to=None, packages_up_to_regex=None, packages_above=None, packages_above_and_dependencies=None, packages_above_depth=None, packages_select_by_dep=None, packages_skip_by_dep=None, packages_skip_up_to=None, packages_select_build_failed=False, packages_skip_build_finished=False, packages_select_test_failures=False, packages_skip_test_passed=False, packages_select=None, packages_skip=None, packages_select_regex=None, packages_skip_regex=None, packages_start=None, packages_end=None, allow_overriding=[], topological_order=False, names_only=False, paths_only=True, topological_graph=False, topological_graph_dot=False, topological_graph_density=False, topological_graph_legend=False, topological_graph_dot_cluster=False, topological_graph_dot_include_skipped=False, verb_parser=<colcon_defaults.argument_parser.defaults.DefaultArgumentsDecorator object at 0x7fd1b2fe6590>, verb_extension=<colcon_package_information.verb.list.ListVerb object at 0x7fd1b30ec340>, main=<bound method ListVerb.main of <colcon_package_information.verb.list.ListVerb object at 0x7fd1b30ec340>>)
[0.369s] Level 1:colcon.colcon_core.package_discovery:discover_packages(colcon_meta) check parameters
[0.370s] Level 1:colcon.colcon_core.package_discovery:discover_packages(recursive) check parameters
[0.370s] Level 1:colcon.colcon_core.package_discovery:discover_packages(ignore) check parameters
[0.370s] Level 1:colcon.colcon_core.package_discovery:discover_packages(path) check parameters
[0.370s] Level 1:colcon.colcon_core.package_discovery:discover_packages(recursive) discover
[0.370s] INFO:colcon.colcon_core.package_discovery:Crawling recursively for packages in '/home/cmdr1/ROS_DEV'
[0.370s] Level 1:colcon.colcon_core.package_identification:_identify(/home/cmdr1/ROS_DEV) by extensions ['ignore', 'ignore_ament_install']
[0.370s] Level 1:colcon.colcon_core.package_identification:_identify(/home/cmdr1/ROS_DEV) by extension 'ignore'
[0.370s] Level 1:colcon.colcon_core.package_identification:_identify(/home/cmdr1/ROS_DEV) by extension 'ignore_ament_install'
[0.370s] Level 1:colcon.colcon_core.package_identification:_identify(/home/cmdr1/ROS_DEV) by extensions ['colcon_pkg']
[0.370s] Level 1:colcon.colcon_core.package_identification:_identify(/home/cmdr1/ROS_DEV) by extension 'colcon_pkg'
[0.370s] Level 1:colcon.colcon_core.package_identification:_identify(/home/cmdr1/ROS_DEV) by extensions ['colcon_meta']
[0.370s] Level 1:colcon.colcon_core.package_identification:_identify(/home/cmdr1/ROS_DEV) by extension 'colcon_meta'
[0.370s] Level 1:colcon.colcon_core.package_identification:_identify(/home/cmdr1/ROS_DEV) by extensions ['ros']
[0.370s] Level 1:colcon.colcon_core.package_identification:_identify(/home/cmdr1/ROS_DEV) by extension 'ros'
[0.380s] Level 1:colcon.colcon_core.package_identification:_identify(/home/cmdr1/ROS_DEV) by extensions ['cmake', 'python']
[0.380s] Level 1:colcon.colcon_core.package_identification:_identify(/home/cmdr1/ROS_DEV) by extension 'cmake'
[0.380s] Level 1:colcon.colcon_core.package_identification:_identify(/home/cmdr1/ROS_DEV) by extension 'python'
[0.380s] Level 1:colcon.colcon_core.package_identification:_identify(/home/cmdr1/ROS_DEV) by extensions ['python_setup_py']
[0.380s] Level 1:colcon.colcon_core.package_identification:_identify(/home/cmdr1/ROS_DEV) by extension 'python_setup_py'
[0.380s] Level 1:colcon.colcon_core.package_identification:_identify(/home/cmdr1/ROS_DEV/build) by extensions ['ignore', 'ignore_ament_install']
[0.381s] Level 1:colcon.colcon_core.package_identification:_identify(/home/cmdr1/ROS_DEV/build) by extension 'ignore'
[0.381s] Level 1:colcon.colcon_core.package_identification:_identify(/home/cmdr1/ROS_DEV/build) ignored
[0.381s] Level 1:colcon.colcon_core.package_identification:_identify(/home/cmdr1/ROS_DEV/install) by extensions ['ignore', 'ignore_ament_install']
[0.381s] Level 1:colcon.colcon_core.package_identification:_identify(/home/cmdr1/ROS_DEV/install) by extension 'ignore'
[0.381s] Level 1:colcon.colcon_core.package_identification:_identify(/home/cmdr1/ROS_DEV/install) ignored
[0.381s] Level 1:colcon.colcon_core.package_identification:_identify(/home/cmdr1/ROS_DEV/log) by extensions ['ignore', 'ignore_ament_install']
[0.381s] Level 1:colcon.colcon_core.package_identification:_identify(/home/cmdr1/ROS_DEV/log) by extension 'ignore'
[0.381s] Level 1:colcon.colcon_core.package_identification:_identify(/home/cmdr1/ROS_DEV/log) ignored
[0.381s] Level 1:colcon.colcon_core.package_identification:_identify(/home/cmdr1/ROS_DEV/src) by extensions ['ignore', 'ignore_ament_install']
[0.381s] Level 1:colcon.colcon_core.package_identification:_identify(/home/cmdr1/ROS_DEV/src) by extension 'ignore'
[0.381s] Level 1:colcon.colcon_core.package_identification:_identify(/home/cmdr1/ROS_DEV/src) by extension 'ignore_ament_install'
[0.381s] Level 1:colcon.colcon_core.package_identification:_identify(/home/cmdr1/ROS_DEV/src) by extensions ['colcon_pkg']
[0.381s] Level 1:colcon.colcon_core.package_identification:_identify(/home/cmdr1/ROS_DEV/src) by extension 'colcon_pkg'
[0.381s] Level 1:colcon.colcon_core.package_identification:_identify(/home/cmdr1/ROS_DEV/src) by extensions ['colcon_meta']
[0.381s] Level 1:colcon.colcon_core.package_identification:_identify(/home/cmdr1/ROS_DEV/src) by extension 'colcon_meta'
[0.382s] Level 1:colcon.colcon_core.package_identification:_identify(/home/cmdr1/ROS_DEV/src) by extensions ['ros']
[0.382s] Level 1:colcon.colcon_core.package_identification:_identify(/home/cmdr1/ROS_DEV/src) by extension 'ros'
[0.382s] Level 1:colcon.colcon_core.package_identification:_identify(/home/cmdr1/ROS_DEV/src) by extensions ['cmake', 'python']
[0.382s] Level 1:colcon.colcon_core.package_identification:_identify(/home/cmdr1/ROS_DEV/src) by extension 'cmake'
[0.382s] Level 1:colcon.colcon_core.package_identification:_identify(/home/cmdr1/ROS_DEV/src) by extension 'python'
[0.382s] Level 1:colcon.colcon_core.package_identification:_identify(/home/cmdr1/ROS_DEV/src) by extensions ['python_setup_py']
[0.382s] Level 1:colcon.colcon_core.package_identification:_identify(/home/cmdr1/ROS_DEV/src) by extension 'python_setup_py'
[0.382s] Level 1:colcon.colcon_core.package_identification:_identify(/home/cmdr1/ROS_DEV/src/build) by extensions ['ignore', 'ignore_ament_install']
[0.382s] Level 1:colcon.colcon_core.package_identification:_identify(/home/cmdr1/ROS_DEV/src/build) by extension 'ignore'
[0.382s] Level 1:colcon.colcon_core.package_identification:_identify(/home/cmdr1/ROS_DEV/src/build) ignored
[0.382s] Level 1:colcon.colcon_core.package_identification:_identify(/home/cmdr1/ROS_DEV/src/cpp_master_node) by extensions ['ignore', 'ignore_ament_install']
[0.382s] Level 1:colcon.colcon_core.package_identification:_identify(/home/cmdr1/ROS_DEV/src/cpp_master_node) by extension 'ignore'
[0.382s] Level 1:colcon.colcon_core.package_identification:_identify(/home/cmdr1/ROS_DEV/src/cpp_master_node) by extension 'ignore_ament_install'
[0.382s] Level 1:colcon.colcon_core.package_identification:_identify(/home/cmdr1/ROS_DEV/src/cpp_master_node) by extensions ['colcon_pkg']
[0.382s] Level 1:colcon.colcon_core.package_identification:_identify(/home/cmdr1/ROS_DEV/src/cpp_master_node) by extension 'colcon_pkg'
[0.382s] Level 1:colcon.colcon_core.package_identification:_identify(/home/cmdr1/ROS_DEV/src/cpp_master_node) by extensions ['colcon_meta']
[0.382s] Level 1:colcon.colcon_core.package_identification:_identify(/home/cmdr1/ROS_DEV/src/cpp_master_node) by extension 'colcon_meta'
[0.382s] Level 1:colcon.colcon_core.package_identification:_identify(/home/cmdr1/ROS_DEV/src/cpp_master_node) by extensions ['ros']
[0.383s] Level 1:colcon.colcon_core.package_identification:_identify(/home/cmdr1/ROS_DEV/src/cpp_master_node) by extension 'ros'
[0.385s] DEBUG:colcon.colcon_core.package_identification:Package '/home/cmdr1/ROS_DEV/src/cpp_master_node' with type 'ros.ament_cmake' and name 'cpp_master_node'
[0.385s] Level 1:colcon.colcon_core.package_identification:_identify(/home/cmdr1/ROS_DEV/src/install) by extensions ['ignore', 'ignore_ament_install']
[0.386s] Level 1:colcon.colcon_core.package_identification:_identify(/home/cmdr1/ROS_DEV/src/install) by extension 'ignore'
[0.386s] Level 1:colcon.colcon_core.package_identification:_identify(/home/cmdr1/ROS_DEV/src/install) ignored
[0.386s] Level 1:colcon.colcon_core.package_identification:_identify(/home/cmdr1/ROS_DEV/src/log) by extensions ['ignore', 'ignore_ament_install']
[0.386s] Level 1:colcon.colcon_core.package_identification:_identify(/home/cmdr1/ROS_DEV/src/log) by extension 'ignore'
[0.386s] Level 1:colcon.colcon_core.package_identification:_identify(/home/cmdr1/ROS_DEV/src/log) ignored
[0.386s] Level 1:colcon.colcon_core.package_discovery:discover_packages(recursive) using defaults
