[0.082s] Invoking command in '/home/cmdr/ROS_DEV/NI-to-ROS-2/build/cpp_master_node': CMAKE_PREFIX_PATH=/opt/ros/humble /usr/bin/cmake --build /home/cmdr/ROS_DEV/NI-to-ROS-2/build/cpp_master_node -- -j4 -l4
[0.200s] -- Found ament_cmake: 1.3.5 (/opt/ros/humble/share/ament_cmake/cmake)
[0.887s] -- Found rclcpp: 16.0.5 (/opt/ros/humble/share/rclcpp/cmake)
[1.045s] -- Found rosidl_generator_c: 3.1.5 (/opt/ros/humble/share/rosidl_generator_c/cmake)
[1.058s] -- Found rosidl_adapter: 3.1.5 (/opt/ros/humble/share/rosidl_adapter/cmake)
[1.093s] -- Found rosidl_generator_cpp: 3.1.5 (/opt/ros/humble/share/rosidl_generator_cpp/cmake)
[1.151s] -- Using all available rosidl_typesupport_c: rosidl_typesupport_fastrtps_c;rosidl_typesupport_introspection_c
[1.256s] -- Using all available rosidl_typesupport_cpp: rosidl_typesupport_fastrtps_cpp;rosidl_typesupport_introspection_cpp
[1.492s] -- Found rmw_implementation_cmake: 6.1.1 (/opt/ros/humble/share/rmw_implementation_cmake/cmake)
[1.497s] -- Found rmw_fastrtps_cpp: 6.2.3 (/opt/ros/humble/share/rmw_fastrtps_cpp/cmake)
[2.195s] -- Using RMW implementation 'rmw_fastrtps_cpp' as default
[2.801s] -- Found geometry_msgs: 4.2.3 (/opt/ros/humble/share/geometry_msgs/cmake)
[2.965s] -- Found rosidl_default_generators: 1.2.0 (/opt/ros/humble/share/rosidl_default_generators/cmake)
[3.013s] -- Found ament_lint_auto: 0.12.7 (/opt/ros/humble/share/ament_lint_auto/cmake)
[3.388s] -- Added test 'cppcheck' to perform static code analysis on C / C++ code
[3.389s] -- Configured cppcheck include dirs: 
[3.390s] -- Configured cppcheck exclude dirs and/or files: 
[3.393s] -- Added test 'lint_cmake' to check CMake code style
[3.399s] -- Added test 'uncrustify' to check C / C++ code style
[3.400s] -- Configured uncrustify additional arguments: 
[3.401s] -- Added test 'xmllint' to check XML markup files
[3.405s] -- Configuring done
[3.523s] -- Generating done
[3.531s] -- Build files have been written to: /home/cmdr/ROS_DEV/NI-to-ROS-2/build/cpp_master_node
[3.639s] [35m[1mConsolidate compiler generated dependencies of target master_node[0m
[3.731s] [ 50%] [32mBuilding CXX object CMakeFiles/master_node.dir/src/master_node.cpp.o[0m
[36.457s] [100%] [32m[1mLinking CXX executable master_node[0m
[38.742s] [100%] Built target master_node
[38.781s] Invoked command in '/home/cmdr/ROS_DEV/NI-to-ROS-2/build/cpp_master_node' returned '0': CMAKE_PREFIX_PATH=/opt/ros/humble /usr/bin/cmake --build /home/cmdr/ROS_DEV/NI-to-ROS-2/build/cpp_master_node -- -j4 -l4
[38.948s] Invoking command in '/home/cmdr/ROS_DEV/NI-to-ROS-2/build/cpp_master_node': CMAKE_PREFIX_PATH=/opt/ros/humble /usr/bin/cmake --install /home/cmdr/ROS_DEV/NI-to-ROS-2/build/cpp_master_node
[38.973s] -- Install configuration: ""
[38.974s] -- Installing: /home/cmdr/ROS_DEV/NI-to-ROS-2/install/cpp_master_node/lib/cpp_master_node/master_node
[39.000s] -- Set runtime path of "/home/cmdr/ROS_DEV/NI-to-ROS-2/install/cpp_master_node/lib/cpp_master_node/master_node" to ""
[39.002s] -- Installing: /home/cmdr/ROS_DEV/NI-to-ROS-2/install/cpp_master_node/share/ament_index/resource_index/package_run_dependencies/cpp_master_node
[39.003s] -- Installing: /home/cmdr/ROS_DEV/NI-to-ROS-2/install/cpp_master_node/share/ament_index/resource_index/parent_prefix_path/cpp_master_node
[39.005s] -- Installing: /home/cmdr/ROS_DEV/NI-to-ROS-2/install/cpp_master_node/share/cpp_master_node/environment/ament_prefix_path.sh
[39.006s] -- Installing: /home/cmdr/ROS_DEV/NI-to-ROS-2/install/cpp_master_node/share/cpp_master_node/environment/ament_prefix_path.dsv
[39.007s] -- Installing: /home/cmdr/ROS_DEV/NI-to-ROS-2/install/cpp_master_node/share/cpp_master_node/environment/path.sh
[39.008s] -- Installing: /home/cmdr/ROS_DEV/NI-to-ROS-2/install/cpp_master_node/share/cpp_master_node/environment/path.dsv
[39.010s] -- Installing: /home/cmdr/ROS_DEV/NI-to-ROS-2/install/cpp_master_node/share/cpp_master_node/local_setup.bash
[39.011s] -- Installing: /home/cmdr/ROS_DEV/NI-to-ROS-2/install/cpp_master_node/share/cpp_master_node/local_setup.sh
[39.012s] -- Installing: /home/cmdr/ROS_DEV/NI-to-ROS-2/install/cpp_master_node/share/cpp_master_node/local_setup.zsh
[39.013s] -- Installing: /home/cmdr/ROS_DEV/NI-to-ROS-2/install/cpp_master_node/share/cpp_master_node/local_setup.dsv
[39.014s] -- Installing: /home/cmdr/ROS_DEV/NI-to-ROS-2/install/cpp_master_node/share/cpp_master_node/package.dsv
[39.016s] -- Installing: /home/cmdr/ROS_DEV/NI-to-ROS-2/install/cpp_master_node/share/ament_index/resource_index/packages/cpp_master_node
[39.018s] -- Installing: /home/cmdr/ROS_DEV/NI-to-ROS-2/install/cpp_master_node/share/cpp_master_node/cmake/cpp_master_nodeConfig.cmake
[39.024s] -- Installing: /home/cmdr/ROS_DEV/NI-to-ROS-2/install/cpp_master_node/share/cpp_master_node/cmake/cpp_master_nodeConfig-version.cmake
[39.025s] -- Installing: /home/cmdr/ROS_DEV/NI-to-ROS-2/install/cpp_master_node/share/cpp_master_node/package.xml
[39.029s] Invoked command in '/home/cmdr/ROS_DEV/NI-to-ROS-2/build/cpp_master_node' returned '0': CMAKE_PREFIX_PATH=/opt/ros/humble /usr/bin/cmake --install /home/cmdr/ROS_DEV/NI-to-ROS-2/build/cpp_master_node
