[3.113s] Invoking command in '/home/cmdr/ROS_DEV/NI-to-ROS-2/src/py_RPi_IMU_Serial_Publisher': PYTHONPATH=/home/cmdr/ROS_DEV/NI-to-ROS-2/build/py_RPi_IMU_Serial_Publisher/prefix_override:/home/cmdr/ROS_DEV/NI-to-ROS-2/install/py_RPi_IMU_Serial_Publisher/lib/python3.10/site-packages:${PYTHONPATH} /usr/bin/python3 setup.py egg_info --egg-base ../../build/py_RPi_IMU_Serial_Publisher build --build-base /home/cmdr/ROS_DEV/NI-to-ROS-2/build/py_RPi_IMU_Serial_Publisher/build install --record /home/cmdr/ROS_DEV/NI-to-ROS-2/build/py_RPi_IMU_Serial_Publisher/install.log --single-version-externally-managed
[4.222s] running egg_info
[4.225s] creating ../../build/py_RPi_IMU_Serial_Publisher/py_RPi_IMU_Serial_Publisher.egg-info
[4.226s] writing ../../build/py_RPi_IMU_Serial_Publisher/py_RPi_IMU_Serial_Publisher.egg-info/PKG-INFO
[4.227s] writing dependency_links to ../../build/py_RPi_IMU_Serial_Publisher/py_RPi_IMU_Serial_Publisher.egg-info/dependency_links.txt
[4.228s] writing entry points to ../../build/py_RPi_IMU_Serial_Publisher/py_RPi_IMU_Serial_Publisher.egg-info/entry_points.txt
[4.228s] writing requirements to ../../build/py_RPi_IMU_Serial_Publisher/py_RPi_IMU_Serial_Publisher.egg-info/requires.txt
[4.229s] writing top-level names to ../../build/py_RPi_IMU_Serial_Publisher/py_RPi_IMU_Serial_Publisher.egg-info/top_level.txt
[4.230s] writing manifest file '../../build/py_RPi_IMU_Serial_Publisher/py_RPi_IMU_Serial_Publisher.egg-info/SOURCES.txt'
[4.240s] reading manifest file '../../build/py_RPi_IMU_Serial_Publisher/py_RPi_IMU_Serial_Publisher.egg-info/SOURCES.txt'
[4.243s] writing manifest file '../../build/py_RPi_IMU_Serial_Publisher/py_RPi_IMU_Serial_Publisher.egg-info/SOURCES.txt'
[4.244s] running build
[4.245s] running build_py
[4.245s] creating /home/cmdr/ROS_DEV/NI-to-ROS-2/build/py_RPi_IMU_Serial_Publisher/build
[4.246s] creating /home/cmdr/ROS_DEV/NI-to-ROS-2/build/py_RPi_IMU_Serial_Publisher/build/lib
[4.246s] creating /home/cmdr/ROS_DEV/NI-to-ROS-2/build/py_RPi_IMU_Serial_Publisher/build/lib/py_RPi_IMU_Serial_Publisher
[4.247s] copying py_RPi_IMU_Serial_Publisher/__init__.py -> /home/cmdr/ROS_DEV/NI-to-ROS-2/build/py_RPi_IMU_Serial_Publisher/build/lib/py_RPi_IMU_Serial_Publisher
[4.247s] copying py_RPi_IMU_Serial_Publisher/publisher_member_function.py -> /home/cmdr/ROS_DEV/NI-to-ROS-2/build/py_RPi_IMU_Serial_Publisher/build/lib/py_RPi_IMU_Serial_Publisher
[4.248s] copying py_RPi_IMU_Serial_Publisher/publisher_member_function_old.py -> /home/cmdr/ROS_DEV/NI-to-ROS-2/build/py_RPi_IMU_Serial_Publisher/build/lib/py_RPi_IMU_Serial_Publisher
[4.249s] running install
[4.251s] /usr/lib/python3/dist-packages/setuptools/command/install.py:34: SetuptoolsDeprecationWarning: setup.py install is deprecated. Use build and pip and other standards-based tools.
[4.251s]   warnings.warn(
[4.252s] running install_lib
[4.256s] copying /home/cmdr/ROS_DEV/NI-to-ROS-2/build/py_RPi_IMU_Serial_Publisher/build/lib/py_RPi_IMU_Serial_Publisher/publisher_member_function.py -> /home/cmdr/ROS_DEV/NI-to-ROS-2/install/py_RPi_IMU_Serial_Publisher/lib/python3.10/site-packages/py_RPi_IMU_Serial_Publisher
[4.258s] copying /home/cmdr/ROS_DEV/NI-to-ROS-2/build/py_RPi_IMU_Serial_Publisher/build/lib/py_RPi_IMU_Serial_Publisher/publisher_member_function_old.py -> /home/cmdr/ROS_DEV/NI-to-ROS-2/install/py_RPi_IMU_Serial_Publisher/lib/python3.10/site-packages/py_RPi_IMU_Serial_Publisher
[4.261s] byte-compiling /home/cmdr/ROS_DEV/NI-to-ROS-2/install/py_RPi_IMU_Serial_Publisher/lib/python3.10/site-packages/py_RPi_IMU_Serial_Publisher/publisher_member_function.py to publisher_member_function.cpython-310.pyc
[4.265s] byte-compiling /home/cmdr/ROS_DEV/NI-to-ROS-2/install/py_RPi_IMU_Serial_Publisher/lib/python3.10/site-packages/py_RPi_IMU_Serial_Publisher/publisher_member_function_old.py to publisher_member_function_old.cpython-310.pyc
[4.270s] running install_data
[4.271s] copying package.xml -> /home/cmdr/ROS_DEV/NI-to-ROS-2/install/py_RPi_IMU_Serial_Publisher/share/py_RPi_IMU_Serial_Publisher
[4.272s] running install_egg_info
[4.280s] removing '/home/cmdr/ROS_DEV/NI-to-ROS-2/install/py_RPi_IMU_Serial_Publisher/lib/python3.10/site-packages/py_RPi_IMU_Serial_Publisher-0.0.0-py3.10.egg-info' (and everything under it)
[4.281s] Copying ../../build/py_RPi_IMU_Serial_Publisher/py_RPi_IMU_Serial_Publisher.egg-info to /home/cmdr/ROS_DEV/NI-to-ROS-2/install/py_RPi_IMU_Serial_Publisher/lib/python3.10/site-packages/py_RPi_IMU_Serial_Publisher-0.0.0-py3.10.egg-info
[4.288s] running install_scripts
[4.374s] Installing py_RPi_IMU_Serial_Publisher script to /home/cmdr/ROS_DEV/NI-to-ROS-2/install/py_RPi_IMU_Serial_Publisher/lib/py_RPi_IMU_Serial_Publisher
[4.375s] writing list of installed files to '/home/cmdr/ROS_DEV/NI-to-ROS-2/build/py_RPi_IMU_Serial_Publisher/install.log'
[4.507s] Invoked command in '/home/cmdr/ROS_DEV/NI-to-ROS-2/src/py_RPi_IMU_Serial_Publisher' returned '0': PYTHONPATH=/home/cmdr/ROS_DEV/NI-to-ROS-2/build/py_RPi_IMU_Serial_Publisher/prefix_override:/home/cmdr/ROS_DEV/NI-to-ROS-2/install/py_RPi_IMU_Serial_Publisher/lib/python3.10/site-packages:${PYTHONPATH} /usr/bin/python3 setup.py egg_info --egg-base ../../build/py_RPi_IMU_Serial_Publisher build --build-base /home/cmdr/ROS_DEV/NI-to-ROS-2/build/py_RPi_IMU_Serial_Publisher/build install --record /home/cmdr/ROS_DEV/NI-to-ROS-2/build/py_RPi_IMU_Serial_Publisher/install.log --single-version-externally-managed
