[0.447s] Invoking command in '/home/joshua/_dev/ROS_DEV/NI-to-ROS-2/src/py_RPi_IMU_Serial_Publisher': PYTHONPATH=/home/joshua/_dev/ROS_DEV/NI-to-ROS-2/build/py_RPi_IMU_Serial_Publisher/prefix_override:/home/joshua/_dev/ROS_DEV/NI-to-ROS-2/install/py_RPi_IMU_Serial_Publisher/lib/python3.10/site-packages:${PYTHONPATH} /usr/bin/python3 setup.py egg_info --egg-base ../../build/py_RPi_IMU_Serial_Publisher build --build-base /home/joshua/_dev/ROS_DEV/NI-to-ROS-2/build/py_RPi_IMU_Serial_Publisher/build install --record /home/joshua/_dev/ROS_DEV/NI-to-ROS-2/build/py_RPi_IMU_Serial_Publisher/install.log --single-version-externally-managed
[0.595s] running egg_info
[0.595s] creating ../../build/py_RPi_IMU_Serial_Publisher/py_RPi_IMU_Serial_Publisher.egg-info
[0.596s] writing ../../build/py_RPi_IMU_Serial_Publisher/py_RPi_IMU_Serial_Publisher.egg-info/PKG-INFO
[0.596s] writing dependency_links to ../../build/py_RPi_IMU_Serial_Publisher/py_RPi_IMU_Serial_Publisher.egg-info/dependency_links.txt
[0.596s] writing entry points to ../../build/py_RPi_IMU_Serial_Publisher/py_RPi_IMU_Serial_Publisher.egg-info/entry_points.txt
[0.596s] writing requirements to ../../build/py_RPi_IMU_Serial_Publisher/py_RPi_IMU_Serial_Publisher.egg-info/requires.txt
[0.596s] writing top-level names to ../../build/py_RPi_IMU_Serial_Publisher/py_RPi_IMU_Serial_Publisher.egg-info/top_level.txt
[0.596s] writing manifest file '../../build/py_RPi_IMU_Serial_Publisher/py_RPi_IMU_Serial_Publisher.egg-info/SOURCES.txt'
[0.597s] reading manifest file '../../build/py_RPi_IMU_Serial_Publisher/py_RPi_IMU_Serial_Publisher.egg-info/SOURCES.txt'
[0.597s] writing manifest file '../../build/py_RPi_IMU_Serial_Publisher/py_RPi_IMU_Serial_Publisher.egg-info/SOURCES.txt'
[0.598s] running build
[0.598s] running build_py
[0.598s] creating /home/joshua/_dev/ROS_DEV/NI-to-ROS-2/build/py_RPi_IMU_Serial_Publisher/build
[0.598s] creating /home/joshua/_dev/ROS_DEV/NI-to-ROS-2/build/py_RPi_IMU_Serial_Publisher/build/lib
[0.598s] creating /home/joshua/_dev/ROS_DEV/NI-to-ROS-2/build/py_RPi_IMU_Serial_Publisher/build/lib/py_RPi_IMU_Serial_Publisher
[0.598s] copying py_RPi_IMU_Serial_Publisher/publisher_member_function.py -> /home/joshua/_dev/ROS_DEV/NI-to-ROS-2/build/py_RPi_IMU_Serial_Publisher/build/lib/py_RPi_IMU_Serial_Publisher
[0.598s] copying py_RPi_IMU_Serial_Publisher/__init__.py -> /home/joshua/_dev/ROS_DEV/NI-to-ROS-2/build/py_RPi_IMU_Serial_Publisher/build/lib/py_RPi_IMU_Serial_Publisher
[0.598s] running install
[0.598s] /usr/lib/python3/dist-packages/setuptools/command/install.py:34: SetuptoolsDeprecationWarning: setup.py install is deprecated. Use build and pip and other standards-based tools.
[0.598s]   warnings.warn(
[0.598s] running install_lib
[0.599s] creating /home/joshua/_dev/ROS_DEV/NI-to-ROS-2/install/py_RPi_IMU_Serial_Publisher/lib/python3.10/site-packages/py_RPi_IMU_Serial_Publisher
[0.599s] copying /home/joshua/_dev/ROS_DEV/NI-to-ROS-2/build/py_RPi_IMU_Serial_Publisher/build/lib/py_RPi_IMU_Serial_Publisher/publisher_member_function.py -> /home/joshua/_dev/ROS_DEV/NI-to-ROS-2/install/py_RPi_IMU_Serial_Publisher/lib/python3.10/site-packages/py_RPi_IMU_Serial_Publisher
[0.599s] copying /home/joshua/_dev/ROS_DEV/NI-to-ROS-2/build/py_RPi_IMU_Serial_Publisher/build/lib/py_RPi_IMU_Serial_Publisher/__init__.py -> /home/joshua/_dev/ROS_DEV/NI-to-ROS-2/install/py_RPi_IMU_Serial_Publisher/lib/python3.10/site-packages/py_RPi_IMU_Serial_Publisher
[0.599s] byte-compiling /home/joshua/_dev/ROS_DEV/NI-to-ROS-2/install/py_RPi_IMU_Serial_Publisher/lib/python3.10/site-packages/py_RPi_IMU_Serial_Publisher/publisher_member_function.py to publisher_member_function.cpython-310.pyc
[0.599s] byte-compiling /home/joshua/_dev/ROS_DEV/NI-to-ROS-2/install/py_RPi_IMU_Serial_Publisher/lib/python3.10/site-packages/py_RPi_IMU_Serial_Publisher/__init__.py to __init__.cpython-310.pyc
[0.600s] running install_data
[0.600s] creating /home/joshua/_dev/ROS_DEV/NI-to-ROS-2/install/py_RPi_IMU_Serial_Publisher/share/ament_index
[0.600s] creating /home/joshua/_dev/ROS_DEV/NI-to-ROS-2/install/py_RPi_IMU_Serial_Publisher/share/ament_index/resource_index
[0.600s] creating /home/joshua/_dev/ROS_DEV/NI-to-ROS-2/install/py_RPi_IMU_Serial_Publisher/share/ament_index/resource_index/packages
[0.600s] copying resource/py_RPi_IMU_Serial_Publisher -> /home/joshua/_dev/ROS_DEV/NI-to-ROS-2/install/py_RPi_IMU_Serial_Publisher/share/ament_index/resource_index/packages
[0.600s] copying package.xml -> /home/joshua/_dev/ROS_DEV/NI-to-ROS-2/install/py_RPi_IMU_Serial_Publisher/share/py_RPi_IMU_Serial_Publisher
[0.600s] running install_egg_info
[0.602s] Copying ../../build/py_RPi_IMU_Serial_Publisher/py_RPi_IMU_Serial_Publisher.egg-info to /home/joshua/_dev/ROS_DEV/NI-to-ROS-2/install/py_RPi_IMU_Serial_Publisher/lib/python3.10/site-packages/py_RPi_IMU_Serial_Publisher-0.0.0-py3.10.egg-info
[0.602s] running install_scripts
[0.619s] Installing py_RPi_IMU_Serial_Publisher script to /home/joshua/_dev/ROS_DEV/NI-to-ROS-2/install/py_RPi_IMU_Serial_Publisher/lib/py_RPi_IMU_Serial_Publisher
[0.619s] writing list of installed files to '/home/joshua/_dev/ROS_DEV/NI-to-ROS-2/build/py_RPi_IMU_Serial_Publisher/install.log'
[0.642s] Invoked command in '/home/joshua/_dev/ROS_DEV/NI-to-ROS-2/src/py_RPi_IMU_Serial_Publisher' returned '0': PYTHONPATH=/home/joshua/_dev/ROS_DEV/NI-to-ROS-2/build/py_RPi_IMU_Serial_Publisher/prefix_override:/home/joshua/_dev/ROS_DEV/NI-to-ROS-2/install/py_RPi_IMU_Serial_Publisher/lib/python3.10/site-packages:${PYTHONPATH} /usr/bin/python3 setup.py egg_info --egg-base ../../build/py_RPi_IMU_Serial_Publisher build --build-base /home/joshua/_dev/ROS_DEV/NI-to-ROS-2/build/py_RPi_IMU_Serial_Publisher/build install --record /home/joshua/_dev/ROS_DEV/NI-to-ROS-2/build/py_RPi_IMU_Serial_Publisher/install.log --single-version-externally-managed
