-- Found ament_cmake: 1.3.5 (/opt/ros/humble/share/ament_cmake/cmake)
-- Found rclcpp: 16.0.4 (/opt/ros/humble/share/rclcpp/cmake)
-- Found rosidl_generator_c: 3.1.4 (/opt/ros/humble/share/rosidl_generator_c/cmake)
-- Found rosidl_adapter: 3.1.4 (/opt/ros/humble/share/rosidl_adapter/cmake)
-- Found rosidl_generator_cpp: 3.1.4 (/opt/ros/humble/share/rosidl_generator_cpp/cmake)
-- Using all available rosidl_typesupport_c: rosidl_typesupport_fastrtps_c;rosidl_typesupport_introspection_c
-- Using all available rosidl_typesupport_cpp: rosidl_typesupport_fastrtps_cpp;rosidl_typesupport_introspection_cpp
-- Found rmw_implementation_cmake: 6.1.1 (/opt/ros/humble/share/rmw_implementation_cmake/cmake)
-- Found rmw_fastrtps_cpp: 6.2.2 (/opt/ros/humble/share/rmw_fastrtps_cpp/cmake)
-- Found OpenSSL: /usr/lib/x86_64-linux-gnu/libcrypto.so (found version "3.0.2")  
-- Found FastRTPS: /opt/ros/humble/include  
-- Using RMW implementation 'rmw_fastrtps_cpp' as default
-- Looking for pthread.h
-- Looking for pthread.h - found
-- Performing Test CMAKE_HAVE_LIBC_PTHREAD
-- Performing Test CMAKE_HAVE_LIBC_PTHREAD - Success
-- Found Threads: TRUE  
-- Found ament_lint_auto: 0.12.6 (/opt/ros/humble/share/ament_lint_auto/cmake)
-- Added test 'cppcheck' to perform static code analysis on C / C++ code
-- Configured cppcheck include dirs: 
-- Configured cppcheck exclude dirs and/or files: 
-- Added test 'lint_cmake' to check CMake code style
-- Added test 'uncrustify' to check C / C++ code style
-- Configured uncrustify additional arguments: 
-- Added test 'xmllint' to check XML markup files
-- Configuring done
-- Generating done
-- Build files have been written to: /home/cmdr1/ROS_DEV/src/build/cpp_master_node
[ 50%] [32mBuilding CXX object CMakeFiles/master_node.dir/src/master_subscriber_node.cpp.o[0m
[100%] [32m[1mLinking CXX executable master_node[0m
[100%] Built target master_node
-- Install configuration: ""
-- Installing: /home/cmdr1/ROS_DEV/src/install/cpp_master_node/lib/cpp_master_node/master_node
-- Set runtime path of "/home/cmdr1/ROS_DEV/src/install/cpp_master_node/lib/cpp_master_node/master_node" to ""
-- Installing: /home/cmdr1/ROS_DEV/src/install/cpp_master_node/share/ament_index/resource_index/package_run_dependencies/cpp_master_node
-- Up-to-date: /home/cmdr1/ROS_DEV/src/install/cpp_master_node/share/ament_index/resource_index/parent_prefix_path/cpp_master_node
-- Up-to-date: /home/cmdr1/ROS_DEV/src/install/cpp_master_node/share/cpp_master_node/environment/ament_prefix_path.sh
-- Installing: /home/cmdr1/ROS_DEV/src/install/cpp_master_node/share/cpp_master_node/environment/ament_prefix_path.dsv
-- Up-to-date: /home/cmdr1/ROS_DEV/src/install/cpp_master_node/share/cpp_master_node/environment/path.sh
-- Installing: /home/cmdr1/ROS_DEV/src/install/cpp_master_node/share/cpp_master_node/environment/path.dsv
-- Up-to-date: /home/cmdr1/ROS_DEV/src/install/cpp_master_node/share/cpp_master_node/local_setup.bash
-- Up-to-date: /home/cmdr1/ROS_DEV/src/install/cpp_master_node/share/cpp_master_node/local_setup.sh
-- Up-to-date: /home/cmdr1/ROS_DEV/src/install/cpp_master_node/share/cpp_master_node/local_setup.zsh
-- Installing: /home/cmdr1/ROS_DEV/src/install/cpp_master_node/share/cpp_master_node/local_setup.dsv
-- Installing: /home/cmdr1/ROS_DEV/src/install/cpp_master_node/share/cpp_master_node/package.dsv
-- Up-to-date: /home/cmdr1/ROS_DEV/src/install/cpp_master_node/share/ament_index/resource_index/packages/cpp_master_node
-- Up-to-date: /home/cmdr1/ROS_DEV/src/install/cpp_master_node/share/cpp_master_node/cmake/cpp_master_nodeConfig.cmake
-- Up-to-date: /home/cmdr1/ROS_DEV/src/install/cpp_master_node/share/cpp_master_node/cmake/cpp_master_nodeConfig-version.cmake
-- Installing: /home/cmdr1/ROS_DEV/src/install/cpp_master_node/share/cpp_master_node/package.xml
