[0.010s] Invoking command in '/home/cmdr1/ROS_DEV/src/build/cpp_master_node': CMAKE_PREFIX_PATH=/opt/ros/humble /usr/bin/cmake --build /home/cmdr1/ROS_DEV/src/build/cpp_master_node -- -j8 -l8
[0.026s] -- Found ament_cmake: 1.3.5 (/opt/ros/humble/share/ament_cmake/cmake)
[0.115s] -- Found rclcpp: 16.0.4 (/opt/ros/humble/share/rclcpp/cmake)
[0.138s] -- Found rosidl_generator_c: 3.1.4 (/opt/ros/humble/share/rosidl_generator_c/cmake)
[0.141s] -- Found rosidl_adapter: 3.1.4 (/opt/ros/humble/share/rosidl_adapter/cmake)
[0.145s] -- Found rosidl_generator_cpp: 3.1.4 (/opt/ros/humble/share/rosidl_generator_cpp/cmake)
[0.153s] -- Using all available rosidl_typesupport_c: rosidl_typesupport_fastrtps_c;rosidl_typesupport_introspection_c
[0.163s] -- Using all available rosidl_typesupport_cpp: rosidl_typesupport_fastrtps_cpp;rosidl_typesupport_introspection_cpp
[0.201s] -- Found rmw_implementation_cmake: 6.1.1 (/opt/ros/humble/share/rmw_implementation_cmake/cmake)
[0.202s] -- Found rmw_fastrtps_cpp: 6.2.2 (/opt/ros/humble/share/rmw_fastrtps_cpp/cmake)
[0.256s] -- Found OpenSSL: /usr/lib/x86_64-linux-gnu/libcrypto.so (found version "3.0.2")  
[0.270s] -- Found FastRTPS: /opt/ros/humble/include  
[0.297s] -- Using RMW implementation 'rmw_fastrtps_cpp' as default
[0.302s] -- Looking for pthread.h
[0.345s] -- Looking for pthread.h - found
[0.345s] -- Performing Test CMAKE_HAVE_LIBC_PTHREAD
[0.388s] -- Performing Test CMAKE_HAVE_LIBC_PTHREAD - Success
[0.389s] -- Found Threads: TRUE  
[0.484s] -- Found ament_lint_auto: 0.12.6 (/opt/ros/humble/share/ament_lint_auto/cmake)
[0.526s] -- Added test 'cppcheck' to perform static code analysis on C / C++ code
[0.526s] -- Configured cppcheck include dirs: 
[0.526s] -- Configured cppcheck exclude dirs and/or files: 
[0.526s] -- Added test 'lint_cmake' to check CMake code style
[0.527s] -- Added test 'uncrustify' to check C / C++ code style
[0.527s] -- Configured uncrustify additional arguments: 
[0.527s] -- Added test 'xmllint' to check XML markup files
[0.527s] -- Configuring done
[0.532s] -- Generating done
[0.533s] -- Build files have been written to: /home/cmdr1/ROS_DEV/src/build/cpp_master_node
[0.554s] [ 50%] [32mBuilding CXX object CMakeFiles/master_node.dir/src/master_subscriber_node.cpp.o[0m
[5.418s] [100%] [32m[1mLinking CXX executable master_node[0m
[5.649s] [100%] Built target master_node
[5.655s] Invoked command in '/home/cmdr1/ROS_DEV/src/build/cpp_master_node' returned '0': CMAKE_PREFIX_PATH=/opt/ros/humble /usr/bin/cmake --build /home/cmdr1/ROS_DEV/src/build/cpp_master_node -- -j8 -l8
[5.674s] Invoking command in '/home/cmdr1/ROS_DEV/src/build/cpp_master_node': CMAKE_PREFIX_PATH=/opt/ros/humble /usr/bin/cmake --install /home/cmdr1/ROS_DEV/src/build/cpp_master_node
[5.678s] -- Install configuration: ""
[5.678s] -- Installing: /home/cmdr1/ROS_DEV/src/install/cpp_master_node/lib/cpp_master_node/master_node
[5.680s] -- Set runtime path of "/home/cmdr1/ROS_DEV/src/install/cpp_master_node/lib/cpp_master_node/master_node" to ""
[5.680s] -- Installing: /home/cmdr1/ROS_DEV/src/install/cpp_master_node/share/ament_index/resource_index/package_run_dependencies/cpp_master_node
[5.680s] -- Up-to-date: /home/cmdr1/ROS_DEV/src/install/cpp_master_node/share/ament_index/resource_index/parent_prefix_path/cpp_master_node
[5.680s] -- Up-to-date: /home/cmdr1/ROS_DEV/src/install/cpp_master_node/share/cpp_master_node/environment/ament_prefix_path.sh
[5.680s] -- Installing: /home/cmdr1/ROS_DEV/src/install/cpp_master_node/share/cpp_master_node/environment/ament_prefix_path.dsv
[5.680s] -- Up-to-date: /home/cmdr1/ROS_DEV/src/install/cpp_master_node/share/cpp_master_node/environment/path.sh
[5.680s] -- Installing: /home/cmdr1/ROS_DEV/src/install/cpp_master_node/share/cpp_master_node/environment/path.dsv
[5.680s] -- Up-to-date: /home/cmdr1/ROS_DEV/src/install/cpp_master_node/share/cpp_master_node/local_setup.bash
[5.680s] -- Up-to-date: /home/cmdr1/ROS_DEV/src/install/cpp_master_node/share/cpp_master_node/local_setup.sh
[5.680s] -- Up-to-date: /home/cmdr1/ROS_DEV/src/install/cpp_master_node/share/cpp_master_node/local_setup.zsh
[5.680s] -- Installing: /home/cmdr1/ROS_DEV/src/install/cpp_master_node/share/cpp_master_node/local_setup.dsv
[5.680s] -- Installing: /home/cmdr1/ROS_DEV/src/install/cpp_master_node/share/cpp_master_node/package.dsv
[5.680s] -- Up-to-date: /home/cmdr1/ROS_DEV/src/install/cpp_master_node/share/ament_index/resource_index/packages/cpp_master_node
[5.680s] -- Up-to-date: /home/cmdr1/ROS_DEV/src/install/cpp_master_node/share/cpp_master_node/cmake/cpp_master_nodeConfig.cmake
[5.681s] -- Up-to-date: /home/cmdr1/ROS_DEV/src/install/cpp_master_node/share/cpp_master_node/cmake/cpp_master_nodeConfig-version.cmake
[5.681s] -- Installing: /home/cmdr1/ROS_DEV/src/install/cpp_master_node/share/cpp_master_node/package.xml
[5.682s] Invoked command in '/home/cmdr1/ROS_DEV/src/build/cpp_master_node' returned '0': CMAKE_PREFIX_PATH=/opt/ros/humble /usr/bin/cmake --install /home/cmdr1/ROS_DEV/src/build/cpp_master_node
