[0.461s] DEBUG:colcon:Command line arguments: ['/usr/bin/colcon', 'build', '--packages-select', 'cpp_master_node']
[0.461s] DEBUG:colcon:Parsed command line arguments: Namespace(log_base=None, log_level=None, verb_name='build', build_base='build', install_base='install', merge_install=False, symlink_install=False, test_result_base=None, continue_on_error=False, executor='parallel', parallel_workers=20, event_handlers=None, ignore_user_meta=False, metas=['./colcon.meta'], base_paths=['.'], packages_ignore=None, packages_ignore_regex=None, paths=None, packages_up_to=None, packages_up_to_regex=None, packages_above=None, packages_above_and_dependencies=None, packages_above_depth=None, packages_select_by_dep=None, packages_skip_by_dep=None, packages_skip_up_to=None, packages_select_build_failed=False, packages_skip_build_finished=False, packages_select_test_failures=False, packages_skip_test_passed=False, packages_select=['cpp_master_node'], packages_skip=None, packages_select_regex=None, packages_skip_regex=None, packages_start=None, packages_end=None, allow_overriding=[], cmake_args=None, cmake_target=None, cmake_target_skip_unavailable=False, cmake_clean_cache=False, cmake_clean_first=False, cmake_force_configure=False, ament_cmake_args=None, catkin_cmake_args=None, catkin_skip_building_tests=False, verb_parser=<colcon_defaults.argument_parser.defaults.DefaultArgumentsDecorator object at 0x7f4f06ab7df0>, verb_extension=<colcon_core.verb.build.BuildVerb object at 0x7f4f07283fd0>, main=<bound method BuildVerb.main of <colcon_core.verb.build.BuildVerb object at 0x7f4f07283fd0>>)
[0.501s] Level 1:colcon.colcon_core.package_discovery:discover_packages(colcon_meta) check parameters
[0.501s] Level 1:colcon.colcon_core.package_discovery:discover_packages(recursive) check parameters
[0.501s] Level 1:colcon.colcon_core.package_discovery:discover_packages(ignore) check parameters
[0.501s] Level 1:colcon.colcon_core.package_discovery:discover_packages(path) check parameters
[0.501s] Level 1:colcon.colcon_core.package_discovery:discover_packages(colcon_meta) discover
[0.501s] Level 1:colcon.colcon_core.package_discovery:discover_packages(recursive) discover
[0.501s] INFO:colcon.colcon_core.package_discovery:Crawling recursively for packages in '/home/joshua/_dev/ROS_DEV/NI-to-ROS-2'
[0.501s] Level 1:colcon.colcon_core.package_identification:_identify(.) by extensions ['ignore', 'ignore_ament_install']
[0.502s] Level 1:colcon.colcon_core.package_identification:_identify(.) by extension 'ignore'
[0.502s] Level 1:colcon.colcon_core.package_identification:_identify(.) by extension 'ignore_ament_install'
[0.502s] Level 1:colcon.colcon_core.package_identification:_identify(.) by extensions ['colcon_pkg']
[0.502s] Level 1:colcon.colcon_core.package_identification:_identify(.) by extension 'colcon_pkg'
[0.502s] Level 1:colcon.colcon_core.package_identification:_identify(.) by extensions ['colcon_meta']
[0.502s] Level 1:colcon.colcon_core.package_identification:_identify(.) by extension 'colcon_meta'
[0.502s] Level 1:colcon.colcon_core.package_identification:_identify(.) by extensions ['ros']
[0.502s] Level 1:colcon.colcon_core.package_identification:_identify(.) by extension 'ros'
[0.516s] Level 1:colcon.colcon_core.package_identification:_identify(.) by extensions ['cmake', 'python']
[0.516s] Level 1:colcon.colcon_core.package_identification:_identify(.) by extension 'cmake'
[0.516s] Level 1:colcon.colcon_core.package_identification:_identify(.) by extension 'python'
[0.516s] Level 1:colcon.colcon_core.package_identification:_identify(.) by extensions ['python_setup_py']
[0.516s] Level 1:colcon.colcon_core.package_identification:_identify(.) by extension 'python_setup_py'
[0.516s] Level 1:colcon.colcon_core.package_identification:_identify(build) by extensions ['ignore', 'ignore_ament_install']
[0.516s] Level 1:colcon.colcon_core.package_identification:_identify(build) by extension 'ignore'
[0.516s] Level 1:colcon.colcon_core.package_identification:_identify(build) ignored
[0.517s] Level 1:colcon.colcon_core.package_identification:_identify(install) by extensions ['ignore', 'ignore_ament_install']
[0.517s] Level 1:colcon.colcon_core.package_identification:_identify(install) by extension 'ignore'
[0.517s] Level 1:colcon.colcon_core.package_identification:_identify(install) ignored
[0.517s] Level 1:colcon.colcon_core.package_identification:_identify(log) by extensions ['ignore', 'ignore_ament_install']
[0.517s] Level 1:colcon.colcon_core.package_identification:_identify(log) by extension 'ignore'
[0.517s] Level 1:colcon.colcon_core.package_identification:_identify(log) ignored
[0.517s] Level 1:colcon.colcon_core.package_identification:_identify(src) by extensions ['ignore', 'ignore_ament_install']
[0.517s] Level 1:colcon.colcon_core.package_identification:_identify(src) by extension 'ignore'
[0.517s] Level 1:colcon.colcon_core.package_identification:_identify(src) by extension 'ignore_ament_install'
[0.517s] Level 1:colcon.colcon_core.package_identification:_identify(src) by extensions ['colcon_pkg']
[0.517s] Level 1:colcon.colcon_core.package_identification:_identify(src) by extension 'colcon_pkg'
[0.517s] Level 1:colcon.colcon_core.package_identification:_identify(src) by extensions ['colcon_meta']
[0.517s] Level 1:colcon.colcon_core.package_identification:_identify(src) by extension 'colcon_meta'
[0.517s] Level 1:colcon.colcon_core.package_identification:_identify(src) by extensions ['ros']
[0.517s] Level 1:colcon.colcon_core.package_identification:_identify(src) by extension 'ros'
[0.517s] Level 1:colcon.colcon_core.package_identification:_identify(src) by extensions ['cmake', 'python']
[0.517s] Level 1:colcon.colcon_core.package_identification:_identify(src) by extension 'cmake'
[0.517s] Level 1:colcon.colcon_core.package_identification:_identify(src) by extension 'python'
[0.518s] Level 1:colcon.colcon_core.package_identification:_identify(src) by extensions ['python_setup_py']
[0.518s] Level 1:colcon.colcon_core.package_identification:_identify(src) by extension 'python_setup_py'
[0.518s] Level 1:colcon.colcon_core.package_identification:_identify(src/cpp_master_node) by extensions ['ignore', 'ignore_ament_install']
[0.518s] Level 1:colcon.colcon_core.package_identification:_identify(src/cpp_master_node) by extension 'ignore'
[0.518s] Level 1:colcon.colcon_core.package_identification:_identify(src/cpp_master_node) by extension 'ignore_ament_install'
[0.518s] Level 1:colcon.colcon_core.package_identification:_identify(src/cpp_master_node) by extensions ['colcon_pkg']
[0.518s] Level 1:colcon.colcon_core.package_identification:_identify(src/cpp_master_node) by extension 'colcon_pkg'
[0.518s] Level 1:colcon.colcon_core.package_identification:_identify(src/cpp_master_node) by extensions ['colcon_meta']
[0.518s] Level 1:colcon.colcon_core.package_identification:_identify(src/cpp_master_node) by extension 'colcon_meta'
[0.518s] Level 1:colcon.colcon_core.package_identification:_identify(src/cpp_master_node) by extensions ['ros']
[0.518s] Level 1:colcon.colcon_core.package_identification:_identify(src/cpp_master_node) by extension 'ros'
[0.521s] DEBUG:colcon.colcon_core.package_identification:Package 'src/cpp_master_node' with type 'ros.ament_cmake' and name 'cpp_master_node'
[0.521s] Level 1:colcon.colcon_core.package_identification:_identify(src/py_RPi_IMU_Serial_Publisher) by extensions ['ignore', 'ignore_ament_install']
[0.521s] Level 1:colcon.colcon_core.package_identification:_identify(src/py_RPi_IMU_Serial_Publisher) by extension 'ignore'
[0.521s] Level 1:colcon.colcon_core.package_identification:_identify(src/py_RPi_IMU_Serial_Publisher) by extension 'ignore_ament_install'
[0.522s] Level 1:colcon.colcon_core.package_identification:_identify(src/py_RPi_IMU_Serial_Publisher) by extensions ['colcon_pkg']
[0.522s] Level 1:colcon.colcon_core.package_identification:_identify(src/py_RPi_IMU_Serial_Publisher) by extension 'colcon_pkg'
[0.522s] Level 1:colcon.colcon_core.package_identification:_identify(src/py_RPi_IMU_Serial_Publisher) by extensions ['colcon_meta']
[0.522s] Level 1:colcon.colcon_core.package_identification:_identify(src/py_RPi_IMU_Serial_Publisher) by extension 'colcon_meta'
[0.522s] Level 1:colcon.colcon_core.package_identification:_identify(src/py_RPi_IMU_Serial_Publisher) by extensions ['ros']
[0.522s] Level 1:colcon.colcon_core.package_identification:_identify(src/py_RPi_IMU_Serial_Publisher) by extension 'ros'
[0.523s] DEBUG:colcon.colcon_core.package_identification:Package 'src/py_RPi_IMU_Serial_Publisher' with type 'ros.ament_python' and name 'py_RPi_IMU_Serial_Publisher'
[0.523s] Level 1:colcon.colcon_core.package_discovery:discover_packages(recursive) using defaults
[0.523s] Level 1:colcon.colcon_core.package_discovery:discover_packages(ignore) discover
[0.523s] Level 1:colcon.colcon_core.package_discovery:discover_packages(ignore) using defaults
[0.523s] Level 1:colcon.colcon_core.package_discovery:discover_packages(path) discover
[0.523s] Level 1:colcon.colcon_core.package_discovery:discover_packages(path) using defaults
[0.561s] INFO:colcon.colcon_core.package_selection:Skipping not selected package 'py_RPi_IMU_Serial_Publisher' in 'src/py_RPi_IMU_Serial_Publisher'
[0.563s] Level 1:colcon.colcon_core.package_discovery:discover_packages(prefix_path) check parameters
[0.564s] Level 1:colcon.colcon_core.package_discovery:discover_packages(prefix_path) discover
[0.573s] DEBUG:colcon.colcon_installed_package_information.package_discovery:Found 270 installed packages in /opt/ros/humble
[0.577s] Level 1:colcon.colcon_core.package_discovery:discover_packages(prefix_path) using defaults
[0.712s] Level 5:colcon.colcon_core.verb:set package 'cpp_master_node' build argument 'cmake_args' from command line to 'None'
[0.712s] Level 5:colcon.colcon_core.verb:set package 'cpp_master_node' build argument 'cmake_target' from command line to 'None'
[0.712s] Level 5:colcon.colcon_core.verb:set package 'cpp_master_node' build argument 'cmake_target_skip_unavailable' from command line to 'False'
[0.712s] Level 5:colcon.colcon_core.verb:set package 'cpp_master_node' build argument 'cmake_clean_cache' from command line to 'False'
[0.712s] Level 5:colcon.colcon_core.verb:set package 'cpp_master_node' build argument 'cmake_clean_first' from command line to 'False'
[0.712s] Level 5:colcon.colcon_core.verb:set package 'cpp_master_node' build argument 'cmake_force_configure' from command line to 'False'
[0.713s] Level 5:colcon.colcon_core.verb:set package 'cpp_master_node' build argument 'ament_cmake_args' from command line to 'None'
[0.713s] Level 5:colcon.colcon_core.verb:set package 'cpp_master_node' build argument 'catkin_cmake_args' from command line to 'None'
[0.713s] Level 5:colcon.colcon_core.verb:set package 'cpp_master_node' build argument 'catkin_skip_building_tests' from command line to 'False'
[0.713s] DEBUG:colcon.colcon_core.verb:Building package 'cpp_master_node' with the following arguments: {'ament_cmake_args': None, 'build_base': '/home/joshua/_dev/ROS_DEV/NI-to-ROS-2/build/cpp_master_node', 'catkin_cmake_args': None, 'catkin_skip_building_tests': False, 'cmake_args': None, 'cmake_clean_cache': False, 'cmake_clean_first': False, 'cmake_force_configure': False, 'cmake_target': None, 'cmake_target_skip_unavailable': False, 'install_base': '/home/joshua/_dev/ROS_DEV/NI-to-ROS-2/install/cpp_master_node', 'merge_install': False, 'path': '/home/joshua/_dev/ROS_DEV/NI-to-ROS-2/src/cpp_master_node', 'symlink_install': False, 'test_result_base': None}
[0.714s] INFO:colcon.colcon_core.executor:Executing jobs using 'parallel' executor
[0.721s] DEBUG:colcon.colcon_parallel_executor.executor.parallel:run_until_complete
[0.722s] INFO:colcon.colcon_ros.task.ament_cmake.build:Building ROS package in '/home/joshua/_dev/ROS_DEV/NI-to-ROS-2/src/cpp_master_node' with build type 'ament_cmake'
[0.723s] INFO:colcon.colcon_cmake.task.cmake.build:Building CMake package in '/home/joshua/_dev/ROS_DEV/NI-to-ROS-2/src/cpp_master_node'
[0.735s] INFO:colcon.colcon_core.plugin_system:Skipping extension 'colcon_core.shell.bat': Not used on non-Windows systems
[0.736s] INFO:colcon.colcon_core.shell:Skip shell extension 'powershell' for command environment: Not usable outside of PowerShell
[0.736s] DEBUG:colcon.colcon_core.shell:Skip shell extension 'dsv' for command environment
[0.764s] DEBUG:colcon.colcon_core.event_handler.log_command:Invoking command in '/home/joshua/_dev/ROS_DEV/NI-to-ROS-2/build/cpp_master_node': CMAKE_PREFIX_PATH=/opt/ros/humble /usr/bin/cmake /home/joshua/_dev/ROS_DEV/NI-to-ROS-2/src/cpp_master_node -DCMAKE_INSTALL_PREFIX=/home/joshua/_dev/ROS_DEV/NI-to-ROS-2/install/cpp_master_node
[3.998s] DEBUG:colcon.colcon_core.event_handler.log_command:Invoked command in '/home/joshua/_dev/ROS_DEV/NI-to-ROS-2/build/cpp_master_node' returned '0': CMAKE_PREFIX_PATH=/opt/ros/humble /usr/bin/cmake /home/joshua/_dev/ROS_DEV/NI-to-ROS-2/src/cpp_master_node -DCMAKE_INSTALL_PREFIX=/home/joshua/_dev/ROS_DEV/NI-to-ROS-2/install/cpp_master_node
[3.999s] DEBUG:colcon.colcon_core.event_handler.log_command:Invoking command in '/home/joshua/_dev/ROS_DEV/NI-to-ROS-2/build/cpp_master_node': CMAKE_PREFIX_PATH=/opt/ros/humble /usr/bin/cmake --build /home/joshua/_dev/ROS_DEV/NI-to-ROS-2/build/cpp_master_node -- -j20 -l20
[22.141s] DEBUG:colcon.colcon_core.event_handler.log_command:Invoked command in '/home/joshua/_dev/ROS_DEV/NI-to-ROS-2/build/cpp_master_node' returned '0': CMAKE_PREFIX_PATH=/opt/ros/humble /usr/bin/cmake --build /home/joshua/_dev/ROS_DEV/NI-to-ROS-2/build/cpp_master_node -- -j20 -l20
[22.217s] DEBUG:colcon.colcon_core.event_handler.log_command:Invoking command in '/home/joshua/_dev/ROS_DEV/NI-to-ROS-2/build/cpp_master_node': CMAKE_PREFIX_PATH=/opt/ros/humble /usr/bin/cmake --install /home/joshua/_dev/ROS_DEV/NI-to-ROS-2/build/cpp_master_node
[22.256s] Level 1:colcon.colcon_core.environment:create_environment_scripts_only(cpp_master_node)
[22.259s] DEBUG:colcon.colcon_core.event_handler.log_command:Invoked command in '/home/joshua/_dev/ROS_DEV/NI-to-ROS-2/build/cpp_master_node' returned '0': CMAKE_PREFIX_PATH=/opt/ros/humble /usr/bin/cmake --install /home/joshua/_dev/ROS_DEV/NI-to-ROS-2/build/cpp_master_node
[22.272s] Level 1:colcon.colcon_core.environment:checking '/home/joshua/_dev/ROS_DEV/NI-to-ROS-2/install/cpp_master_node' for CMake module files
[22.273s] Level 1:colcon.colcon_core.environment:checking '/home/joshua/_dev/ROS_DEV/NI-to-ROS-2/install/cpp_master_node' for CMake config files
[22.274s] Level 1:colcon.colcon_core.shell:create_environment_hook('cpp_master_node', 'cmake_prefix_path')
[22.277s] INFO:colcon.colcon_core.shell:Creating environment hook '/home/joshua/_dev/ROS_DEV/NI-to-ROS-2/install/cpp_master_node/share/cpp_master_node/hook/cmake_prefix_path.ps1'
[22.278s] INFO:colcon.colcon_core.shell:Creating environment descriptor '/home/joshua/_dev/ROS_DEV/NI-to-ROS-2/install/cpp_master_node/share/cpp_master_node/hook/cmake_prefix_path.dsv'
[22.279s] INFO:colcon.colcon_core.shell:Creating environment hook '/home/joshua/_dev/ROS_DEV/NI-to-ROS-2/install/cpp_master_node/share/cpp_master_node/hook/cmake_prefix_path.sh'
[22.281s] Level 1:colcon.colcon_core.environment:checking '/home/joshua/_dev/ROS_DEV/NI-to-ROS-2/install/cpp_master_node/lib'
[22.282s] Level 1:colcon.colcon_core.environment:checking '/home/joshua/_dev/ROS_DEV/NI-to-ROS-2/install/cpp_master_node/bin'
[22.282s] Level 1:colcon.colcon_core.environment:checking '/home/joshua/_dev/ROS_DEV/NI-to-ROS-2/install/cpp_master_node/lib/pkgconfig/cpp_master_node.pc'
[22.283s] Level 1:colcon.colcon_core.environment:checking '/home/joshua/_dev/ROS_DEV/NI-to-ROS-2/install/cpp_master_node/lib/python3.10/site-packages'
[22.284s] Level 1:colcon.colcon_core.environment:checking '/home/joshua/_dev/ROS_DEV/NI-to-ROS-2/install/cpp_master_node/bin'
[22.287s] INFO:colcon.colcon_core.shell:Creating package script '/home/joshua/_dev/ROS_DEV/NI-to-ROS-2/install/cpp_master_node/share/cpp_master_node/package.ps1'
[22.288s] INFO:colcon.colcon_core.shell:Creating package descriptor '/home/joshua/_dev/ROS_DEV/NI-to-ROS-2/install/cpp_master_node/share/cpp_master_node/package.dsv'
[22.289s] INFO:colcon.colcon_core.shell:Creating package script '/home/joshua/_dev/ROS_DEV/NI-to-ROS-2/install/cpp_master_node/share/cpp_master_node/package.sh'
[22.291s] INFO:colcon.colcon_core.shell:Creating package script '/home/joshua/_dev/ROS_DEV/NI-to-ROS-2/install/cpp_master_node/share/cpp_master_node/package.bash'
[22.292s] INFO:colcon.colcon_core.shell:Creating package script '/home/joshua/_dev/ROS_DEV/NI-to-ROS-2/install/cpp_master_node/share/cpp_master_node/package.zsh'
[22.293s] Level 1:colcon.colcon_core.environment:create_file_with_runtime_dependencies(/home/joshua/_dev/ROS_DEV/NI-to-ROS-2/install/cpp_master_node/share/colcon-core/packages/cpp_master_node)
[22.350s] Level 1:colcon.colcon_core.environment:create_environment_scripts_only(cpp_master_node)
[22.355s] Level 1:colcon.colcon_core.environment:checking '/home/joshua/_dev/ROS_DEV/NI-to-ROS-2/install/cpp_master_node' for CMake module files
[22.357s] Level 1:colcon.colcon_core.environment:checking '/home/joshua/_dev/ROS_DEV/NI-to-ROS-2/install/cpp_master_node' for CMake config files
[22.358s] Level 1:colcon.colcon_core.shell:create_environment_hook('cpp_master_node', 'cmake_prefix_path')
[22.361s] INFO:colcon.colcon_core.shell:Creating environment hook '/home/joshua/_dev/ROS_DEV/NI-to-ROS-2/install/cpp_master_node/share/cpp_master_node/hook/cmake_prefix_path.ps1'
[22.362s] INFO:colcon.colcon_core.shell:Creating environment descriptor '/home/joshua/_dev/ROS_DEV/NI-to-ROS-2/install/cpp_master_node/share/cpp_master_node/hook/cmake_prefix_path.dsv'
[22.363s] INFO:colcon.colcon_core.shell:Creating environment hook '/home/joshua/_dev/ROS_DEV/NI-to-ROS-2/install/cpp_master_node/share/cpp_master_node/hook/cmake_prefix_path.sh'
[22.365s] Level 1:colcon.colcon_core.environment:checking '/home/joshua/_dev/ROS_DEV/NI-to-ROS-2/install/cpp_master_node/lib'
[22.365s] Level 1:colcon.colcon_core.environment:checking '/home/joshua/_dev/ROS_DEV/NI-to-ROS-2/install/cpp_master_node/bin'
[22.365s] Level 1:colcon.colcon_core.environment:checking '/home/joshua/_dev/ROS_DEV/NI-to-ROS-2/install/cpp_master_node/lib/pkgconfig/cpp_master_node.pc'
[22.366s] Level 1:colcon.colcon_core.environment:checking '/home/joshua/_dev/ROS_DEV/NI-to-ROS-2/install/cpp_master_node/lib/python3.10/site-packages'
[22.366s] Level 1:colcon.colcon_core.environment:checking '/home/joshua/_dev/ROS_DEV/NI-to-ROS-2/install/cpp_master_node/bin'
[22.370s] INFO:colcon.colcon_core.shell:Creating package script '/home/joshua/_dev/ROS_DEV/NI-to-ROS-2/install/cpp_master_node/share/cpp_master_node/package.ps1'
[22.372s] INFO:colcon.colcon_core.shell:Creating package descriptor '/home/joshua/_dev/ROS_DEV/NI-to-ROS-2/install/cpp_master_node/share/cpp_master_node/package.dsv'
[22.373s] INFO:colcon.colcon_core.shell:Creating package script '/home/joshua/_dev/ROS_DEV/NI-to-ROS-2/install/cpp_master_node/share/cpp_master_node/package.sh'
[22.374s] INFO:colcon.colcon_core.shell:Creating package script '/home/joshua/_dev/ROS_DEV/NI-to-ROS-2/install/cpp_master_node/share/cpp_master_node/package.bash'
[22.375s] INFO:colcon.colcon_core.shell:Creating package script '/home/joshua/_dev/ROS_DEV/NI-to-ROS-2/install/cpp_master_node/share/cpp_master_node/package.zsh'
[22.376s] Level 1:colcon.colcon_core.environment:create_file_with_runtime_dependencies(/home/joshua/_dev/ROS_DEV/NI-to-ROS-2/install/cpp_master_node/share/colcon-core/packages/cpp_master_node)
[22.376s] DEBUG:colcon.colcon_parallel_executor.executor.parallel:closing loop
[22.377s] DEBUG:colcon.colcon_parallel_executor.executor.parallel:loop closed
[22.378s] DEBUG:colcon.colcon_parallel_executor.executor.parallel:run_until_complete finished with '0'
[22.379s] DEBUG:colcon.colcon_core.event_reactor:joining thread
[22.394s] INFO:colcon.colcon_core.plugin_system:Skipping extension 'colcon_notification.desktop_notification.terminal_notifier': Not used on non-Darwin systems
[22.394s] INFO:colcon.colcon_core.plugin_system:Skipping extension 'colcon_notification.desktop_notification.win32': Not used on non-Windows systems
[22.395s] INFO:colcon.colcon_notification.desktop_notification:Sending desktop notification using 'notify2'
[22.421s] DEBUG:colcon.colcon_core.event_reactor:joined thread
[22.424s] INFO:colcon.colcon_core.shell:Creating prefix script '/home/joshua/_dev/ROS_DEV/NI-to-ROS-2/install/local_setup.ps1'
[22.427s] INFO:colcon.colcon_core.shell:Creating prefix util module '/home/joshua/_dev/ROS_DEV/NI-to-ROS-2/install/_local_setup_util_ps1.py'
[22.429s] INFO:colcon.colcon_core.shell:Creating prefix chain script '/home/joshua/_dev/ROS_DEV/NI-to-ROS-2/install/setup.ps1'
[22.431s] INFO:colcon.colcon_core.shell:Creating prefix script '/home/joshua/_dev/ROS_DEV/NI-to-ROS-2/install/local_setup.sh'
[22.432s] INFO:colcon.colcon_core.shell:Creating prefix util module '/home/joshua/_dev/ROS_DEV/NI-to-ROS-2/install/_local_setup_util_sh.py'
[22.433s] INFO:colcon.colcon_core.shell:Creating prefix chain script '/home/joshua/_dev/ROS_DEV/NI-to-ROS-2/install/setup.sh'
[22.436s] INFO:colcon.colcon_core.shell:Creating prefix script '/home/joshua/_dev/ROS_DEV/NI-to-ROS-2/install/local_setup.bash'
[22.437s] INFO:colcon.colcon_core.shell:Creating prefix chain script '/home/joshua/_dev/ROS_DEV/NI-to-ROS-2/install/setup.bash'
[22.439s] INFO:colcon.colcon_core.shell:Creating prefix script '/home/joshua/_dev/ROS_DEV/NI-to-ROS-2/install/local_setup.zsh'
[22.440s] INFO:colcon.colcon_core.shell:Creating prefix chain script '/home/joshua/_dev/ROS_DEV/NI-to-ROS-2/install/setup.zsh'
