[0.031s] Invoking command in '/home/joshua/_dev/ROS_DEV/NI-to-ROS-2/build/cpp_master_node': CMAKE_PREFIX_PATH=/opt/ros/humble /usr/bin/cmake --build /home/joshua/_dev/ROS_DEV/NI-to-ROS-2/build/cpp_master_node -- -j20 -l20
[0.091s] -- Found ament_cmake: 1.3.5 (/opt/ros/humble/share/ament_cmake/cmake)
[0.489s] -- Found rclcpp: 16.0.5 (/opt/ros/humble/share/rclcpp/cmake)
[0.572s] -- Found rosidl_generator_c: 3.1.5 (/opt/ros/humble/share/rosidl_generator_c/cmake)
[0.578s] -- Found rosidl_adapter: 3.1.5 (/opt/ros/humble/share/rosidl_adapter/cmake)
[0.593s] -- Found rosidl_generator_cpp: 3.1.5 (/opt/ros/humble/share/rosidl_generator_cpp/cmake)
[0.618s] -- Using all available rosidl_typesupport_c: rosidl_typesupport_fastrtps_c;rosidl_typesupport_introspection_c
[0.659s] -- Using all available rosidl_typesupport_cpp: rosidl_typesupport_fastrtps_cpp;rosidl_typesupport_introspection_cpp
[0.788s] -- Found rmw_implementation_cmake: 6.1.1 (/opt/ros/humble/share/rmw_implementation_cmake/cmake)
[0.791s] -- Found rmw_fastrtps_cpp: 6.2.3 (/opt/ros/humble/share/rmw_fastrtps_cpp/cmake)
[1.040s] -- Using RMW implementation 'rmw_fastrtps_cpp' as default
[1.415s] -- Found geometry_msgs: 4.2.3 (/opt/ros/humble/share/geometry_msgs/cmake)
[1.511s] -- Found rosidl_default_generators: 1.2.0 (/opt/ros/humble/share/rosidl_default_generators/cmake)
[1.539s] -- Found ament_lint_auto: 0.12.7 (/opt/ros/humble/share/ament_lint_auto/cmake)
[1.725s] -- Added test 'cppcheck' to perform static code analysis on C / C++ code
[1.725s] -- Configured cppcheck include dirs: 
[1.725s] -- Configured cppcheck exclude dirs and/or files: 
[1.726s] -- Added test 'lint_cmake' to check CMake code style
[1.727s] -- Added test 'uncrustify' to check C / C++ code style
[1.728s] -- Configured uncrustify additional arguments: 
[1.728s] -- Added test 'xmllint' to check XML markup files
[1.730s] -- Configuring done
[1.758s] -- Generating done
[1.761s] -- Build files have been written to: /home/joshua/_dev/ROS_DEV/NI-to-ROS-2/build/cpp_master_node
[1.814s] [35m[1mConsolidate compiler generated dependencies of target master_node[0m
[1.859s] [ 50%] [32mBuilding CXX object CMakeFiles/master_node.dir/src/master_node.cpp.o[0m
[14.971s] [100%] [32m[1mLinking CXX executable master_node[0m
[15.733s] [100%] Built target master_node
[15.756s] Invoked command in '/home/joshua/_dev/ROS_DEV/NI-to-ROS-2/build/cpp_master_node' returned '0': CMAKE_PREFIX_PATH=/opt/ros/humble /usr/bin/cmake --build /home/joshua/_dev/ROS_DEV/NI-to-ROS-2/build/cpp_master_node -- -j20 -l20
[15.826s] Invoking command in '/home/joshua/_dev/ROS_DEV/NI-to-ROS-2/build/cpp_master_node': CMAKE_PREFIX_PATH=/opt/ros/humble /usr/bin/cmake --install /home/joshua/_dev/ROS_DEV/NI-to-ROS-2/build/cpp_master_node
[15.844s] -- Install configuration: ""
[15.844s] -- Installing: /home/joshua/_dev/ROS_DEV/NI-to-ROS-2/install/cpp_master_node/lib/cpp_master_node/master_node
[15.851s] -- Set runtime path of "/home/joshua/_dev/ROS_DEV/NI-to-ROS-2/install/cpp_master_node/lib/cpp_master_node/master_node" to ""
[15.852s] -- Up-to-date: /home/joshua/_dev/ROS_DEV/NI-to-ROS-2/install/cpp_master_node/share/ament_index/resource_index/package_run_dependencies/cpp_master_node
[15.852s] -- Up-to-date: /home/joshua/_dev/ROS_DEV/NI-to-ROS-2/install/cpp_master_node/share/ament_index/resource_index/parent_prefix_path/cpp_master_node
[15.852s] -- Up-to-date: /home/joshua/_dev/ROS_DEV/NI-to-ROS-2/install/cpp_master_node/share/cpp_master_node/environment/ament_prefix_path.sh
[15.853s] -- Installing: /home/joshua/_dev/ROS_DEV/NI-to-ROS-2/install/cpp_master_node/share/cpp_master_node/environment/ament_prefix_path.dsv
[15.853s] -- Up-to-date: /home/joshua/_dev/ROS_DEV/NI-to-ROS-2/install/cpp_master_node/share/cpp_master_node/environment/path.sh
[15.853s] -- Installing: /home/joshua/_dev/ROS_DEV/NI-to-ROS-2/install/cpp_master_node/share/cpp_master_node/environment/path.dsv
[15.854s] -- Up-to-date: /home/joshua/_dev/ROS_DEV/NI-to-ROS-2/install/cpp_master_node/share/cpp_master_node/local_setup.bash
[15.854s] -- Up-to-date: /home/joshua/_dev/ROS_DEV/NI-to-ROS-2/install/cpp_master_node/share/cpp_master_node/local_setup.sh
[15.854s] -- Up-to-date: /home/joshua/_dev/ROS_DEV/NI-to-ROS-2/install/cpp_master_node/share/cpp_master_node/local_setup.zsh
[15.855s] -- Installing: /home/joshua/_dev/ROS_DEV/NI-to-ROS-2/install/cpp_master_node/share/cpp_master_node/local_setup.dsv
[15.855s] -- Installing: /home/joshua/_dev/ROS_DEV/NI-to-ROS-2/install/cpp_master_node/share/cpp_master_node/package.dsv
[15.855s] -- Up-to-date: /home/joshua/_dev/ROS_DEV/NI-to-ROS-2/install/cpp_master_node/share/ament_index/resource_index/packages/cpp_master_node
[15.855s] -- Up-to-date: /home/joshua/_dev/ROS_DEV/NI-to-ROS-2/install/cpp_master_node/share/cpp_master_node/cmake/cpp_master_nodeConfig.cmake
[15.855s] -- Up-to-date: /home/joshua/_dev/ROS_DEV/NI-to-ROS-2/install/cpp_master_node/share/cpp_master_node/cmake/cpp_master_nodeConfig-version.cmake
[15.855s] -- Up-to-date: /home/joshua/_dev/ROS_DEV/NI-to-ROS-2/install/cpp_master_node/share/cpp_master_node/package.xml
[15.857s] Invoked command in '/home/joshua/_dev/ROS_DEV/NI-to-ROS-2/build/cpp_master_node' returned '0': CMAKE_PREFIX_PATH=/opt/ros/humble /usr/bin/cmake --install /home/joshua/_dev/ROS_DEV/NI-to-ROS-2/build/cpp_master_node
