[0.023s] Invoking command in '/home/joshua/_dev/ROS_DEV/NI-to-ROS-2/build/cpp_master_node': CMAKE_PREFIX_PATH=${CMAKE_PREFIX_PATH}:/opt/ros/humble /usr/bin/cmake /home/joshua/_dev/ROS_DEV/NI-to-ROS-2/src/cpp_master_node -DCMAKE_INSTALL_PREFIX=/home/joshua/_dev/ROS_DEV/NI-to-ROS-2/install/cpp_master_node
[0.157s] -- The C compiler identification is GNU 11.4.0
[0.304s] -- The CXX compiler identification is GNU 11.4.0
[0.327s] -- Detecting C compiler ABI info
[0.485s] -- Detecting C compiler ABI info - done
[0.507s] -- Check for working C compiler: /usr/bin/cc - skipped
[0.508s] -- Detecting C compile features
[0.509s] -- Detecting C compile features - done
[0.519s] -- Detecting CXX compiler ABI info
[0.721s] -- Detecting CXX compiler ABI info - done
[0.742s] -- Check for working CXX compiler: /usr/bin/c++ - skipped
[0.743s] -- Detecting CXX compile features
[0.744s] -- Detecting CXX compile features - done
[0.746s] -- Found ament_cmake: 1.3.5 (/opt/ros/humble/share/ament_cmake/cmake)
[1.167s] -- Found Python3: /usr/bin/python3.10 (found version "3.10.12") found components: Interpreter 
[1.357s] -- Found rclcpp: 16.0.5 (/opt/ros/humble/share/rclcpp/cmake)
[1.450s] -- Found rosidl_generator_c: 3.1.5 (/opt/ros/humble/share/rosidl_generator_c/cmake)
[1.465s] -- Found rosidl_adapter: 3.1.5 (/opt/ros/humble/share/rosidl_adapter/cmake)
[1.488s] -- Found rosidl_generator_cpp: 3.1.5 (/opt/ros/humble/share/rosidl_generator_cpp/cmake)
[1.518s] -- Using all available rosidl_typesupport_c: rosidl_typesupport_fastrtps_c;rosidl_typesupport_introspection_c
[1.568s] -- Using all available rosidl_typesupport_cpp: rosidl_typesupport_fastrtps_cpp;rosidl_typesupport_introspection_cpp
[1.726s] -- Found rmw_implementation_cmake: 6.1.1 (/opt/ros/humble/share/rmw_implementation_cmake/cmake)
[1.730s] -- Found rmw_fastrtps_cpp: 6.2.3 (/opt/ros/humble/share/rmw_fastrtps_cpp/cmake)
[1.957s] -- Found OpenSSL: /usr/lib/x86_64-linux-gnu/libcrypto.so (found version "3.0.2")  
[2.026s] -- Found FastRTPS: /opt/ros/humble/include  
[2.132s] -- Using RMW implementation 'rmw_fastrtps_cpp' as default
[2.159s] -- Looking for pthread.h
[2.303s] -- Looking for pthread.h - found
[2.304s] -- Performing Test CMAKE_HAVE_LIBC_PTHREAD
[2.468s] -- Performing Test CMAKE_HAVE_LIBC_PTHREAD - Success
[2.471s] -- Found Threads: TRUE  
[2.856s] -- Found geometry_msgs: 4.2.3 (/opt/ros/humble/share/geometry_msgs/cmake)
[2.959s] -- Found rosidl_default_generators: 1.2.0 (/opt/ros/humble/share/rosidl_default_generators/cmake)
[2.989s] -- Found ament_lint_auto: 0.12.7 (/opt/ros/humble/share/ament_lint_auto/cmake)
[3.153s] -- Added test 'cppcheck' to perform static code analysis on C / C++ code
[3.153s] -- Configured cppcheck include dirs: 
[3.153s] -- Configured cppcheck exclude dirs and/or files: 
[3.155s] -- Added test 'lint_cmake' to check CMake code style
[3.157s] -- Added test 'uncrustify' to check C / C++ code style
[3.157s] -- Configured uncrustify additional arguments: 
[3.158s] -- Added test 'xmllint' to check XML markup files
[3.162s] -- Configuring done
[3.190s] -- Generating done
[3.194s] -- Build files have been written to: /home/joshua/_dev/ROS_DEV/NI-to-ROS-2/build/cpp_master_node
[3.212s] Invoked command in '/home/joshua/_dev/ROS_DEV/NI-to-ROS-2/build/cpp_master_node' returned '0': CMAKE_PREFIX_PATH=${CMAKE_PREFIX_PATH}:/opt/ros/humble /usr/bin/cmake /home/joshua/_dev/ROS_DEV/NI-to-ROS-2/src/cpp_master_node -DCMAKE_INSTALL_PREFIX=/home/joshua/_dev/ROS_DEV/NI-to-ROS-2/install/cpp_master_node
[3.218s] Invoking command in '/home/joshua/_dev/ROS_DEV/NI-to-ROS-2/build/cpp_master_node': CMAKE_PREFIX_PATH=${CMAKE_PREFIX_PATH}:/opt/ros/humble /usr/bin/cmake --build /home/joshua/_dev/ROS_DEV/NI-to-ROS-2/build/cpp_master_node -- -j20 -l20
[3.327s] [ 50%] [32mBuilding CXX object CMakeFiles/master_node.dir/src/master_node.cpp.o[0m
[19.194s] [100%] [32m[1mLinking CXX executable master_node[0m
[20.072s] [100%] Built target master_node
[20.097s] Invoked command in '/home/joshua/_dev/ROS_DEV/NI-to-ROS-2/build/cpp_master_node' returned '0': CMAKE_PREFIX_PATH=${CMAKE_PREFIX_PATH}:/opt/ros/humble /usr/bin/cmake --build /home/joshua/_dev/ROS_DEV/NI-to-ROS-2/build/cpp_master_node -- -j20 -l20
[20.183s] Invoking command in '/home/joshua/_dev/ROS_DEV/NI-to-ROS-2/build/cpp_master_node': CMAKE_PREFIX_PATH=${CMAKE_PREFIX_PATH}:/opt/ros/humble /usr/bin/cmake --install /home/joshua/_dev/ROS_DEV/NI-to-ROS-2/build/cpp_master_node
[20.200s] -- Install configuration: ""
[20.201s] -- Installing: /home/joshua/_dev/ROS_DEV/NI-to-ROS-2/install/cpp_master_node/lib/cpp_master_node/master_node
[20.206s] -- Set runtime path of "/home/joshua/_dev/ROS_DEV/NI-to-ROS-2/install/cpp_master_node/lib/cpp_master_node/master_node" to ""
[20.207s] -- Installing: /home/joshua/_dev/ROS_DEV/NI-to-ROS-2/install/cpp_master_node/share/ament_index/resource_index/package_run_dependencies/cpp_master_node
[20.207s] -- Installing: /home/joshua/_dev/ROS_DEV/NI-to-ROS-2/install/cpp_master_node/share/ament_index/resource_index/parent_prefix_path/cpp_master_node
[20.207s] -- Installing: /home/joshua/_dev/ROS_DEV/NI-to-ROS-2/install/cpp_master_node/share/cpp_master_node/environment/ament_prefix_path.sh
[20.207s] -- Installing: /home/joshua/_dev/ROS_DEV/NI-to-ROS-2/install/cpp_master_node/share/cpp_master_node/environment/ament_prefix_path.dsv
[20.208s] -- Installing: /home/joshua/_dev/ROS_DEV/NI-to-ROS-2/install/cpp_master_node/share/cpp_master_node/environment/path.sh
[20.208s] -- Installing: /home/joshua/_dev/ROS_DEV/NI-to-ROS-2/install/cpp_master_node/share/cpp_master_node/environment/path.dsv
[20.208s] -- Installing: /home/joshua/_dev/ROS_DEV/NI-to-ROS-2/install/cpp_master_node/share/cpp_master_node/local_setup.bash
[20.208s] -- Installing: /home/joshua/_dev/ROS_DEV/NI-to-ROS-2/install/cpp_master_node/share/cpp_master_node/local_setup.sh
[20.208s] -- Installing: /home/joshua/_dev/ROS_DEV/NI-to-ROS-2/install/cpp_master_node/share/cpp_master_node/local_setup.zsh
[20.209s] -- Installing: /home/joshua/_dev/ROS_DEV/NI-to-ROS-2/install/cpp_master_node/share/cpp_master_node/local_setup.dsv
[20.209s] -- Installing: /home/joshua/_dev/ROS_DEV/NI-to-ROS-2/install/cpp_master_node/share/cpp_master_node/package.dsv
[20.209s] -- Installing: /home/joshua/_dev/ROS_DEV/NI-to-ROS-2/install/cpp_master_node/share/ament_index/resource_index/packages/cpp_master_node
[20.209s] -- Installing: /home/joshua/_dev/ROS_DEV/NI-to-ROS-2/install/cpp_master_node/share/cpp_master_node/cmake/cpp_master_nodeConfig.cmake
[20.209s] -- Installing: /home/joshua/_dev/ROS_DEV/NI-to-ROS-2/install/cpp_master_node/share/cpp_master_node/cmake/cpp_master_nodeConfig-version.cmake
[20.209s] -- Installing: /home/joshua/_dev/ROS_DEV/NI-to-ROS-2/install/cpp_master_node/share/cpp_master_node/package.xml
[20.214s] Invoked command in '/home/joshua/_dev/ROS_DEV/NI-to-ROS-2/build/cpp_master_node' returned '0': CMAKE_PREFIX_PATH=${CMAKE_PREFIX_PATH}:/opt/ros/humble /usr/bin/cmake --install /home/joshua/_dev/ROS_DEV/NI-to-ROS-2/build/cpp_master_node
