[1.372s] DEBUG:colcon:Command line arguments: ['/usr/bin/colcon', 'build']
[1.373s] DEBUG:colcon:Parsed command line arguments: Namespace(log_base=None, log_level=None, verb_name='build', build_base='build', install_base='install', merge_install=False, symlink_install=False, test_result_base=None, continue_on_error=False, executor='parallel', parallel_workers=4, event_handlers=None, ignore_user_meta=False, metas=['./colcon.meta'], base_paths=['.'], packages_ignore=None, packages_ignore_regex=None, paths=None, packages_up_to=None, packages_up_to_regex=None, packages_above=None, packages_above_and_dependencies=None, packages_above_depth=None, packages_select_by_dep=None, packages_skip_by_dep=None, packages_skip_up_to=None, packages_select_build_failed=False, packages_skip_build_finished=False, packages_select_test_failures=False, packages_skip_test_passed=False, packages_select=None, packages_skip=None, packages_select_regex=None, packages_skip_regex=None, packages_start=None, packages_end=None, allow_overriding=[], cmake_args=None, cmake_target=None, cmake_target_skip_unavailable=False, cmake_clean_cache=False, cmake_clean_first=False, cmake_force_configure=False, ament_cmake_args=None, catkin_cmake_args=None, catkin_skip_building_tests=False, verb_parser=<colcon_defaults.argument_parser.defaults.DefaultArgumentsDecorator object at 0xffff7db5f7f0>, verb_extension=<colcon_core.verb.build.BuildVerb object at 0xffff7e3f5480>, main=<bound method BuildVerb.main of <colcon_core.verb.build.BuildVerb object at 0xffff7e3f5480>>)
[1.520s] Level 1:colcon.colcon_core.package_discovery:discover_packages(colcon_meta) check parameters
[1.520s] Level 1:colcon.colcon_core.package_discovery:discover_packages(recursive) check parameters
[1.520s] Level 1:colcon.colcon_core.package_discovery:discover_packages(ignore) check parameters
[1.521s] Level 1:colcon.colcon_core.package_discovery:discover_packages(path) check parameters
[1.521s] Level 1:colcon.colcon_core.package_discovery:discover_packages(colcon_meta) discover
[1.521s] Level 1:colcon.colcon_core.package_discovery:discover_packages(recursive) discover
[1.522s] INFO:colcon.colcon_core.package_discovery:Crawling recursively for packages in '/home/cmdr/ROS_DEV/NI-to-ROS-2'
[1.522s] Level 1:colcon.colcon_core.package_identification:_identify(.) by extensions ['ignore', 'ignore_ament_install']
[1.523s] Level 1:colcon.colcon_core.package_identification:_identify(.) by extension 'ignore'
[1.523s] Level 1:colcon.colcon_core.package_identification:_identify(.) by extension 'ignore_ament_install'
[1.523s] Level 1:colcon.colcon_core.package_identification:_identify(.) by extensions ['colcon_pkg']
[1.523s] Level 1:colcon.colcon_core.package_identification:_identify(.) by extension 'colcon_pkg'
[1.523s] Level 1:colcon.colcon_core.package_identification:_identify(.) by extensions ['colcon_meta']
[1.524s] Level 1:colcon.colcon_core.package_identification:_identify(.) by extension 'colcon_meta'
[1.524s] Level 1:colcon.colcon_core.package_identification:_identify(.) by extensions ['ros']
[1.524s] Level 1:colcon.colcon_core.package_identification:_identify(.) by extension 'ros'
[1.576s] Level 1:colcon.colcon_core.package_identification:_identify(.) by extensions ['cmake', 'python']
[1.576s] Level 1:colcon.colcon_core.package_identification:_identify(.) by extension 'cmake'
[1.576s] Level 1:colcon.colcon_core.package_identification:_identify(.) by extension 'python'
[1.577s] Level 1:colcon.colcon_core.package_identification:_identify(.) by extensions ['python_setup_py']
[1.577s] Level 1:colcon.colcon_core.package_identification:_identify(.) by extension 'python_setup_py'
[1.578s] Level 1:colcon.colcon_core.package_identification:_identify(build) by extensions ['ignore', 'ignore_ament_install']
[1.579s] Level 1:colcon.colcon_core.package_identification:_identify(build) by extension 'ignore'
[1.579s] Level 1:colcon.colcon_core.package_identification:_identify(build) ignored
[1.580s] Level 1:colcon.colcon_core.package_identification:_identify(install) by extensions ['ignore', 'ignore_ament_install']
[1.581s] Level 1:colcon.colcon_core.package_identification:_identify(install) by extension 'ignore'
[1.581s] Level 1:colcon.colcon_core.package_identification:_identify(install) ignored
[1.582s] Level 1:colcon.colcon_core.package_identification:_identify(log) by extensions ['ignore', 'ignore_ament_install']
[1.582s] Level 1:colcon.colcon_core.package_identification:_identify(log) by extension 'ignore'
[1.582s] Level 1:colcon.colcon_core.package_identification:_identify(log) ignored
[1.583s] Level 1:colcon.colcon_core.package_identification:_identify(src) by extensions ['ignore', 'ignore_ament_install']
[1.584s] Level 1:colcon.colcon_core.package_identification:_identify(src) by extension 'ignore'
[1.584s] Level 1:colcon.colcon_core.package_identification:_identify(src) by extension 'ignore_ament_install'
[1.584s] Level 1:colcon.colcon_core.package_identification:_identify(src) by extensions ['colcon_pkg']
[1.585s] Level 1:colcon.colcon_core.package_identification:_identify(src) by extension 'colcon_pkg'
[1.586s] Level 1:colcon.colcon_core.package_identification:_identify(src) by extensions ['colcon_meta']
[1.586s] Level 1:colcon.colcon_core.package_identification:_identify(src) by extension 'colcon_meta'
[1.586s] Level 1:colcon.colcon_core.package_identification:_identify(src) by extensions ['ros']
[1.586s] Level 1:colcon.colcon_core.package_identification:_identify(src) by extension 'ros'
[1.587s] Level 1:colcon.colcon_core.package_identification:_identify(src) by extensions ['cmake', 'python']
[1.587s] Level 1:colcon.colcon_core.package_identification:_identify(src) by extension 'cmake'
[1.587s] Level 1:colcon.colcon_core.package_identification:_identify(src) by extension 'python'
[1.587s] Level 1:colcon.colcon_core.package_identification:_identify(src) by extensions ['python_setup_py']
[1.587s] Level 1:colcon.colcon_core.package_identification:_identify(src) by extension 'python_setup_py'
[1.588s] Level 1:colcon.colcon_core.package_identification:_identify(src/cpp_master_node) by extensions ['ignore', 'ignore_ament_install']
[1.588s] Level 1:colcon.colcon_core.package_identification:_identify(src/cpp_master_node) by extension 'ignore'
[1.589s] Level 1:colcon.colcon_core.package_identification:_identify(src/cpp_master_node) by extension 'ignore_ament_install'
[1.589s] Level 1:colcon.colcon_core.package_identification:_identify(src/cpp_master_node) by extensions ['colcon_pkg']
[1.589s] Level 1:colcon.colcon_core.package_identification:_identify(src/cpp_master_node) by extension 'colcon_pkg'
[1.589s] Level 1:colcon.colcon_core.package_identification:_identify(src/cpp_master_node) by extensions ['colcon_meta']
[1.590s] Level 1:colcon.colcon_core.package_identification:_identify(src/cpp_master_node) by extension 'colcon_meta'
[1.590s] Level 1:colcon.colcon_core.package_identification:_identify(src/cpp_master_node) by extensions ['ros']
[1.590s] Level 1:colcon.colcon_core.package_identification:_identify(src/cpp_master_node) by extension 'ros'
[1.600s] DEBUG:colcon.colcon_core.package_identification:Package 'src/cpp_master_node' with type 'ros.ament_cmake' and name 'cpp_master_node'
[1.601s] Level 1:colcon.colcon_core.package_identification:_identify(src/install) by extensions ['ignore', 'ignore_ament_install']
[1.601s] Level 1:colcon.colcon_core.package_identification:_identify(src/install) by extension 'ignore'
[1.602s] Level 1:colcon.colcon_core.package_identification:_identify(src/install) ignored
[1.602s] Level 1:colcon.colcon_core.package_identification:_identify(src/log) by extensions ['ignore', 'ignore_ament_install']
[1.602s] Level 1:colcon.colcon_core.package_identification:_identify(src/log) by extension 'ignore'
[1.603s] Level 1:colcon.colcon_core.package_identification:_identify(src/log) ignored
[1.603s] Level 1:colcon.colcon_core.package_identification:_identify(src/py_RPi_IMU_Serial_Publisher) by extensions ['ignore', 'ignore_ament_install']
[1.604s] Level 1:colcon.colcon_core.package_identification:_identify(src/py_RPi_IMU_Serial_Publisher) by extension 'ignore'
[1.604s] Level 1:colcon.colcon_core.package_identification:_identify(src/py_RPi_IMU_Serial_Publisher) by extension 'ignore_ament_install'
[1.604s] Level 1:colcon.colcon_core.package_identification:_identify(src/py_RPi_IMU_Serial_Publisher) by extensions ['colcon_pkg']
[1.604s] Level 1:colcon.colcon_core.package_identification:_identify(src/py_RPi_IMU_Serial_Publisher) by extension 'colcon_pkg'
[1.604s] Level 1:colcon.colcon_core.package_identification:_identify(src/py_RPi_IMU_Serial_Publisher) by extensions ['colcon_meta']
[1.605s] Level 1:colcon.colcon_core.package_identification:_identify(src/py_RPi_IMU_Serial_Publisher) by extension 'colcon_meta'
[1.605s] Level 1:colcon.colcon_core.package_identification:_identify(src/py_RPi_IMU_Serial_Publisher) by extensions ['ros']
[1.605s] Level 1:colcon.colcon_core.package_identification:_identify(src/py_RPi_IMU_Serial_Publisher) by extension 'ros'
[1.608s] DEBUG:colcon.colcon_core.package_identification:Package 'src/py_RPi_IMU_Serial_Publisher' with type 'ros.ament_python' and name 'py_RPi_IMU_Serial_Publisher'
[1.609s] Level 1:colcon.colcon_core.package_discovery:discover_packages(recursive) using defaults
[1.609s] Level 1:colcon.colcon_core.package_discovery:discover_packages(ignore) discover
[1.609s] Level 1:colcon.colcon_core.package_discovery:discover_packages(ignore) using defaults
[1.609s] Level 1:colcon.colcon_core.package_discovery:discover_packages(path) discover
[1.609s] Level 1:colcon.colcon_core.package_discovery:discover_packages(path) using defaults
[1.705s] Level 1:colcon.colcon_core.package_discovery:discover_packages(prefix_path) check parameters
[1.705s] Level 1:colcon.colcon_core.package_discovery:discover_packages(prefix_path) discover
[1.718s] DEBUG:colcon.colcon_installed_package_information.package_discovery:Found 2 installed packages in /home/cmdr/ROS_DEV/NI-to-ROS-2/install
[1.726s] DEBUG:colcon.colcon_installed_package_information.package_discovery:Found 180 installed packages in /opt/ros/humble
[1.730s] Level 1:colcon.colcon_core.package_discovery:discover_packages(prefix_path) using defaults
[1.925s] Level 5:colcon.colcon_core.verb:set package 'cpp_master_node' build argument 'cmake_args' from command line to 'None'
[1.925s] Level 5:colcon.colcon_core.verb:set package 'cpp_master_node' build argument 'cmake_target' from command line to 'None'
[1.925s] Level 5:colcon.colcon_core.verb:set package 'cpp_master_node' build argument 'cmake_target_skip_unavailable' from command line to 'False'
[1.925s] Level 5:colcon.colcon_core.verb:set package 'cpp_master_node' build argument 'cmake_clean_cache' from command line to 'False'
[1.925s] Level 5:colcon.colcon_core.verb:set package 'cpp_master_node' build argument 'cmake_clean_first' from command line to 'False'
[1.925s] Level 5:colcon.colcon_core.verb:set package 'cpp_master_node' build argument 'cmake_force_configure' from command line to 'False'
[1.926s] Level 5:colcon.colcon_core.verb:set package 'cpp_master_node' build argument 'ament_cmake_args' from command line to 'None'
[1.926s] Level 5:colcon.colcon_core.verb:set package 'cpp_master_node' build argument 'catkin_cmake_args' from command line to 'None'
[1.926s] Level 5:colcon.colcon_core.verb:set package 'cpp_master_node' build argument 'catkin_skip_building_tests' from command line to 'False'
[1.926s] DEBUG:colcon.colcon_core.verb:Building package 'cpp_master_node' with the following arguments: {'ament_cmake_args': None, 'build_base': '/home/cmdr/ROS_DEV/NI-to-ROS-2/build/cpp_master_node', 'catkin_cmake_args': None, 'catkin_skip_building_tests': False, 'cmake_args': None, 'cmake_clean_cache': False, 'cmake_clean_first': False, 'cmake_force_configure': False, 'cmake_target': None, 'cmake_target_skip_unavailable': False, 'install_base': '/home/cmdr/ROS_DEV/NI-to-ROS-2/install/cpp_master_node', 'merge_install': False, 'path': '/home/cmdr/ROS_DEV/NI-to-ROS-2/src/cpp_master_node', 'symlink_install': False, 'test_result_base': None}
[1.930s] Level 5:colcon.colcon_core.verb:set package 'py_RPi_IMU_Serial_Publisher' build argument 'cmake_args' from command line to 'None'
[1.930s] Level 5:colcon.colcon_core.verb:set package 'py_RPi_IMU_Serial_Publisher' build argument 'cmake_target' from command line to 'None'
[1.930s] Level 5:colcon.colcon_core.verb:set package 'py_RPi_IMU_Serial_Publisher' build argument 'cmake_target_skip_unavailable' from command line to 'False'
[1.931s] Level 5:colcon.colcon_core.verb:set package 'py_RPi_IMU_Serial_Publisher' build argument 'cmake_clean_cache' from command line to 'False'
[1.931s] Level 5:colcon.colcon_core.verb:set package 'py_RPi_IMU_Serial_Publisher' build argument 'cmake_clean_first' from command line to 'False'
[1.931s] Level 5:colcon.colcon_core.verb:set package 'py_RPi_IMU_Serial_Publisher' build argument 'cmake_force_configure' from command line to 'False'
[1.931s] Level 5:colcon.colcon_core.verb:set package 'py_RPi_IMU_Serial_Publisher' build argument 'ament_cmake_args' from command line to 'None'
[1.931s] Level 5:colcon.colcon_core.verb:set package 'py_RPi_IMU_Serial_Publisher' build argument 'catkin_cmake_args' from command line to 'None'
[1.931s] Level 5:colcon.colcon_core.verb:set package 'py_RPi_IMU_Serial_Publisher' build argument 'catkin_skip_building_tests' from command line to 'False'
[1.931s] DEBUG:colcon.colcon_core.verb:Building package 'py_RPi_IMU_Serial_Publisher' with the following arguments: {'ament_cmake_args': None, 'build_base': '/home/cmdr/ROS_DEV/NI-to-ROS-2/build/py_RPi_IMU_Serial_Publisher', 'catkin_cmake_args': None, 'catkin_skip_building_tests': False, 'cmake_args': None, 'cmake_clean_cache': False, 'cmake_clean_first': False, 'cmake_force_configure': False, 'cmake_target': None, 'cmake_target_skip_unavailable': False, 'install_base': '/home/cmdr/ROS_DEV/NI-to-ROS-2/install/py_RPi_IMU_Serial_Publisher', 'merge_install': False, 'path': '/home/cmdr/ROS_DEV/NI-to-ROS-2/src/py_RPi_IMU_Serial_Publisher', 'symlink_install': False, 'test_result_base': None}
[1.934s] INFO:colcon.colcon_core.executor:Executing jobs using 'parallel' executor
[1.947s] DEBUG:colcon.colcon_parallel_executor.executor.parallel:run_until_complete
[1.948s] INFO:colcon.colcon_ros.task.ament_cmake.build:Building ROS package in '/home/cmdr/ROS_DEV/NI-to-ROS-2/src/cpp_master_node' with build type 'ament_cmake'
[1.948s] INFO:colcon.colcon_cmake.task.cmake.build:Building CMake package in '/home/cmdr/ROS_DEV/NI-to-ROS-2/src/cpp_master_node'
[1.972s] INFO:colcon.colcon_core.plugin_system:Skipping extension 'colcon_core.shell.bat': Not used on non-Windows systems
[1.973s] INFO:colcon.colcon_core.shell:Skip shell extension 'powershell' for command environment: Not usable outside of PowerShell
[1.973s] DEBUG:colcon.colcon_core.shell:Skip shell extension 'dsv' for command environment
[1.993s] INFO:colcon.colcon_ros.task.ament_python.build:Building ROS package in '/home/cmdr/ROS_DEV/NI-to-ROS-2/src/py_RPi_IMU_Serial_Publisher' with build type 'ament_python'
[1.994s] Level 1:colcon.colcon_core.shell:create_environment_hook('py_RPi_IMU_Serial_Publisher', 'ament_prefix_path')
[2.001s] INFO:colcon.colcon_core.shell:Creating environment hook '/home/cmdr/ROS_DEV/NI-to-ROS-2/install/py_RPi_IMU_Serial_Publisher/share/py_RPi_IMU_Serial_Publisher/hook/ament_prefix_path.ps1'
[2.006s] INFO:colcon.colcon_core.shell:Creating environment descriptor '/home/cmdr/ROS_DEV/NI-to-ROS-2/install/py_RPi_IMU_Serial_Publisher/share/py_RPi_IMU_Serial_Publisher/hook/ament_prefix_path.dsv'
[2.009s] INFO:colcon.colcon_core.shell:Creating environment hook '/home/cmdr/ROS_DEV/NI-to-ROS-2/install/py_RPi_IMU_Serial_Publisher/share/py_RPi_IMU_Serial_Publisher/hook/ament_prefix_path.sh'
[2.018s] INFO:colcon.colcon_core.shell:Skip shell extension 'powershell' for command environment: Not usable outside of PowerShell
[2.018s] DEBUG:colcon.colcon_core.shell:Skip shell extension 'dsv' for command environment
[2.066s] DEBUG:colcon.colcon_core.event_handler.log_command:Invoking command in '/home/cmdr/ROS_DEV/NI-to-ROS-2/build/cpp_master_node': CMAKE_PREFIX_PATH=${CMAKE_PREFIX_PATH}:/home/cmdr/ROS_DEV/NI-to-ROS-2/install/py_RPi_IMU_Serial_Publisher:/opt/ros/humble /usr/bin/cmake --build /home/cmdr/ROS_DEV/NI-to-ROS-2/build/cpp_master_node -- -j4 -l4
[3.197s] INFO:colcon.colcon_core.task.python.build:Building Python package in '/home/cmdr/ROS_DEV/NI-to-ROS-2/src/py_RPi_IMU_Serial_Publisher'
[3.203s] INFO:colcon.colcon_core.shell:Skip shell extension 'powershell' for command environment: Not usable outside of PowerShell
[3.204s] DEBUG:colcon.colcon_core.shell:Skip shell extension 'dsv' for command environment
[3.232s] DEBUG:colcon.colcon_core.event_handler.log_command:Invoked command in '/home/cmdr/ROS_DEV/NI-to-ROS-2/build/cpp_master_node' returned '2': CMAKE_PREFIX_PATH=${CMAKE_PREFIX_PATH}:/home/cmdr/ROS_DEV/NI-to-ROS-2/install/py_RPi_IMU_Serial_Publisher:/opt/ros/humble /usr/bin/cmake --build /home/cmdr/ROS_DEV/NI-to-ROS-2/build/cpp_master_node -- -j4 -l4
[3.367s] Level 1:colcon.colcon_core.environment:create_environment_scripts_only(cpp_master_node)
[3.392s] Level 1:colcon.colcon_core.environment:checking '/home/cmdr/ROS_DEV/NI-to-ROS-2/install/cpp_master_node' for CMake module files
[3.396s] Level 1:colcon.colcon_core.environment:checking '/home/cmdr/ROS_DEV/NI-to-ROS-2/install/cpp_master_node' for CMake config files
[3.397s] Level 1:colcon.colcon_core.shell:create_environment_hook('cpp_master_node', 'cmake_prefix_path')
[3.403s] INFO:colcon.colcon_core.shell:Creating environment hook '/home/cmdr/ROS_DEV/NI-to-ROS-2/install/cpp_master_node/share/cpp_master_node/hook/cmake_prefix_path.ps1'
[3.406s] INFO:colcon.colcon_core.shell:Creating environment descriptor '/home/cmdr/ROS_DEV/NI-to-ROS-2/install/cpp_master_node/share/cpp_master_node/hook/cmake_prefix_path.dsv'
[3.408s] INFO:colcon.colcon_core.shell:Creating environment hook '/home/cmdr/ROS_DEV/NI-to-ROS-2/install/cpp_master_node/share/cpp_master_node/hook/cmake_prefix_path.sh'
[3.412s] Level 1:colcon.colcon_core.environment:checking '/home/cmdr/ROS_DEV/NI-to-ROS-2/install/cpp_master_node/lib'
[3.413s] Level 1:colcon.colcon_core.environment:checking '/home/cmdr/ROS_DEV/NI-to-ROS-2/install/cpp_master_node/bin'
[3.413s] Level 1:colcon.colcon_core.environment:checking '/home/cmdr/ROS_DEV/NI-to-ROS-2/install/cpp_master_node/lib/pkgconfig/cpp_master_node.pc'
[3.414s] Level 1:colcon.colcon_core.environment:checking '/home/cmdr/ROS_DEV/NI-to-ROS-2/install/cpp_master_node/lib/python3.10/site-packages'
[3.416s] Level 1:colcon.colcon_core.environment:checking '/home/cmdr/ROS_DEV/NI-to-ROS-2/install/cpp_master_node/bin'
[3.421s] INFO:colcon.colcon_core.shell:Creating package script '/home/cmdr/ROS_DEV/NI-to-ROS-2/install/cpp_master_node/share/cpp_master_node/package.ps1'
[3.425s] INFO:colcon.colcon_core.shell:Creating package descriptor '/home/cmdr/ROS_DEV/NI-to-ROS-2/install/cpp_master_node/share/cpp_master_node/package.dsv'
[3.429s] INFO:colcon.colcon_core.shell:Creating package script '/home/cmdr/ROS_DEV/NI-to-ROS-2/install/cpp_master_node/share/cpp_master_node/package.sh'
[3.434s] INFO:colcon.colcon_core.shell:Creating package script '/home/cmdr/ROS_DEV/NI-to-ROS-2/install/cpp_master_node/share/cpp_master_node/package.bash'
[3.438s] INFO:colcon.colcon_core.shell:Creating package script '/home/cmdr/ROS_DEV/NI-to-ROS-2/install/cpp_master_node/share/cpp_master_node/package.zsh'
[3.442s] Level 1:colcon.colcon_core.environment:create_file_with_runtime_dependencies(/home/cmdr/ROS_DEV/NI-to-ROS-2/install/cpp_master_node/share/colcon-core/packages/cpp_master_node)
[4.698s] DEBUG:colcon.colcon_parallel_executor.executor.parallel:closing loop
[4.699s] DEBUG:colcon.colcon_parallel_executor.executor.parallel:loop closed
[4.700s] DEBUG:colcon.colcon_parallel_executor.executor.parallel:run_until_complete finished with '2'
[4.700s] DEBUG:colcon.colcon_core.event_reactor:joining thread
[4.728s] INFO:colcon.colcon_core.plugin_system:Skipping extension 'colcon_notification.desktop_notification.terminal_notifier': Not used on non-Darwin systems
[4.728s] INFO:colcon.colcon_core.plugin_system:Skipping extension 'colcon_notification.desktop_notification.win32': Not used on non-Windows systems
[4.729s] INFO:colcon.colcon_notification.desktop_notification:Sending desktop notification using 'notify2'
[4.771s] DEBUG:colcon.colcon_core.event_reactor:joined thread
[4.777s] INFO:colcon.colcon_core.shell:Creating prefix script '/home/cmdr/ROS_DEV/NI-to-ROS-2/install/local_setup.ps1'
[4.781s] INFO:colcon.colcon_core.shell:Creating prefix util module '/home/cmdr/ROS_DEV/NI-to-ROS-2/install/_local_setup_util_ps1.py'
[4.786s] INFO:colcon.colcon_core.shell:Creating prefix chain script '/home/cmdr/ROS_DEV/NI-to-ROS-2/install/setup.ps1'
[4.793s] INFO:colcon.colcon_core.shell:Creating prefix script '/home/cmdr/ROS_DEV/NI-to-ROS-2/install/local_setup.sh'
[4.796s] INFO:colcon.colcon_core.shell:Creating prefix util module '/home/cmdr/ROS_DEV/NI-to-ROS-2/install/_local_setup_util_sh.py'
[4.799s] INFO:colcon.colcon_core.shell:Creating prefix chain script '/home/cmdr/ROS_DEV/NI-to-ROS-2/install/setup.sh'
[4.806s] INFO:colcon.colcon_core.shell:Creating prefix script '/home/cmdr/ROS_DEV/NI-to-ROS-2/install/local_setup.bash'
[4.809s] INFO:colcon.colcon_core.shell:Creating prefix chain script '/home/cmdr/ROS_DEV/NI-to-ROS-2/install/setup.bash'
[4.816s] INFO:colcon.colcon_core.shell:Creating prefix script '/home/cmdr/ROS_DEV/NI-to-ROS-2/install/local_setup.zsh'
[4.819s] INFO:colcon.colcon_core.shell:Creating prefix chain script '/home/cmdr/ROS_DEV/NI-to-ROS-2/install/setup.zsh'
