[0.052s] Invoking command in '/home/cmdr/ROS_DEV/NI-to-ROS-2/build/cpp_master_node': CMAKE_PREFIX_PATH=/opt/ros/humble /usr/bin/cmake /home/cmdr/ROS_DEV/NI-to-ROS-2/src/cpp_master_node -DAMENT_CMAKE_SYMLINK_INSTALL=1 -DCMAKE_INSTALL_PREFIX=/home/cmdr/ROS_DEV/NI-to-ROS-2/install/cpp_master_node
[0.107s] -- Found ament_cmake: 1.3.5 (/opt/ros/humble/share/ament_cmake/cmake)
[0.689s] -- Override CMake install command with custom implementation using symlinks instead of copying resources
[0.728s] -- Found rclcpp: 16.0.5 (/opt/ros/humble/share/rclcpp/cmake)
[0.880s] -- Found rosidl_generator_c: 3.1.5 (/opt/ros/humble/share/rosidl_generator_c/cmake)
[0.891s] -- Found rosidl_adapter: 3.1.5 (/opt/ros/humble/share/rosidl_adapter/cmake)
[0.916s] -- Found rosidl_generator_cpp: 3.1.5 (/opt/ros/humble/share/rosidl_generator_cpp/cmake)
[0.966s] -- Using all available rosidl_typesupport_c: rosidl_typesupport_fastrtps_c;rosidl_typesupport_introspection_c
[1.030s] -- Using all available rosidl_typesupport_cpp: rosidl_typesupport_fastrtps_cpp;rosidl_typesupport_introspection_cpp
[1.263s] -- Found rmw_implementation_cmake: 6.1.1 (/opt/ros/humble/share/rmw_implementation_cmake/cmake)
[1.269s] -- Found rmw_fastrtps_cpp: 6.2.3 (/opt/ros/humble/share/rmw_fastrtps_cpp/cmake)
[1.972s] -- Using RMW implementation 'rmw_fastrtps_cpp' as default
[2.577s] -- Found geometry_msgs: 4.2.3 (/opt/ros/humble/share/geometry_msgs/cmake)
[2.746s] -- Found rosidl_default_generators: 1.2.0 (/opt/ros/humble/share/rosidl_default_generators/cmake)
[2.793s] -- Found ament_lint_auto: 0.12.7 (/opt/ros/humble/share/ament_lint_auto/cmake)
[3.110s] -- Added test 'cppcheck' to perform static code analysis on C / C++ code
[3.110s] -- Configured cppcheck include dirs: 
[3.112s] -- Configured cppcheck exclude dirs and/or files: 
[3.114s] -- Added test 'lint_cmake' to check CMake code style
[3.121s] -- Added test 'uncrustify' to check C / C++ code style
[3.122s] -- Configured uncrustify additional arguments: 
[3.123s] -- Added test 'xmllint' to check XML markup files
[3.128s] -- Configuring done
[3.195s] -- Generating done
[3.204s] -- Build files have been written to: /home/cmdr/ROS_DEV/NI-to-ROS-2/build/cpp_master_node
[3.235s] Invoked command in '/home/cmdr/ROS_DEV/NI-to-ROS-2/build/cpp_master_node' returned '0': CMAKE_PREFIX_PATH=/opt/ros/humble /usr/bin/cmake /home/cmdr/ROS_DEV/NI-to-ROS-2/src/cpp_master_node -DAMENT_CMAKE_SYMLINK_INSTALL=1 -DCMAKE_INSTALL_PREFIX=/home/cmdr/ROS_DEV/NI-to-ROS-2/install/cpp_master_node
[3.246s] Invoking command in '/home/cmdr/ROS_DEV/NI-to-ROS-2/build/cpp_master_node': CMAKE_PREFIX_PATH=/opt/ros/humble /usr/bin/cmake --build /home/cmdr/ROS_DEV/NI-to-ROS-2/build/cpp_master_node -- -j4 -l4
[3.405s] [35m[1mConsolidate compiler generated dependencies of target master_node[0m
[3.495s] [ 50%] [32mBuilding CXX object CMakeFiles/master_node.dir/src/master_node.cpp.o[0m
[13.279s] [01m[K/home/cmdr/ROS_DEV/NI-to-ROS-2/src/cpp_master_node/src/master_node.cpp:18:31:[m[K [01;31m[Kerror: [m[K‘[01m[Kstd_msgs[m[K’ does not name a type
[13.280s]    18 |     void topic_callback(const [01;31m[Kstd_msgs[m[K::msg::String & msg) const
[13.280s]       |                               [01;31m[K^~~~~~~~[m[K
[13.281s] [01m[K/home/cmdr/ROS_DEV/NI-to-ROS-2/src/cpp_master_node/src/master_node.cpp:18:44:[m[K [01;31m[Kerror: [m[Kexpected unqualified-id before ‘[01m[K::[m[K’ token
[13.281s]    18 |     void topic_callback(const std_msgs::msg[01;31m[K::[m[KString & msg) const
[13.282s]       |                                            [01;31m[K^~[m[K
[13.282s] [01m[K/home/cmdr/ROS_DEV/NI-to-ROS-2/src/cpp_master_node/src/master_node.cpp:18:44:[m[K [01;31m[Kerror: [m[Kexpected ‘[01m[K)[m[K’ before ‘[01m[K::[m[K’ token
[13.283s]    18 |     void topic_callback[34m[K([m[Kconst std_msgs::msg[01;31m[K:[m[K[32m[K:[m[KString & msg) const
[13.283s]       |                        [34m[K~[m[K                   [01;31m[K^[m[K[32m[K~[m[K
[13.284s]       |                                            [32m[K)[m[K
[13.285s] [01m[K/home/cmdr/ROS_DEV/NI-to-ROS-2/src/cpp_master_node/src/master_node.cpp:18:41:[m[K [01;31m[Kerror: [m[Kexpected ‘[01m[K;[m[K’ at end of member declaration
[13.286s]    18 |     void topic_callback(const std_msgs::[01;31m[Kmsg[m[K::String & msg) const
[13.286s]       |                                         [01;31m[K^~~[m[K
[13.287s]       |                                            [32m[K;[m[K
[13.290s] [01m[K/home/cmdr/ROS_DEV/NI-to-ROS-2/src/cpp_master_node/src/master_node.cpp:18:46:[m[K [01;31m[Kerror: [m[K‘[01m[KString[m[K’ in namespace ‘[01m[K::[m[K’ does not name a type
[13.291s]    18 |     void topic_callback(const std_msgs::msg::[01;31m[KString[m[K & msg) const
[13.291s]       |                                              [01;31m[K^~~~~~[m[K
[13.313s] [01m[K/home/cmdr/ROS_DEV/NI-to-ROS-2/src/cpp_master_node/src/master_node.cpp:22:26:[m[K [01;31m[Kerror: [m[K‘[01m[Kstd_msgs[m[K’ was not declared in this scope
[13.313s]    22 |     rclcpp::Subscription<[01;31m[Kstd_msgs[m[K::msg::String>::SharedPtr subscription_;
[13.314s]       |                          [01;31m[K^~~~~~~~[m[K
[13.314s] [01m[K/home/cmdr/ROS_DEV/NI-to-ROS-2/src/cpp_master_node/src/master_node.cpp:22:47:[m[K [01;31m[Kerror: [m[Ktemplate argument 1 is invalid
[13.314s]    22 |     rclcpp::Subscription<std_msgs::msg::String[01;31m[K>[m[K::SharedPtr subscription_;
[13.315s]       |                                               [01;31m[K^[m[K
[13.315s] [01m[K/home/cmdr/ROS_DEV/NI-to-ROS-2/src/cpp_master_node/src/master_node.cpp:22:47:[m[K [01;31m[Kerror: [m[Ktemplate argument 3 is invalid
[13.316s] [01m[K/home/cmdr/ROS_DEV/NI-to-ROS-2/src/cpp_master_node/src/master_node.cpp:22:47:[m[K [01;31m[Kerror: [m[Ktemplate argument 4 is invalid
[13.316s] [01m[K/home/cmdr/ROS_DEV/NI-to-ROS-2/src/cpp_master_node/src/master_node.cpp:22:47:[m[K [01;31m[Kerror: [m[Ktemplate argument 5 is invalid
[13.316s] [01m[K/home/cmdr/ROS_DEV/NI-to-ROS-2/src/cpp_master_node/src/master_node.cpp:22:50:[m[K [01;31m[Kerror: [m[Kexpected ‘[01m[K;[m[K’ at end of member declaration
[13.317s]    22 |     rclcpp::Subscription<std_msgs::msg::String>::[01;31m[KSharedPtr[m[K subscription_;
[13.317s]       |                                                  [01;31m[K^~~~~~~~~[m[K
[13.318s]       |                                                           [32m[K;[m[K
[13.320s] [01m[K/home/cmdr/ROS_DEV/NI-to-ROS-2/src/cpp_master_node/src/master_node.cpp:22:60:[m[K [01;31m[Kerror: [m[K‘[01m[Ksubscription_[m[K’ does not name a type; did you mean ‘[01m[Krmw_subscription_t[m[K’?
[13.320s]    22 |     rclcpp::Subscription<std_msgs::msg::String>::SharedPtr [01;31m[Ksubscription_[m[K;
[13.321s]       |                                                            [01;31m[K^~~~~~~~~~~~~[m[K
[13.322s]       |                                                            [32m[Krmw_subscription_t[m[K
[13.348s] [01m[K/home/cmdr/ROS_DEV/NI-to-ROS-2/src/cpp_master_node/src/master_node.cpp:[m[K In constructor ‘[01m[KMasterSubscriber::MasterSubscriber()[m[K’:
[13.348s] [01m[K/home/cmdr/ROS_DEV/NI-to-ROS-2/src/cpp_master_node/src/master_node.cpp:13:7:[m[K [01;31m[Kerror: [m[K‘[01m[Ksubscription_[m[K’ was not declared in this scope; did you mean ‘[01m[Krmw_subscription_t[m[K’?
[13.349s]    13 |       [01;31m[Ksubscription_[m[K = this->create_subscription<geometry_msgs::msg::Vector3>(
[13.349s]       |       [01;31m[K^~~~~~~~~~~~~[m[K
[13.350s]       |       [32m[Krmw_subscription_t[m[K
[15.008s] In file included from [01m[K/opt/ros/humble/include/rclcpp/rclcpp/client.hpp:39[m[K,
[15.008s]                  from [01m[K/opt/ros/humble/include/rclcpp/rclcpp/callback_group.hpp:24[m[K,
[15.009s]                  from [01m[K/opt/ros/humble/include/rclcpp/rclcpp/any_executable.hpp:20[m[K,
[15.010s]                  from [01m[K/opt/ros/humble/include/rclcpp/rclcpp/memory_strategy.hpp:25[m[K,
[15.011s]                  from [01m[K/opt/ros/humble/include/rclcpp/rclcpp/memory_strategies.hpp:18[m[K,
[15.011s]                  from [01m[K/opt/ros/humble/include/rclcpp/rclcpp/executor_options.hpp:20[m[K,
[15.012s]                  from [01m[K/opt/ros/humble/include/rclcpp/rclcpp/executor.hpp:37[m[K,
[15.012s]                  from [01m[K/opt/ros/humble/include/rclcpp/rclcpp/executors/multi_threaded_executor.hpp:25[m[K,
[15.013s]                  from [01m[K/opt/ros/humble/include/rclcpp/rclcpp/executors.hpp:21[m[K,
[15.013s]                  from [01m[K/opt/ros/humble/include/rclcpp/rclcpp/rclcpp.hpp:155[m[K,
[15.014s]                  from [01m[K/home/cmdr/ROS_DEV/NI-to-ROS-2/src/cpp_master_node/src/master_node.cpp:3[m[K:
[15.014s] /opt/ros/humble/include/rclcpp/rclcpp/function_traits.hpp: In instantiation of ‘[01m[Kstruct rclcpp::function_traits::function_traits<std::_Bind<void (MasterSubscriber::*(MasterSubscriber*, std::_Placeholder<1>))(...)> >[m[K’:
[15.015s] [01m[K/opt/ros/humble/include/rclcpp/rclcpp/any_subscription_callback.hpp:380:10:[m[K   recursively required by substitution of ‘[01m[Ktemplate<class MessageT, class CallbackT> struct rclcpp::detail::SubscriptionCallbackTypeHelper<MessageT, CallbackT, typename std::enable_if<rclcpp::function_traits::same_arguments<CallbackT, std::function<void(std::shared_ptr<_Tp>, const rclcpp::MessageInfo&)> >::value, void>::type> [with MessageT = geometry_msgs::msg::Vector3_<std::allocator<void> >; CallbackT = std::_Bind<void (MasterSubscriber::*(MasterSubscriber*, std::_Placeholder<1>))(...)>][m[K’
[15.015s] [01m[K/opt/ros/humble/include/rclcpp/rclcpp/any_subscription_callback.hpp:380:10:[m[K   required from ‘[01m[Krclcpp::AnySubscriptionCallback<MessageT, AllocatorT> rclcpp::AnySubscriptionCallback<MessageT, AllocatorT>::set(CallbackT) [with CallbackT = std::_Bind<void (MasterSubscriber::*(MasterSubscriber*, std::_Placeholder<1>))(...)>; MessageT = geometry_msgs::msg::Vector3_<std::allocator<void> >; AllocatorT = std::allocator<void>][m[K’
[15.016s] [01m[K/opt/ros/humble/include/rclcpp/rclcpp/subscription_factory.hpp:94:32:[m[K   required from ‘[01m[Krclcpp::SubscriptionFactory rclcpp::create_subscription_factory(CallbackT&&, const rclcpp::SubscriptionOptionsWithAllocator<AllocatorT>&, typename MessageMemoryStrategyT::SharedPtr, std::shared_ptr<rclcpp::topic_statistics::SubscriptionTopicStatistics<ROSMessageType> >) [with MessageT = geometry_msgs::msg::Vector3_<std::allocator<void> >; CallbackT = std::_Bind<void (MasterSubscriber::*(MasterSubscriber*, std::_Placeholder<1>))(...)>; AllocatorT = std::allocator<void>; SubscriptionT = rclcpp::Subscription<geometry_msgs::msg::Vector3_<std::allocator<void> >, std::allocator<void>, geometry_msgs::msg::Vector3_<std::allocator<void> >, geometry_msgs::msg::Vector3_<std::allocator<void> >, rclcpp::message_memory_strategy::MessageMemoryStrategy<geometry_msgs::msg::Vector3_<std::allocator<void> >, std::allocator<void> > >; MessageMemoryStrategyT = rclcpp::message_memory_strategy::MessageMemoryStrategy<geometry_msgs::msg::Vector3_<std::allocator<void> >, std::allocator<void> >; ROSMessageType = geometry_msgs::msg::Vector3_<std::allocator<void> >; typename MessageMemoryStrategyT::SharedPtr = std::shared_ptr<rclcpp::message_memory_strategy::MessageMemoryStrategy<geometry_msgs::msg::Vector3_<std::allocator<void> >, std::allocator<void> > >][m[K’
[15.016s] [01m[K/opt/ros/humble/include/rclcpp/rclcpp/create_subscription.hpp:122:63:[m[K   required from ‘[01m[Kstd::shared_ptr<ROSMessageT> rclcpp::detail::create_subscription(NodeParametersT&, NodeTopicsT&, const string&, const rclcpp::QoS&, CallbackT&&, const rclcpp::SubscriptionOptionsWithAllocator<AllocatorT>&, typename MessageMemoryStrategyT::SharedPtr) [with MessageT = geometry_msgs::msg::Vector3_<std::allocator<void> >; CallbackT = std::_Bind<void (MasterSubscriber::*(MasterSubscriber*, std::_Placeholder<1>))(...)>; AllocatorT = std::allocator<void>; SubscriptionT = rclcpp::Subscription<geometry_msgs::msg::Vector3_<std::allocator<void> >, std::allocator<void>, geometry_msgs::msg::Vector3_<std::allocator<void> >, geometry_msgs::msg::Vector3_<std::allocator<void> >, rclcpp::message_memory_strategy::MessageMemoryStrategy<geometry_msgs::msg::Vector3_<std::allocator<void> >, std::allocator<void> > >; MessageMemoryStrategyT = rclcpp::message_memory_strategy::MessageMemoryStrategy<geometry_msgs::msg::Vector3_<std::allocator<void> >, std::allocator<void> >; NodeParametersT = rclcpp::Node; NodeTopicsT = rclcpp::Node; ROSMessageType = geometry_msgs::msg::Vector3_<std::allocator<void> >; std::string = std::__cxx11::basic_string<char>; typename MessageMemoryStrategyT::SharedPtr = std::shared_ptr<rclcpp::message_memory_strategy::MessageMemoryStrategy<geometry_msgs::msg::Vector3_<std::allocator<void> >, std::allocator<void> > >][m[K’
[15.018s] [01m[K/opt/ros/humble/include/rclcpp/rclcpp/create_subscription.hpp:191:76:[m[K   required from ‘[01m[Kstd::shared_ptr<ROSMessageT> rclcpp::create_subscription(NodeT&, const string&, const rclcpp::QoS&, CallbackT&&, const rclcpp::SubscriptionOptionsWithAllocator<AllocatorT>&, typename MessageMemoryStrategyT::SharedPtr) [with MessageT = geometry_msgs::msg::Vector3_<std::allocator<void> >; CallbackT = std::_Bind<void (MasterSubscriber::*(MasterSubscriber*, std::_Placeholder<1>))(...)>; AllocatorT = std::allocator<void>; SubscriptionT = rclcpp::Subscription<geometry_msgs::msg::Vector3_<std::allocator<void> >, std::allocator<void>, geometry_msgs::msg::Vector3_<std::allocator<void> >, geometry_msgs::msg::Vector3_<std::allocator<void> >, rclcpp::message_memory_strategy::MessageMemoryStrategy<geometry_msgs::msg::Vector3_<std::allocator<void> >, std::allocator<void> > >; MessageMemoryStrategyT = rclcpp::message_memory_strategy::MessageMemoryStrategy<geometry_msgs::msg::Vector3_<std::allocator<void> >, std::allocator<void> >; NodeT = rclcpp::Node; std::string = std::__cxx11::basic_string<char>; typename MessageMemoryStrategyT::SharedPtr = std::shared_ptr<rclcpp::message_memory_strategy::MessageMemoryStrategy<geometry_msgs::msg::Vector3_<std::allocator<void> >, std::allocator<void> > >][m[K’
[15.018s] [01m[K/opt/ros/humble/include/rclcpp/rclcpp/node_impl.hpp:99:47:[m[K   required from ‘[01m[Kstd::shared_ptr<ROSMessageT> rclcpp::Node::create_subscription(const string&, const rclcpp::QoS&, CallbackT&&, const rclcpp::SubscriptionOptionsWithAllocator<AllocatorT>&, typename MessageMemoryStrategyT::SharedPtr) [with MessageT = geometry_msgs::msg::Vector3_<std::allocator<void> >; CallbackT = std::_Bind<void (MasterSubscriber::*(MasterSubscriber*, std::_Placeholder<1>))(...)>; AllocatorT = std::allocator<void>; SubscriptionT = rclcpp::Subscription<geometry_msgs::msg::Vector3_<std::allocator<void> >, std::allocator<void>, geometry_msgs::msg::Vector3_<std::allocator<void> >, geometry_msgs::msg::Vector3_<std::allocator<void> >, rclcpp::message_memory_strategy::MessageMemoryStrategy<geometry_msgs::msg::Vector3_<std::allocator<void> >, std::allocator<void> > >; MessageMemoryStrategyT = rclcpp::message_memory_strategy::MessageMemoryStrategy<geometry_msgs::msg::Vector3_<std::allocator<void> >, std::allocator<void> >; std::string = std::__cxx11::basic_string<char>; typename MessageMemoryStrategyT::SharedPtr = std::shared_ptr<rclcpp::message_memory_strategy::MessageMemoryStrategy<geometry_msgs::msg::Vector3_<std::allocator<void> >, std::allocator<void> > >][m[K’
[15.019s] [01m[K/home/cmdr/ROS_DEV/NI-to-ROS-2/src/cpp_master_node/src/master_node.cpp:13:77:[m[K   required from here
[15.019s] [01m[K/opt/ros/humble/include/rclcpp/rclcpp/function_traits.hpp:51:9:[m[K [01;31m[Kerror: [m[K‘[01m[Kdecltype[m[K’ cannot resolve address of overloaded function
[15.020s]    51 |   using [01;31m[Karguments[m[K = typename tuple_tail<
[15.020s]       |         [01;31m[K^~~~~~~~~[m[K
[15.021s] [01m[K/opt/ros/humble/include/rclcpp/rclcpp/function_traits.hpp:57:9:[m[K [01;31m[Kerror: [m[K‘[01m[Kdecltype[m[K’ cannot resolve address of overloaded function
[15.021s]    57 |   using [01;31m[Kargument_type[m[K = typename std::tuple_element<N, arguments>::type;
[15.022s]       |         [01;31m[K^~~~~~~~~~~~~[m[K
[15.022s] [01m[K/opt/ros/humble/include/rclcpp/rclcpp/function_traits.hpp:59:9:[m[K [01;31m[Kerror: [m[K‘[01m[Kdecltype[m[K’ cannot resolve address of overloaded function
[15.023s]    59 |   using [01;31m[Kreturn_type[m[K = typename function_traits<decltype( &FunctionT::operator())>::return_type;
[15.023s]       |         [01;31m[K^~~~~~~~~~~[m[K
[21.278s] gmake[2]: *** [CMakeFiles/master_node.dir/build.make:76: CMakeFiles/master_node.dir/src/master_node.cpp.o] Error 1
[21.279s] gmake[1]: *** [CMakeFiles/Makefile2:137: CMakeFiles/master_node.dir/all] Error 2
[21.280s] gmake: *** [Makefile:146: all] Error 2
[21.286s] Invoked command in '/home/cmdr/ROS_DEV/NI-to-ROS-2/build/cpp_master_node' returned '2': CMAKE_PREFIX_PATH=/opt/ros/humble /usr/bin/cmake --build /home/cmdr/ROS_DEV/NI-to-ROS-2/build/cpp_master_node -- -j4 -l4
