[1.309s] DEBUG:colcon:Command line arguments: ['/usr/bin/colcon', 'build', '--packages-select', 'cpp_master_node']
[1.309s] DEBUG:colcon:Parsed command line arguments: Namespace(log_base=None, log_level=None, verb_name='build', build_base='build', install_base='install', merge_install=False, symlink_install=False, test_result_base=None, continue_on_error=False, executor='parallel', parallel_workers=4, event_handlers=None, ignore_user_meta=False, metas=['./colcon.meta'], base_paths=['.'], packages_ignore=None, packages_ignore_regex=None, paths=None, packages_up_to=None, packages_up_to_regex=None, packages_above=None, packages_above_and_dependencies=None, packages_above_depth=None, packages_select_by_dep=None, packages_skip_by_dep=None, packages_skip_up_to=None, packages_select_build_failed=False, packages_skip_build_finished=False, packages_select_test_failures=False, packages_skip_test_passed=False, packages_select=['cpp_master_node'], packages_skip=None, packages_select_regex=None, packages_skip_regex=None, packages_start=None, packages_end=None, allow_overriding=[], cmake_args=None, cmake_target=None, cmake_target_skip_unavailable=False, cmake_clean_cache=False, cmake_clean_first=False, cmake_force_configure=False, ament_cmake_args=None, catkin_cmake_args=None, catkin_skip_building_tests=False, verb_parser=<colcon_defaults.argument_parser.defaults.DefaultArgumentsDecorator object at 0xffff9918b190>, verb_extension=<colcon_core.verb.build.BuildVerb object at 0xffff99a15180>, main=<bound method BuildVerb.main of <colcon_core.verb.build.BuildVerb object at 0xffff99a15180>>)
[1.455s] Level 1:colcon.colcon_core.package_discovery:discover_packages(colcon_meta) check parameters
[1.455s] Level 1:colcon.colcon_core.package_discovery:discover_packages(recursive) check parameters
[1.456s] Level 1:colcon.colcon_core.package_discovery:discover_packages(ignore) check parameters
[1.456s] Level 1:colcon.colcon_core.package_discovery:discover_packages(path) check parameters
[1.456s] Level 1:colcon.colcon_core.package_discovery:discover_packages(colcon_meta) discover
[1.456s] Level 1:colcon.colcon_core.package_discovery:discover_packages(recursive) discover
[1.457s] INFO:colcon.colcon_core.package_discovery:Crawling recursively for packages in '/home/cmdr/ROS_DEV/NI-to-ROS-2'
[1.457s] Level 1:colcon.colcon_core.package_identification:_identify(.) by extensions ['ignore', 'ignore_ament_install']
[1.458s] Level 1:colcon.colcon_core.package_identification:_identify(.) by extension 'ignore'
[1.458s] Level 1:colcon.colcon_core.package_identification:_identify(.) by extension 'ignore_ament_install'
[1.458s] Level 1:colcon.colcon_core.package_identification:_identify(.) by extensions ['colcon_pkg']
[1.459s] Level 1:colcon.colcon_core.package_identification:_identify(.) by extension 'colcon_pkg'
[1.459s] Level 1:colcon.colcon_core.package_identification:_identify(.) by extensions ['colcon_meta']
[1.459s] Level 1:colcon.colcon_core.package_identification:_identify(.) by extension 'colcon_meta'
[1.459s] Level 1:colcon.colcon_core.package_identification:_identify(.) by extensions ['ros']
[1.459s] Level 1:colcon.colcon_core.package_identification:_identify(.) by extension 'ros'
[1.507s] Level 1:colcon.colcon_core.package_identification:_identify(.) by extensions ['cmake', 'python']
[1.508s] Level 1:colcon.colcon_core.package_identification:_identify(.) by extension 'cmake'
[1.508s] Level 1:colcon.colcon_core.package_identification:_identify(.) by extension 'python'
[1.509s] Level 1:colcon.colcon_core.package_identification:_identify(.) by extensions ['python_setup_py']
[1.509s] Level 1:colcon.colcon_core.package_identification:_identify(.) by extension 'python_setup_py'
[1.510s] Level 1:colcon.colcon_core.package_identification:_identify(build) by extensions ['ignore', 'ignore_ament_install']
[1.510s] Level 1:colcon.colcon_core.package_identification:_identify(build) by extension 'ignore'
[1.510s] Level 1:colcon.colcon_core.package_identification:_identify(build) ignored
[1.511s] Level 1:colcon.colcon_core.package_identification:_identify(install) by extensions ['ignore', 'ignore_ament_install']
[1.512s] Level 1:colcon.colcon_core.package_identification:_identify(install) by extension 'ignore'
[1.512s] Level 1:colcon.colcon_core.package_identification:_identify(install) ignored
[1.513s] Level 1:colcon.colcon_core.package_identification:_identify(log) by extensions ['ignore', 'ignore_ament_install']
[1.513s] Level 1:colcon.colcon_core.package_identification:_identify(log) by extension 'ignore'
[1.513s] Level 1:colcon.colcon_core.package_identification:_identify(log) ignored
[1.514s] Level 1:colcon.colcon_core.package_identification:_identify(src) by extensions ['ignore', 'ignore_ament_install']
[1.514s] Level 1:colcon.colcon_core.package_identification:_identify(src) by extension 'ignore'
[1.514s] Level 1:colcon.colcon_core.package_identification:_identify(src) by extension 'ignore_ament_install'
[1.515s] Level 1:colcon.colcon_core.package_identification:_identify(src) by extensions ['colcon_pkg']
[1.515s] Level 1:colcon.colcon_core.package_identification:_identify(src) by extension 'colcon_pkg'
[1.515s] Level 1:colcon.colcon_core.package_identification:_identify(src) by extensions ['colcon_meta']
[1.515s] Level 1:colcon.colcon_core.package_identification:_identify(src) by extension 'colcon_meta'
[1.515s] Level 1:colcon.colcon_core.package_identification:_identify(src) by extensions ['ros']
[1.515s] Level 1:colcon.colcon_core.package_identification:_identify(src) by extension 'ros'
[1.516s] Level 1:colcon.colcon_core.package_identification:_identify(src) by extensions ['cmake', 'python']
[1.516s] Level 1:colcon.colcon_core.package_identification:_identify(src) by extension 'cmake'
[1.516s] Level 1:colcon.colcon_core.package_identification:_identify(src) by extension 'python'
[1.516s] Level 1:colcon.colcon_core.package_identification:_identify(src) by extensions ['python_setup_py']
[1.516s] Level 1:colcon.colcon_core.package_identification:_identify(src) by extension 'python_setup_py'
[1.517s] Level 1:colcon.colcon_core.package_identification:_identify(src/cpp_master_node) by extensions ['ignore', 'ignore_ament_install']
[1.517s] Level 1:colcon.colcon_core.package_identification:_identify(src/cpp_master_node) by extension 'ignore'
[1.517s] Level 1:colcon.colcon_core.package_identification:_identify(src/cpp_master_node) by extension 'ignore_ament_install'
[1.518s] Level 1:colcon.colcon_core.package_identification:_identify(src/cpp_master_node) by extensions ['colcon_pkg']
[1.518s] Level 1:colcon.colcon_core.package_identification:_identify(src/cpp_master_node) by extension 'colcon_pkg'
[1.518s] Level 1:colcon.colcon_core.package_identification:_identify(src/cpp_master_node) by extensions ['colcon_meta']
[1.518s] Level 1:colcon.colcon_core.package_identification:_identify(src/cpp_master_node) by extension 'colcon_meta'
[1.518s] Level 1:colcon.colcon_core.package_identification:_identify(src/cpp_master_node) by extensions ['ros']
[1.518s] Level 1:colcon.colcon_core.package_identification:_identify(src/cpp_master_node) by extension 'ros'
[1.528s] DEBUG:colcon.colcon_core.package_identification:Package 'src/cpp_master_node' with type 'ros.ament_cmake' and name 'cpp_master_node'
[1.529s] Level 1:colcon.colcon_core.package_identification:_identify(src/py_RPi_IMU_Serial_Publisher) by extensions ['ignore', 'ignore_ament_install']
[1.529s] Level 1:colcon.colcon_core.package_identification:_identify(src/py_RPi_IMU_Serial_Publisher) by extension 'ignore'
[1.530s] Level 1:colcon.colcon_core.package_identification:_identify(src/py_RPi_IMU_Serial_Publisher) by extension 'ignore_ament_install'
[1.530s] Level 1:colcon.colcon_core.package_identification:_identify(src/py_RPi_IMU_Serial_Publisher) by extensions ['colcon_pkg']
[1.530s] Level 1:colcon.colcon_core.package_identification:_identify(src/py_RPi_IMU_Serial_Publisher) by extension 'colcon_pkg'
[1.530s] Level 1:colcon.colcon_core.package_identification:_identify(src/py_RPi_IMU_Serial_Publisher) by extensions ['colcon_meta']
[1.530s] Level 1:colcon.colcon_core.package_identification:_identify(src/py_RPi_IMU_Serial_Publisher) by extension 'colcon_meta'
[1.531s] Level 1:colcon.colcon_core.package_identification:_identify(src/py_RPi_IMU_Serial_Publisher) by extensions ['ros']
[1.531s] Level 1:colcon.colcon_core.package_identification:_identify(src/py_RPi_IMU_Serial_Publisher) by extension 'ros'
[1.534s] DEBUG:colcon.colcon_core.package_identification:Package 'src/py_RPi_IMU_Serial_Publisher' with type 'ros.ament_python' and name 'py_RPi_IMU_Serial_Publisher'
[1.534s] Level 1:colcon.colcon_core.package_discovery:discover_packages(recursive) using defaults
[1.535s] Level 1:colcon.colcon_core.package_discovery:discover_packages(ignore) discover
[1.535s] Level 1:colcon.colcon_core.package_discovery:discover_packages(ignore) using defaults
[1.535s] Level 1:colcon.colcon_core.package_discovery:discover_packages(path) discover
[1.535s] Level 1:colcon.colcon_core.package_discovery:discover_packages(path) using defaults
[1.622s] INFO:colcon.colcon_core.package_selection:Skipping not selected package 'py_RPi_IMU_Serial_Publisher' in 'src/py_RPi_IMU_Serial_Publisher'
[1.625s] Level 1:colcon.colcon_core.package_discovery:discover_packages(prefix_path) check parameters
[1.625s] Level 1:colcon.colcon_core.package_discovery:discover_packages(prefix_path) discover
[1.640s] DEBUG:colcon.colcon_installed_package_information.package_discovery:Found 180 installed packages in /opt/ros/humble
[1.645s] Level 1:colcon.colcon_core.package_discovery:discover_packages(prefix_path) using defaults
[1.824s] Level 5:colcon.colcon_core.verb:set package 'cpp_master_node' build argument 'cmake_args' from command line to 'None'
[1.824s] Level 5:colcon.colcon_core.verb:set package 'cpp_master_node' build argument 'cmake_target' from command line to 'None'
[1.824s] Level 5:colcon.colcon_core.verb:set package 'cpp_master_node' build argument 'cmake_target_skip_unavailable' from command line to 'False'
[1.824s] Level 5:colcon.colcon_core.verb:set package 'cpp_master_node' build argument 'cmake_clean_cache' from command line to 'False'
[1.824s] Level 5:colcon.colcon_core.verb:set package 'cpp_master_node' build argument 'cmake_clean_first' from command line to 'False'
[1.824s] Level 5:colcon.colcon_core.verb:set package 'cpp_master_node' build argument 'cmake_force_configure' from command line to 'False'
[1.825s] Level 5:colcon.colcon_core.verb:set package 'cpp_master_node' build argument 'ament_cmake_args' from command line to 'None'
[1.825s] Level 5:colcon.colcon_core.verb:set package 'cpp_master_node' build argument 'catkin_cmake_args' from command line to 'None'
[1.825s] Level 5:colcon.colcon_core.verb:set package 'cpp_master_node' build argument 'catkin_skip_building_tests' from command line to 'False'
[1.825s] DEBUG:colcon.colcon_core.verb:Building package 'cpp_master_node' with the following arguments: {'ament_cmake_args': None, 'build_base': '/home/cmdr/ROS_DEV/NI-to-ROS-2/build/cpp_master_node', 'catkin_cmake_args': None, 'catkin_skip_building_tests': False, 'cmake_args': None, 'cmake_clean_cache': False, 'cmake_clean_first': False, 'cmake_force_configure': False, 'cmake_target': None, 'cmake_target_skip_unavailable': False, 'install_base': '/home/cmdr/ROS_DEV/NI-to-ROS-2/install/cpp_master_node', 'merge_install': False, 'path': '/home/cmdr/ROS_DEV/NI-to-ROS-2/src/cpp_master_node', 'symlink_install': False, 'test_result_base': None}
[1.828s] INFO:colcon.colcon_core.executor:Executing jobs using 'parallel' executor
[1.840s] DEBUG:colcon.colcon_parallel_executor.executor.parallel:run_until_complete
[1.841s] INFO:colcon.colcon_ros.task.ament_cmake.build:Building ROS package in '/home/cmdr/ROS_DEV/NI-to-ROS-2/src/cpp_master_node' with build type 'ament_cmake'
[1.842s] INFO:colcon.colcon_cmake.task.cmake.build:Building CMake package in '/home/cmdr/ROS_DEV/NI-to-ROS-2/src/cpp_master_node'
[1.862s] INFO:colcon.colcon_core.plugin_system:Skipping extension 'colcon_core.shell.bat': Not used on non-Windows systems
[1.863s] INFO:colcon.colcon_core.shell:Skip shell extension 'powershell' for command environment: Not usable outside of PowerShell
[1.864s] DEBUG:colcon.colcon_core.shell:Skip shell extension 'dsv' for command environment
[1.894s] DEBUG:colcon.colcon_core.event_handler.log_command:Invoking command in '/home/cmdr/ROS_DEV/NI-to-ROS-2/build/cpp_master_node': CMAKE_PREFIX_PATH=/opt/ros/humble /usr/bin/cmake /home/cmdr/ROS_DEV/NI-to-ROS-2/src/cpp_master_node -DCMAKE_INSTALL_PREFIX=/home/cmdr/ROS_DEV/NI-to-ROS-2/install/cpp_master_node
[9.065s] DEBUG:colcon.colcon_core.event_handler.log_command:Invoked command in '/home/cmdr/ROS_DEV/NI-to-ROS-2/build/cpp_master_node' returned '0': CMAKE_PREFIX_PATH=/opt/ros/humble /usr/bin/cmake /home/cmdr/ROS_DEV/NI-to-ROS-2/src/cpp_master_node -DCMAKE_INSTALL_PREFIX=/home/cmdr/ROS_DEV/NI-to-ROS-2/install/cpp_master_node
[9.075s] DEBUG:colcon.colcon_core.event_handler.log_command:Invoking command in '/home/cmdr/ROS_DEV/NI-to-ROS-2/build/cpp_master_node': CMAKE_PREFIX_PATH=/opt/ros/humble /usr/bin/cmake --build /home/cmdr/ROS_DEV/NI-to-ROS-2/build/cpp_master_node -- -j4 -l4
[27.209s] DEBUG:colcon.colcon_core.event_handler.log_command:Invoked command in '/home/cmdr/ROS_DEV/NI-to-ROS-2/build/cpp_master_node' returned '2': CMAKE_PREFIX_PATH=/opt/ros/humble /usr/bin/cmake --build /home/cmdr/ROS_DEV/NI-to-ROS-2/build/cpp_master_node -- -j4 -l4
[27.335s] Level 1:colcon.colcon_core.environment:create_environment_scripts_only(cpp_master_node)
[27.359s] Level 1:colcon.colcon_core.environment:checking '/home/cmdr/ROS_DEV/NI-to-ROS-2/install/cpp_master_node' for CMake module files
[27.362s] Level 1:colcon.colcon_core.environment:checking '/home/cmdr/ROS_DEV/NI-to-ROS-2/install/cpp_master_node' for CMake config files
[27.363s] Level 1:colcon.colcon_core.shell:create_environment_hook('cpp_master_node', 'cmake_prefix_path')
[27.369s] INFO:colcon.colcon_core.shell:Creating environment hook '/home/cmdr/ROS_DEV/NI-to-ROS-2/install/cpp_master_node/share/cpp_master_node/hook/cmake_prefix_path.ps1'
[27.372s] INFO:colcon.colcon_core.shell:Creating environment descriptor '/home/cmdr/ROS_DEV/NI-to-ROS-2/install/cpp_master_node/share/cpp_master_node/hook/cmake_prefix_path.dsv'
[27.374s] INFO:colcon.colcon_core.shell:Creating environment hook '/home/cmdr/ROS_DEV/NI-to-ROS-2/install/cpp_master_node/share/cpp_master_node/hook/cmake_prefix_path.sh'
[27.378s] Level 1:colcon.colcon_core.environment:checking '/home/cmdr/ROS_DEV/NI-to-ROS-2/install/cpp_master_node/lib'
[27.378s] Level 1:colcon.colcon_core.environment:checking '/home/cmdr/ROS_DEV/NI-to-ROS-2/install/cpp_master_node/bin'
[27.379s] Level 1:colcon.colcon_core.environment:checking '/home/cmdr/ROS_DEV/NI-to-ROS-2/install/cpp_master_node/lib/pkgconfig/cpp_master_node.pc'
[27.380s] Level 1:colcon.colcon_core.environment:checking '/home/cmdr/ROS_DEV/NI-to-ROS-2/install/cpp_master_node/lib/python3.10/site-packages'
[27.381s] Level 1:colcon.colcon_core.environment:checking '/home/cmdr/ROS_DEV/NI-to-ROS-2/install/cpp_master_node/bin'
[27.386s] INFO:colcon.colcon_core.shell:Creating package script '/home/cmdr/ROS_DEV/NI-to-ROS-2/install/cpp_master_node/share/cpp_master_node/package.ps1'
[27.389s] INFO:colcon.colcon_core.shell:Creating package descriptor '/home/cmdr/ROS_DEV/NI-to-ROS-2/install/cpp_master_node/share/cpp_master_node/package.dsv'
[27.392s] INFO:colcon.colcon_core.shell:Creating package script '/home/cmdr/ROS_DEV/NI-to-ROS-2/install/cpp_master_node/share/cpp_master_node/package.sh'
[27.396s] INFO:colcon.colcon_core.shell:Creating package script '/home/cmdr/ROS_DEV/NI-to-ROS-2/install/cpp_master_node/share/cpp_master_node/package.bash'
[27.399s] INFO:colcon.colcon_core.shell:Creating package script '/home/cmdr/ROS_DEV/NI-to-ROS-2/install/cpp_master_node/share/cpp_master_node/package.zsh'
[27.403s] Level 1:colcon.colcon_core.environment:create_file_with_runtime_dependencies(/home/cmdr/ROS_DEV/NI-to-ROS-2/install/cpp_master_node/share/colcon-core/packages/cpp_master_node)
[27.415s] DEBUG:colcon.colcon_parallel_executor.executor.parallel:closing loop
[27.416s] DEBUG:colcon.colcon_parallel_executor.executor.parallel:loop closed
[27.417s] DEBUG:colcon.colcon_parallel_executor.executor.parallel:run_until_complete finished with '2'
[27.417s] DEBUG:colcon.colcon_core.event_reactor:joining thread
[27.441s] INFO:colcon.colcon_core.plugin_system:Skipping extension 'colcon_notification.desktop_notification.terminal_notifier': Not used on non-Darwin systems
[27.441s] INFO:colcon.colcon_core.plugin_system:Skipping extension 'colcon_notification.desktop_notification.win32': Not used on non-Windows systems
[27.441s] INFO:colcon.colcon_notification.desktop_notification:Sending desktop notification using 'notify2'
[27.498s] DEBUG:colcon.colcon_core.event_reactor:joined thread
[27.505s] INFO:colcon.colcon_core.shell:Creating prefix script '/home/cmdr/ROS_DEV/NI-to-ROS-2/install/local_setup.ps1'
[27.511s] INFO:colcon.colcon_core.shell:Creating prefix util module '/home/cmdr/ROS_DEV/NI-to-ROS-2/install/_local_setup_util_ps1.py'
[27.517s] INFO:colcon.colcon_core.shell:Creating prefix chain script '/home/cmdr/ROS_DEV/NI-to-ROS-2/install/setup.ps1'
[27.523s] INFO:colcon.colcon_core.shell:Creating prefix script '/home/cmdr/ROS_DEV/NI-to-ROS-2/install/local_setup.sh'
[27.526s] INFO:colcon.colcon_core.shell:Creating prefix util module '/home/cmdr/ROS_DEV/NI-to-ROS-2/install/_local_setup_util_sh.py'
[27.528s] INFO:colcon.colcon_core.shell:Creating prefix chain script '/home/cmdr/ROS_DEV/NI-to-ROS-2/install/setup.sh'
[27.534s] INFO:colcon.colcon_core.shell:Creating prefix script '/home/cmdr/ROS_DEV/NI-to-ROS-2/install/local_setup.bash'
[27.537s] INFO:colcon.colcon_core.shell:Creating prefix chain script '/home/cmdr/ROS_DEV/NI-to-ROS-2/install/setup.bash'
[27.542s] INFO:colcon.colcon_core.shell:Creating prefix script '/home/cmdr/ROS_DEV/NI-to-ROS-2/install/local_setup.zsh'
[27.545s] INFO:colcon.colcon_core.shell:Creating prefix chain script '/home/cmdr/ROS_DEV/NI-to-ROS-2/install/setup.zsh'
