[0.017s] Invoking command in '/home/cmdr1/ROS_DEV/build/cpp_master_node': CMAKE_PREFIX_PATH=${CMAKE_PREFIX_PATH}:/home/cmdr1/ROS_DEV/install/py_RPi_IMU_Serial_Publisher:/opt/ros/humble /usr/bin/cmake --build /home/cmdr1/ROS_DEV/build/cpp_master_node -- -j8 -l8
[0.060s] [100%] Built target master_node
[0.196s] Invoked command in '/home/cmdr1/ROS_DEV/build/cpp_master_node' returned '0': CMAKE_PREFIX_PATH=${CMAKE_PREFIX_PATH}:/home/cmdr1/ROS_DEV/install/py_RPi_IMU_Serial_Publisher:/opt/ros/humble /usr/bin/cmake --build /home/cmdr1/ROS_DEV/build/cpp_master_node -- -j8 -l8
[0.219s] Invoking command in '/home/cmdr1/ROS_DEV/build/cpp_master_node': CMAKE_PREFIX_PATH=${CMAKE_PREFIX_PATH}:/home/cmdr1/ROS_DEV/install/py_RPi_IMU_Serial_Publisher:/opt/ros/humble /usr/bin/cmake --install /home/cmdr1/ROS_DEV/build/cpp_master_node
[0.223s] -- Install configuration: ""
[0.223s] -- Up-to-date: /home/cmdr1/ROS_DEV/install/cpp_master_node/lib/cpp_master_node/master_node
[0.224s] -- Up-to-date: /home/cmdr1/ROS_DEV/install/cpp_master_node/share/ament_index/resource_index/package_run_dependencies/cpp_master_node
[0.224s] -- Up-to-date: /home/cmdr1/ROS_DEV/install/cpp_master_node/share/ament_index/resource_index/parent_prefix_path/cpp_master_node
[0.224s] -- Up-to-date: /home/cmdr1/ROS_DEV/install/cpp_master_node/share/cpp_master_node/environment/ament_prefix_path.sh
[0.224s] -- Up-to-date: /home/cmdr1/ROS_DEV/install/cpp_master_node/share/cpp_master_node/environment/ament_prefix_path.dsv
[0.224s] -- Up-to-date: /home/cmdr1/ROS_DEV/install/cpp_master_node/share/cpp_master_node/environment/path.sh
[0.224s] -- Up-to-date: /home/cmdr1/ROS_DEV/install/cpp_master_node/share/cpp_master_node/environment/path.dsv
[0.224s] -- Up-to-date: /home/cmdr1/ROS_DEV/install/cpp_master_node/share/cpp_master_node/local_setup.bash
[0.224s] -- Up-to-date: /home/cmdr1/ROS_DEV/install/cpp_master_node/share/cpp_master_node/local_setup.sh
[0.224s] -- Up-to-date: /home/cmdr1/ROS_DEV/install/cpp_master_node/share/cpp_master_node/local_setup.zsh
[0.224s] -- Up-to-date: /home/cmdr1/ROS_DEV/install/cpp_master_node/share/cpp_master_node/local_setup.dsv
[0.224s] -- Installing: /home/cmdr1/ROS_DEV/install/cpp_master_node/share/cpp_master_node/package.dsv
[0.224s] -- Up-to-date: /home/cmdr1/ROS_DEV/install/cpp_master_node/share/ament_index/resource_index/packages/cpp_master_node
[0.224s] -- Up-to-date: /home/cmdr1/ROS_DEV/install/cpp_master_node/share/cpp_master_node/cmake/cpp_master_nodeConfig.cmake
[0.225s] -- Up-to-date: /home/cmdr1/ROS_DEV/install/cpp_master_node/share/cpp_master_node/cmake/cpp_master_nodeConfig-version.cmake
[0.225s] -- Up-to-date: /home/cmdr1/ROS_DEV/install/cpp_master_node/share/cpp_master_node/package.xml
[0.226s] Invoked command in '/home/cmdr1/ROS_DEV/build/cpp_master_node' returned '0': CMAKE_PREFIX_PATH=${CMAKE_PREFIX_PATH}:/home/cmdr1/ROS_DEV/install/py_RPi_IMU_Serial_Publisher:/opt/ros/humble /usr/bin/cmake --install /home/cmdr1/ROS_DEV/build/cpp_master_node
