[5.860s] Invoking command in '/home/cmdr/ROS_DEV/NI-to-ROS-2/src/py_RPi_IMU_Serial_Publisher': PYTHONPATH=/home/cmdr/ROS_DEV/NI-to-ROS-2/build/py_RPi_IMU_Serial_Publisher/prefix_override:/home/cmdr/ROS_DEV/NI-to-ROS-2/install/py_RPi_IMU_Serial_Publisher/lib/python3.10/site-packages:${PYTHONPATH} /usr/bin/python3 setup.py egg_info --egg-base ../../build/py_RPi_IMU_Serial_Publisher build --build-base /home/cmdr/ROS_DEV/NI-to-ROS-2/build/py_RPi_IMU_Serial_Publisher/build install --record /home/cmdr/ROS_DEV/NI-to-ROS-2/build/py_RPi_IMU_Serial_Publisher/install.log --single-version-externally-managed
[8.080s] running egg_info
[8.084s] writing ../../build/py_RPi_IMU_Serial_Publisher/py_RPi_IMU_Serial_Publisher.egg-info/PKG-INFO
[8.086s] writing dependency_links to ../../build/py_RPi_IMU_Serial_Publisher/py_RPi_IMU_Serial_Publisher.egg-info/dependency_links.txt
[8.090s] writing entry points to ../../build/py_RPi_IMU_Serial_Publisher/py_RPi_IMU_Serial_Publisher.egg-info/entry_points.txt
[8.091s] writing requirements to ../../build/py_RPi_IMU_Serial_Publisher/py_RPi_IMU_Serial_Publisher.egg-info/requires.txt
[8.092s] writing top-level names to ../../build/py_RPi_IMU_Serial_Publisher/py_RPi_IMU_Serial_Publisher.egg-info/top_level.txt
[8.107s] reading manifest file '../../build/py_RPi_IMU_Serial_Publisher/py_RPi_IMU_Serial_Publisher.egg-info/SOURCES.txt'
[8.112s] writing manifest file '../../build/py_RPi_IMU_Serial_Publisher/py_RPi_IMU_Serial_Publisher.egg-info/SOURCES.txt'
[8.112s] running build
[8.114s] running build_py
[8.115s] copying py_RPi_IMU_Serial_Publisher/publisher_member_function.py -> /home/cmdr/ROS_DEV/NI-to-ROS-2/build/py_RPi_IMU_Serial_Publisher/build/lib/py_RPi_IMU_Serial_Publisher
[8.117s] running install
[8.124s] /usr/lib/python3/dist-packages/setuptools/command/install.py:34: SetuptoolsDeprecationWarning: setup.py install is deprecated. Use build and pip and other standards-based tools.
[8.125s]   warnings.warn(
[8.126s] running install_lib
[8.129s] copying /home/cmdr/ROS_DEV/NI-to-ROS-2/build/py_RPi_IMU_Serial_Publisher/build/lib/py_RPi_IMU_Serial_Publisher/publisher_member_function.py -> /home/cmdr/ROS_DEV/NI-to-ROS-2/install/py_RPi_IMU_Serial_Publisher/lib/python3.10/site-packages/py_RPi_IMU_Serial_Publisher
[8.134s] byte-compiling /home/cmdr/ROS_DEV/NI-to-ROS-2/install/py_RPi_IMU_Serial_Publisher/lib/python3.10/site-packages/py_RPi_IMU_Serial_Publisher/publisher_member_function.py to publisher_member_function.cpython-310.pyc
[8.136s] running install_data
[8.139s] running install_egg_info
[8.154s] removing '/home/cmdr/ROS_DEV/NI-to-ROS-2/install/py_RPi_IMU_Serial_Publisher/lib/python3.10/site-packages/py_RPi_IMU_Serial_Publisher-0.0.0-py3.10.egg-info' (and everything under it)
[8.158s] Copying ../../build/py_RPi_IMU_Serial_Publisher/py_RPi_IMU_Serial_Publisher.egg-info to /home/cmdr/ROS_DEV/NI-to-ROS-2/install/py_RPi_IMU_Serial_Publisher/lib/python3.10/site-packages/py_RPi_IMU_Serial_Publisher-0.0.0-py3.10.egg-info
[8.171s] running install_scripts
[8.295s] Installing py_RPi_IMU_Serial_Publisher script to /home/cmdr/ROS_DEV/NI-to-ROS-2/install/py_RPi_IMU_Serial_Publisher/lib/py_RPi_IMU_Serial_Publisher
[8.298s] writing list of installed files to '/home/cmdr/ROS_DEV/NI-to-ROS-2/build/py_RPi_IMU_Serial_Publisher/install.log'
[8.514s] Invoked command in '/home/cmdr/ROS_DEV/NI-to-ROS-2/src/py_RPi_IMU_Serial_Publisher' returned '0': PYTHONPATH=/home/cmdr/ROS_DEV/NI-to-ROS-2/build/py_RPi_IMU_Serial_Publisher/prefix_override:/home/cmdr/ROS_DEV/NI-to-ROS-2/install/py_RPi_IMU_Serial_Publisher/lib/python3.10/site-packages:${PYTHONPATH} /usr/bin/python3 setup.py egg_info --egg-base ../../build/py_RPi_IMU_Serial_Publisher build --build-base /home/cmdr/ROS_DEV/NI-to-ROS-2/build/py_RPi_IMU_Serial_Publisher/build install --record /home/cmdr/ROS_DEV/NI-to-ROS-2/build/py_RPi_IMU_Serial_Publisher/install.log --single-version-externally-managed
