[0.112s] Invoking command in '/home/cmdr/ROS_DEV/NI-to-ROS-2/build/cpp_master_node': CMAKE_PREFIX_PATH=/opt/ros/humble /usr/bin/cmake --build /home/cmdr/ROS_DEV/NI-to-ROS-2/build/cpp_master_node -- -j4 -l4
[0.605s] [35m[1mConsolidate compiler generated dependencies of target master_node[0m
[0.702s] [ 50%] [32mBuilding CXX object CMakeFiles/master_node.dir/src/master_node.cpp.o[0m
[12.192s] [01m[K/home/cmdr/ROS_DEV/NI-to-ROS-2/src/cpp_master_node/src/master_node.cpp:18:31:[m[K [01;31m[Kerror: [m[K‘[01m[Kstd_msgs[m[K’ does not name a type
[12.193s]    18 |     void topic_callback(const [01;31m[Kstd_msgs[m[K::msg::String & msg) const
[12.194s]       |                               [01;31m[K^~~~~~~~[m[K
[12.195s] [01m[K/home/cmdr/ROS_DEV/NI-to-ROS-2/src/cpp_master_node/src/master_node.cpp:18:44:[m[K [01;31m[Kerror: [m[Kexpected unqualified-id before ‘[01m[K::[m[K’ token
[12.195s]    18 |     void topic_callback(const std_msgs::msg[01;31m[K::[m[KString & msg) const
[12.197s]       |                                            [01;31m[K^~[m[K
[12.198s] [01m[K/home/cmdr/ROS_DEV/NI-to-ROS-2/src/cpp_master_node/src/master_node.cpp:18:44:[m[K [01;31m[Kerror: [m[Kexpected ‘[01m[K)[m[K’ before ‘[01m[K::[m[K’ token
[12.199s]    18 |     void topic_callback[34m[K([m[Kconst std_msgs::msg[01;31m[K:[m[K[32m[K:[m[KString & msg) const
[12.199s]       |                        [34m[K~[m[K                   [01;31m[K^[m[K[32m[K~[m[K
[12.200s]       |                                            [32m[K)[m[K
[12.200s] [01m[K/home/cmdr/ROS_DEV/NI-to-ROS-2/src/cpp_master_node/src/master_node.cpp:18:41:[m[K [01;31m[Kerror: [m[Kexpected ‘[01m[K;[m[K’ at end of member declaration
[12.201s]    18 |     void topic_callback(const std_msgs::[01;31m[Kmsg[m[K::String & msg) const
[12.202s]       |                                         [01;31m[K^~~[m[K
[12.202s]       |                                            [32m[K;[m[K
[12.204s] [01m[K/home/cmdr/ROS_DEV/NI-to-ROS-2/src/cpp_master_node/src/master_node.cpp:18:46:[m[K [01;31m[Kerror: [m[K‘[01m[KString[m[K’ in namespace ‘[01m[K::[m[K’ does not name a type
[12.205s]    18 |     void topic_callback(const std_msgs::msg::[01;31m[KString[m[K & msg) const
[12.205s]       |                                              [01;31m[K^~~~~~[m[K
[12.226s] [01m[K/home/cmdr/ROS_DEV/NI-to-ROS-2/src/cpp_master_node/src/master_node.cpp:22:26:[m[K [01;31m[Kerror: [m[K‘[01m[Kstd_msgs[m[K’ was not declared in this scope
[12.227s]    22 |     rclcpp::Subscription<[01;31m[Kstd_msgs[m[K::msg::String>::SharedPtr subscription_;
[12.227s]       |                          [01;31m[K^~~~~~~~[m[K
[12.228s] [01m[K/home/cmdr/ROS_DEV/NI-to-ROS-2/src/cpp_master_node/src/master_node.cpp:22:47:[m[K [01;31m[Kerror: [m[Ktemplate argument 1 is invalid
[12.228s]    22 |     rclcpp::Subscription<std_msgs::msg::String[01;31m[K>[m[K::SharedPtr subscription_;
[12.229s]       |                                               [01;31m[K^[m[K
[12.229s] [01m[K/home/cmdr/ROS_DEV/NI-to-ROS-2/src/cpp_master_node/src/master_node.cpp:22:47:[m[K [01;31m[Kerror: [m[Ktemplate argument 3 is invalid
[12.230s] [01m[K/home/cmdr/ROS_DEV/NI-to-ROS-2/src/cpp_master_node/src/master_node.cpp:22:47:[m[K [01;31m[Kerror: [m[Ktemplate argument 4 is invalid
[12.230s] [01m[K/home/cmdr/ROS_DEV/NI-to-ROS-2/src/cpp_master_node/src/master_node.cpp:22:47:[m[K [01;31m[Kerror: [m[Ktemplate argument 5 is invalid
[12.231s] [01m[K/home/cmdr/ROS_DEV/NI-to-ROS-2/src/cpp_master_node/src/master_node.cpp:22:50:[m[K [01;31m[Kerror: [m[Kexpected ‘[01m[K;[m[K’ at end of member declaration
[12.231s]    22 |     rclcpp::Subscription<std_msgs::msg::String>::[01;31m[KSharedPtr[m[K subscription_;
[12.233s]       |                                                  [01;31m[K^~~~~~~~~[m[K
[12.234s]       |                                                           [32m[K;[m[K
[12.235s] [01m[K/home/cmdr/ROS_DEV/NI-to-ROS-2/src/cpp_master_node/src/master_node.cpp:22:60:[m[K [01;31m[Kerror: [m[K‘[01m[Ksubscription_[m[K’ does not name a type; did you mean ‘[01m[Krmw_subscription_t[m[K’?
[12.236s]    22 |     rclcpp::Subscription<std_msgs::msg::String>::SharedPtr [01;31m[Ksubscription_[m[K;
[12.236s]       |                                                            [01;31m[K^~~~~~~~~~~~~[m[K
[12.237s]       |                                                            [32m[Krmw_subscription_t[m[K
[12.261s] [01m[K/home/cmdr/ROS_DEV/NI-to-ROS-2/src/cpp_master_node/src/master_node.cpp:[m[K In constructor ‘[01m[KMasterSubscriber::MasterSubscriber()[m[K’:
[12.262s] [01m[K/home/cmdr/ROS_DEV/NI-to-ROS-2/src/cpp_master_node/src/master_node.cpp:13:7:[m[K [01;31m[Kerror: [m[K‘[01m[Ksubscription_[m[K’ was not declared in this scope; did you mean ‘[01m[Krmw_subscription_t[m[K’?
[12.262s]    13 |       [01;31m[Ksubscription_[m[K = this->create_subscription<geometry_msgs::msg::Vector3>(
[12.263s]       |       [01;31m[K^~~~~~~~~~~~~[m[K
[12.263s]       |       [32m[Krmw_subscription_t[m[K
[13.973s] In file included from [01m[K/opt/ros/humble/include/rclcpp/rclcpp/client.hpp:39[m[K,
[13.974s]                  from [01m[K/opt/ros/humble/include/rclcpp/rclcpp/callback_group.hpp:24[m[K,
[13.974s]                  from [01m[K/opt/ros/humble/include/rclcpp/rclcpp/any_executable.hpp:20[m[K,
[13.974s]                  from [01m[K/opt/ros/humble/include/rclcpp/rclcpp/memory_strategy.hpp:25[m[K,
[13.975s]                  from [01m[K/opt/ros/humble/include/rclcpp/rclcpp/memory_strategies.hpp:18[m[K,
[13.976s]                  from [01m[K/opt/ros/humble/include/rclcpp/rclcpp/executor_options.hpp:20[m[K,
[13.976s]                  from [01m[K/opt/ros/humble/include/rclcpp/rclcpp/executor.hpp:37[m[K,
[13.977s]                  from [01m[K/opt/ros/humble/include/rclcpp/rclcpp/executors/multi_threaded_executor.hpp:25[m[K,
[13.977s]                  from [01m[K/opt/ros/humble/include/rclcpp/rclcpp/executors.hpp:21[m[K,
[13.978s]                  from [01m[K/opt/ros/humble/include/rclcpp/rclcpp/rclcpp.hpp:155[m[K,
[13.978s]                  from [01m[K/home/cmdr/ROS_DEV/NI-to-ROS-2/src/cpp_master_node/src/master_node.cpp:3[m[K:
[13.979s] /opt/ros/humble/include/rclcpp/rclcpp/function_traits.hpp: In instantiation of ‘[01m[Kstruct rclcpp::function_traits::function_traits<std::_Bind<void (MasterSubscriber::*(MasterSubscriber*, std::_Placeholder<1>))(...)> >[m[K’:
[13.980s] [01m[K/opt/ros/humble/include/rclcpp/rclcpp/any_subscription_callback.hpp:380:10:[m[K   recursively required by substitution of ‘[01m[Ktemplate<class MessageT, class CallbackT> struct rclcpp::detail::SubscriptionCallbackTypeHelper<MessageT, CallbackT, typename std::enable_if<rclcpp::function_traits::same_arguments<CallbackT, std::function<void(std::shared_ptr<_Tp>, const rclcpp::MessageInfo&)> >::value, void>::type> [with MessageT = geometry_msgs::msg::Vector3_<std::allocator<void> >; CallbackT = std::_Bind<void (MasterSubscriber::*(MasterSubscriber*, std::_Placeholder<1>))(...)>][m[K’
[13.980s] [01m[K/opt/ros/humble/include/rclcpp/rclcpp/any_subscription_callback.hpp:380:10:[m[K   required from ‘[01m[Krclcpp::AnySubscriptionCallback<MessageT, AllocatorT> rclcpp::AnySubscriptionCallback<MessageT, AllocatorT>::set(CallbackT) [with CallbackT = std::_Bind<void (MasterSubscriber::*(MasterSubscriber*, std::_Placeholder<1>))(...)>; MessageT = geometry_msgs::msg::Vector3_<std::allocator<void> >; AllocatorT = std::allocator<void>][m[K’
[13.989s] [01m[K/opt/ros/humble/include/rclcpp/rclcpp/subscription_factory.hpp:94:32:[m[K   required from ‘[01m[Krclcpp::SubscriptionFactory rclcpp::create_subscription_factory(CallbackT&&, const rclcpp::SubscriptionOptionsWithAllocator<AllocatorT>&, typename MessageMemoryStrategyT::SharedPtr, std::shared_ptr<rclcpp::topic_statistics::SubscriptionTopicStatistics<ROSMessageType> >) [with MessageT = geometry_msgs::msg::Vector3_<std::allocator<void> >; CallbackT = std::_Bind<void (MasterSubscriber::*(MasterSubscriber*, std::_Placeholder<1>))(...)>; AllocatorT = std::allocator<void>; SubscriptionT = rclcpp::Subscription<geometry_msgs::msg::Vector3_<std::allocator<void> >, std::allocator<void>, geometry_msgs::msg::Vector3_<std::allocator<void> >, geometry_msgs::msg::Vector3_<std::allocator<void> >, rclcpp::message_memory_strategy::MessageMemoryStrategy<geometry_msgs::msg::Vector3_<std::allocator<void> >, std::allocator<void> > >; MessageMemoryStrategyT = rclcpp::message_memory_strategy::MessageMemoryStrategy<geometry_msgs::msg::Vector3_<std::allocator<void> >, std::allocator<void> >; ROSMessageType = geometry_msgs::msg::Vector3_<std::allocator<void> >; typename MessageMemoryStrategyT::SharedPtr = std::shared_ptr<rclcpp::message_memory_strategy::MessageMemoryStrategy<geometry_msgs::msg::Vector3_<std::allocator<void> >, std::allocator<void> > >][m[K’
[13.990s] [01m[K/opt/ros/humble/include/rclcpp/rclcpp/create_subscription.hpp:122:63:[m[K   required from ‘[01m[Kstd::shared_ptr<ROSMessageT> rclcpp::detail::create_subscription(NodeParametersT&, NodeTopicsT&, const string&, const rclcpp::QoS&, CallbackT&&, const rclcpp::SubscriptionOptionsWithAllocator<AllocatorT>&, typename MessageMemoryStrategyT::SharedPtr) [with MessageT = geometry_msgs::msg::Vector3_<std::allocator<void> >; CallbackT = std::_Bind<void (MasterSubscriber::*(MasterSubscriber*, std::_Placeholder<1>))(...)>; AllocatorT = std::allocator<void>; SubscriptionT = rclcpp::Subscription<geometry_msgs::msg::Vector3_<std::allocator<void> >, std::allocator<void>, geometry_msgs::msg::Vector3_<std::allocator<void> >, geometry_msgs::msg::Vector3_<std::allocator<void> >, rclcpp::message_memory_strategy::MessageMemoryStrategy<geometry_msgs::msg::Vector3_<std::allocator<void> >, std::allocator<void> > >; MessageMemoryStrategyT = rclcpp::message_memory_strategy::MessageMemoryStrategy<geometry_msgs::msg::Vector3_<std::allocator<void> >, std::allocator<void> >; NodeParametersT = rclcpp::Node; NodeTopicsT = rclcpp::Node; ROSMessageType = geometry_msgs::msg::Vector3_<std::allocator<void> >; std::string = std::__cxx11::basic_string<char>; typename MessageMemoryStrategyT::SharedPtr = std::shared_ptr<rclcpp::message_memory_strategy::MessageMemoryStrategy<geometry_msgs::msg::Vector3_<std::allocator<void> >, std::allocator<void> > >][m[K’
[13.990s] [01m[K/opt/ros/humble/include/rclcpp/rclcpp/create_subscription.hpp:191:76:[m[K   required from ‘[01m[Kstd::shared_ptr<ROSMessageT> rclcpp::create_subscription(NodeT&, const string&, const rclcpp::QoS&, CallbackT&&, const rclcpp::SubscriptionOptionsWithAllocator<AllocatorT>&, typename MessageMemoryStrategyT::SharedPtr) [with MessageT = geometry_msgs::msg::Vector3_<std::allocator<void> >; CallbackT = std::_Bind<void (MasterSubscriber::*(MasterSubscriber*, std::_Placeholder<1>))(...)>; AllocatorT = std::allocator<void>; SubscriptionT = rclcpp::Subscription<geometry_msgs::msg::Vector3_<std::allocator<void> >, std::allocator<void>, geometry_msgs::msg::Vector3_<std::allocator<void> >, geometry_msgs::msg::Vector3_<std::allocator<void> >, rclcpp::message_memory_strategy::MessageMemoryStrategy<geometry_msgs::msg::Vector3_<std::allocator<void> >, std::allocator<void> > >; MessageMemoryStrategyT = rclcpp::message_memory_strategy::MessageMemoryStrategy<geometry_msgs::msg::Vector3_<std::allocator<void> >, std::allocator<void> >; NodeT = rclcpp::Node; std::string = std::__cxx11::basic_string<char>; typename MessageMemoryStrategyT::SharedPtr = std::shared_ptr<rclcpp::message_memory_strategy::MessageMemoryStrategy<geometry_msgs::msg::Vector3_<std::allocator<void> >, std::allocator<void> > >][m[K’
[13.991s] [01m[K/opt/ros/humble/include/rclcpp/rclcpp/node_impl.hpp:99:47:[m[K   required from ‘[01m[Kstd::shared_ptr<ROSMessageT> rclcpp::Node::create_subscription(const string&, const rclcpp::QoS&, CallbackT&&, const rclcpp::SubscriptionOptionsWithAllocator<AllocatorT>&, typename MessageMemoryStrategyT::SharedPtr) [with MessageT = geometry_msgs::msg::Vector3_<std::allocator<void> >; CallbackT = std::_Bind<void (MasterSubscriber::*(MasterSubscriber*, std::_Placeholder<1>))(...)>; AllocatorT = std::allocator<void>; SubscriptionT = rclcpp::Subscription<geometry_msgs::msg::Vector3_<std::allocator<void> >, std::allocator<void>, geometry_msgs::msg::Vector3_<std::allocator<void> >, geometry_msgs::msg::Vector3_<std::allocator<void> >, rclcpp::message_memory_strategy::MessageMemoryStrategy<geometry_msgs::msg::Vector3_<std::allocator<void> >, std::allocator<void> > >; MessageMemoryStrategyT = rclcpp::message_memory_strategy::MessageMemoryStrategy<geometry_msgs::msg::Vector3_<std::allocator<void> >, std::allocator<void> >; std::string = std::__cxx11::basic_string<char>; typename MessageMemoryStrategyT::SharedPtr = std::shared_ptr<rclcpp::message_memory_strategy::MessageMemoryStrategy<geometry_msgs::msg::Vector3_<std::allocator<void> >, std::allocator<void> > >][m[K’
[13.991s] [01m[K/home/cmdr/ROS_DEV/NI-to-ROS-2/src/cpp_master_node/src/master_node.cpp:13:77:[m[K   required from here
[13.997s] [01m[K/opt/ros/humble/include/rclcpp/rclcpp/function_traits.hpp:51:9:[m[K [01;31m[Kerror: [m[K‘[01m[Kdecltype[m[K’ cannot resolve address of overloaded function
[13.998s]    51 |   using [01;31m[Karguments[m[K = typename tuple_tail<
[13.998s]       |         [01;31m[K^~~~~~~~~[m[K
[13.998s] [01m[K/opt/ros/humble/include/rclcpp/rclcpp/function_traits.hpp:57:9:[m[K [01;31m[Kerror: [m[K‘[01m[Kdecltype[m[K’ cannot resolve address of overloaded function
[13.999s]    57 |   using [01;31m[Kargument_type[m[K = typename std::tuple_element<N, arguments>::type;
[13.999s]       |         [01;31m[K^~~~~~~~~~~~~[m[K
[14.000s] [01m[K/opt/ros/humble/include/rclcpp/rclcpp/function_traits.hpp:59:9:[m[K [01;31m[Kerror: [m[K‘[01m[Kdecltype[m[K’ cannot resolve address of overloaded function
[14.000s]    59 |   using [01;31m[Kreturn_type[m[K = typename function_traits<decltype( &FunctionT::operator())>::return_type;
[14.000s]       |         [01;31m[K^~~~~~~~~~~[m[K
[20.434s] gmake[2]: *** [CMakeFiles/master_node.dir/build.make:76: CMakeFiles/master_node.dir/src/master_node.cpp.o] Error 1
[20.435s] gmake[1]: *** [CMakeFiles/Makefile2:137: CMakeFiles/master_node.dir/all] Error 2
[20.437s] gmake: *** [Makefile:146: all] Error 2
[20.444s] Invoked command in '/home/cmdr/ROS_DEV/NI-to-ROS-2/build/cpp_master_node' returned '2': CMAKE_PREFIX_PATH=/opt/ros/humble /usr/bin/cmake --build /home/cmdr/ROS_DEV/NI-to-ROS-2/build/cpp_master_node -- -j4 -l4
