[0.447s] Invoking command in '/home/cmdr1/ROS_DEV/src/py_RPi_IMU_Serial_Publisher': PYTHONPATH=/home/cmdr1/ROS_DEV/build/py_RPi_IMU_Serial_Publisher/prefix_override:/home/cmdr1/ROS_DEV/install/py_RPi_IMU_Serial_Publisher/lib/python3.10/site-packages:${PYTHONPATH} /usr/bin/python3 setup.py egg_info --egg-base ../../build/py_RPi_IMU_Serial_Publisher build --build-base /home/cmdr1/ROS_DEV/build/py_RPi_IMU_Serial_Publisher/build install --record /home/cmdr1/ROS_DEV/build/py_RPi_IMU_Serial_Publisher/install.log --single-version-externally-managed
[0.592s] running egg_info
[0.592s] creating ../../build/py_RPi_IMU_Serial_Publisher/py_RPi_IMU_Serial_Publisher.egg-info
[0.592s] writing ../../build/py_RPi_IMU_Serial_Publisher/py_RPi_IMU_Serial_Publisher.egg-info/PKG-INFO
[0.592s] writing dependency_links to ../../build/py_RPi_IMU_Serial_Publisher/py_RPi_IMU_Serial_Publisher.egg-info/dependency_links.txt
[0.592s] writing entry points to ../../build/py_RPi_IMU_Serial_Publisher/py_RPi_IMU_Serial_Publisher.egg-info/entry_points.txt
[0.592s] writing requirements to ../../build/py_RPi_IMU_Serial_Publisher/py_RPi_IMU_Serial_Publisher.egg-info/requires.txt
[0.592s] writing top-level names to ../../build/py_RPi_IMU_Serial_Publisher/py_RPi_IMU_Serial_Publisher.egg-info/top_level.txt
[0.593s] writing manifest file '../../build/py_RPi_IMU_Serial_Publisher/py_RPi_IMU_Serial_Publisher.egg-info/SOURCES.txt'
[0.594s] reading manifest file '../../build/py_RPi_IMU_Serial_Publisher/py_RPi_IMU_Serial_Publisher.egg-info/SOURCES.txt'
[0.595s] writing manifest file '../../build/py_RPi_IMU_Serial_Publisher/py_RPi_IMU_Serial_Publisher.egg-info/SOURCES.txt'
[0.595s] running build
[0.595s] running build_py
[0.595s] creating /home/cmdr1/ROS_DEV/build/py_RPi_IMU_Serial_Publisher/build
[0.595s] creating /home/cmdr1/ROS_DEV/build/py_RPi_IMU_Serial_Publisher/build/lib
[0.595s] creating /home/cmdr1/ROS_DEV/build/py_RPi_IMU_Serial_Publisher/build/lib/py_RPi_IMU_Serial_Publisher
[0.595s] copying py_RPi_IMU_Serial_Publisher/__init__.py -> /home/cmdr1/ROS_DEV/build/py_RPi_IMU_Serial_Publisher/build/lib/py_RPi_IMU_Serial_Publisher
[0.595s] copying py_RPi_IMU_Serial_Publisher/publisher_member_function.py -> /home/cmdr1/ROS_DEV/build/py_RPi_IMU_Serial_Publisher/build/lib/py_RPi_IMU_Serial_Publisher
[0.595s] running install
[0.596s] /usr/lib/python3/dist-packages/setuptools/command/install.py:34: SetuptoolsDeprecationWarning: setup.py install is deprecated. Use build and pip and other standards-based tools.
[0.596s]   warnings.warn(
[0.596s] running install_lib
[0.596s] creating /home/cmdr1/ROS_DEV/install/py_RPi_IMU_Serial_Publisher/lib/python3.10/site-packages/py_RPi_IMU_Serial_Publisher
[0.596s] copying /home/cmdr1/ROS_DEV/build/py_RPi_IMU_Serial_Publisher/build/lib/py_RPi_IMU_Serial_Publisher/__init__.py -> /home/cmdr1/ROS_DEV/install/py_RPi_IMU_Serial_Publisher/lib/python3.10/site-packages/py_RPi_IMU_Serial_Publisher
[0.596s] copying /home/cmdr1/ROS_DEV/build/py_RPi_IMU_Serial_Publisher/build/lib/py_RPi_IMU_Serial_Publisher/publisher_member_function.py -> /home/cmdr1/ROS_DEV/install/py_RPi_IMU_Serial_Publisher/lib/python3.10/site-packages/py_RPi_IMU_Serial_Publisher
[0.596s] byte-compiling /home/cmdr1/ROS_DEV/install/py_RPi_IMU_Serial_Publisher/lib/python3.10/site-packages/py_RPi_IMU_Serial_Publisher/__init__.py to __init__.cpython-310.pyc
[0.597s] byte-compiling /home/cmdr1/ROS_DEV/install/py_RPi_IMU_Serial_Publisher/lib/python3.10/site-packages/py_RPi_IMU_Serial_Publisher/publisher_member_function.py to publisher_member_function.cpython-310.pyc
[0.597s] running install_data
[0.597s] creating /home/cmdr1/ROS_DEV/install/py_RPi_IMU_Serial_Publisher/share/ament_index
[0.597s] creating /home/cmdr1/ROS_DEV/install/py_RPi_IMU_Serial_Publisher/share/ament_index/resource_index
[0.597s] creating /home/cmdr1/ROS_DEV/install/py_RPi_IMU_Serial_Publisher/share/ament_index/resource_index/packages
[0.597s] copying resource/py_RPi_IMU_Serial_Publisher -> /home/cmdr1/ROS_DEV/install/py_RPi_IMU_Serial_Publisher/share/ament_index/resource_index/packages
[0.597s] copying package.xml -> /home/cmdr1/ROS_DEV/install/py_RPi_IMU_Serial_Publisher/share/py_RPi_IMU_Serial_Publisher
[0.597s] running install_egg_info
[0.598s] Copying ../../build/py_RPi_IMU_Serial_Publisher/py_RPi_IMU_Serial_Publisher.egg-info to /home/cmdr1/ROS_DEV/install/py_RPi_IMU_Serial_Publisher/lib/python3.10/site-packages/py_RPi_IMU_Serial_Publisher-0.0.0-py3.10.egg-info
[0.599s] running install_scripts
[0.616s] Installing py_RPi_IMU_Serial_Publisher script to /home/cmdr1/ROS_DEV/install/py_RPi_IMU_Serial_Publisher/lib/py_RPi_IMU_Serial_Publisher
[0.616s] writing list of installed files to '/home/cmdr1/ROS_DEV/build/py_RPi_IMU_Serial_Publisher/install.log'
[0.631s] Invoked command in '/home/cmdr1/ROS_DEV/src/py_RPi_IMU_Serial_Publisher' returned '0': PYTHONPATH=/home/cmdr1/ROS_DEV/build/py_RPi_IMU_Serial_Publisher/prefix_override:/home/cmdr1/ROS_DEV/install/py_RPi_IMU_Serial_Publisher/lib/python3.10/site-packages:${PYTHONPATH} /usr/bin/python3 setup.py egg_info --egg-base ../../build/py_RPi_IMU_Serial_Publisher build --build-base /home/cmdr1/ROS_DEV/build/py_RPi_IMU_Serial_Publisher/build install --record /home/cmdr1/ROS_DEV/build/py_RPi_IMU_Serial_Publisher/install.log --single-version-externally-managed
