[0.127s] Invoking command in '/home/cmdr/ROS_DEV/NI-to-ROS-2/build/cpp_master_node': CMAKE_PREFIX_PATH=/opt/ros/humble /usr/bin/cmake --build /home/cmdr/ROS_DEV/NI-to-ROS-2/build/cpp_master_node -- -j4 -l4
[0.421s] [35m[1mConsolidate compiler generated dependencies of target master_node[0m
[0.523s] [100%] Built target master_node
[1.427s] Invoked command in '/home/cmdr/ROS_DEV/NI-to-ROS-2/build/cpp_master_node' returned '0': CMAKE_PREFIX_PATH=/opt/ros/humble /usr/bin/cmake --build /home/cmdr/ROS_DEV/NI-to-ROS-2/build/cpp_master_node -- -j4 -l4
[1.580s] Invoking command in '/home/cmdr/ROS_DEV/NI-to-ROS-2/build/cpp_master_node': CMAKE_PREFIX_PATH=/opt/ros/humble /usr/bin/cmake --install /home/cmdr/ROS_DEV/NI-to-ROS-2/build/cpp_master_node
[1.613s] -- Install configuration: ""
[1.617s] -- Up-to-date: /home/cmdr/ROS_DEV/NI-to-ROS-2/install/cpp_master_node/lib/cpp_master_node/master_node
[1.620s] -- Up-to-date: /home/cmdr/ROS_DEV/NI-to-ROS-2/install/cpp_master_node/share/ament_index/resource_index/package_run_dependencies/cpp_master_node
[1.622s] -- Up-to-date: /home/cmdr/ROS_DEV/NI-to-ROS-2/install/cpp_master_node/share/ament_index/resource_index/parent_prefix_path/cpp_master_node
[1.624s] -- Up-to-date: /home/cmdr/ROS_DEV/NI-to-ROS-2/install/cpp_master_node/share/cpp_master_node/environment/ament_prefix_path.sh
[1.625s] -- Up-to-date: /home/cmdr/ROS_DEV/NI-to-ROS-2/install/cpp_master_node/share/cpp_master_node/environment/ament_prefix_path.dsv
[1.625s] -- Up-to-date: /home/cmdr/ROS_DEV/NI-to-ROS-2/install/cpp_master_node/share/cpp_master_node/environment/path.sh
[1.626s] -- Up-to-date: /home/cmdr/ROS_DEV/NI-to-ROS-2/install/cpp_master_node/share/cpp_master_node/environment/path.dsv
[1.626s] -- Up-to-date: /home/cmdr/ROS_DEV/NI-to-ROS-2/install/cpp_master_node/share/cpp_master_node/local_setup.bash
[1.627s] -- Up-to-date: /home/cmdr/ROS_DEV/NI-to-ROS-2/install/cpp_master_node/share/cpp_master_node/local_setup.sh
[1.628s] -- Up-to-date: /home/cmdr/ROS_DEV/NI-to-ROS-2/install/cpp_master_node/share/cpp_master_node/local_setup.zsh
[1.629s] -- Up-to-date: /home/cmdr/ROS_DEV/NI-to-ROS-2/install/cpp_master_node/share/cpp_master_node/local_setup.dsv
[1.630s] -- Installing: /home/cmdr/ROS_DEV/NI-to-ROS-2/install/cpp_master_node/share/cpp_master_node/package.dsv
[1.631s] -- Up-to-date: /home/cmdr/ROS_DEV/NI-to-ROS-2/install/cpp_master_node/share/ament_index/resource_index/packages/cpp_master_node
[1.632s] -- Up-to-date: /home/cmdr/ROS_DEV/NI-to-ROS-2/install/cpp_master_node/share/cpp_master_node/cmake/cpp_master_nodeConfig.cmake
[1.633s] -- Up-to-date: /home/cmdr/ROS_DEV/NI-to-ROS-2/install/cpp_master_node/share/cpp_master_node/cmake/cpp_master_nodeConfig-version.cmake
[1.634s] -- Up-to-date: /home/cmdr/ROS_DEV/NI-to-ROS-2/install/cpp_master_node/share/cpp_master_node/package.xml
[1.640s] Invoked command in '/home/cmdr/ROS_DEV/NI-to-ROS-2/build/cpp_master_node' returned '0': CMAKE_PREFIX_PATH=/opt/ros/humble /usr/bin/cmake --install /home/cmdr/ROS_DEV/NI-to-ROS-2/build/cpp_master_node
