[1.296s] DEBUG:colcon:Command line arguments: ['/usr/bin/colcon', 'build']
[1.296s] DEBUG:colcon:Parsed command line arguments: Namespace(log_base=None, log_level=None, verb_name='build', build_base='build', install_base='install', merge_install=False, symlink_install=False, test_result_base=None, continue_on_error=False, executor='parallel', parallel_workers=4, event_handlers=None, ignore_user_meta=False, metas=['./colcon.meta'], base_paths=['.'], packages_ignore=None, packages_ignore_regex=None, paths=None, packages_up_to=None, packages_up_to_regex=None, packages_above=None, packages_above_and_dependencies=None, packages_above_depth=None, packages_select_by_dep=None, packages_skip_by_dep=None, packages_skip_up_to=None, packages_select_build_failed=False, packages_skip_build_finished=False, packages_select_test_failures=False, packages_skip_test_passed=False, packages_select=None, packages_skip=None, packages_select_regex=None, packages_skip_regex=None, packages_start=None, packages_end=None, allow_overriding=[], cmake_args=None, cmake_target=None, cmake_target_skip_unavailable=False, cmake_clean_cache=False, cmake_clean_first=False, cmake_force_configure=False, ament_cmake_args=None, catkin_cmake_args=None, catkin_skip_building_tests=False, verb_parser=<colcon_defaults.argument_parser.defaults.DefaultArgumentsDecorator object at 0xffff83cff700>, verb_extension=<colcon_core.verb.build.BuildVerb object at 0xffff84585420>, main=<bound method BuildVerb.main of <colcon_core.verb.build.BuildVerb object at 0xffff84585420>>)
[1.436s] Level 1:colcon.colcon_core.package_discovery:discover_packages(colcon_meta) check parameters
[1.437s] Level 1:colcon.colcon_core.package_discovery:discover_packages(recursive) check parameters
[1.437s] Level 1:colcon.colcon_core.package_discovery:discover_packages(ignore) check parameters
[1.437s] Level 1:colcon.colcon_core.package_discovery:discover_packages(path) check parameters
[1.437s] Level 1:colcon.colcon_core.package_discovery:discover_packages(colcon_meta) discover
[1.438s] Level 1:colcon.colcon_core.package_discovery:discover_packages(recursive) discover
[1.439s] INFO:colcon.colcon_core.package_discovery:Crawling recursively for packages in '/home/cmdr/ROS_DEV/NI-to-ROS-2'
[1.439s] Level 1:colcon.colcon_core.package_identification:_identify(.) by extensions ['ignore', 'ignore_ament_install']
[1.440s] Level 1:colcon.colcon_core.package_identification:_identify(.) by extension 'ignore'
[1.441s] Level 1:colcon.colcon_core.package_identification:_identify(.) by extension 'ignore_ament_install'
[1.442s] Level 1:colcon.colcon_core.package_identification:_identify(.) by extensions ['colcon_pkg']
[1.442s] Level 1:colcon.colcon_core.package_identification:_identify(.) by extension 'colcon_pkg'
[1.442s] Level 1:colcon.colcon_core.package_identification:_identify(.) by extensions ['colcon_meta']
[1.443s] Level 1:colcon.colcon_core.package_identification:_identify(.) by extension 'colcon_meta'
[1.443s] Level 1:colcon.colcon_core.package_identification:_identify(.) by extensions ['ros']
[1.443s] Level 1:colcon.colcon_core.package_identification:_identify(.) by extension 'ros'
[1.511s] Level 1:colcon.colcon_core.package_identification:_identify(.) by extensions ['cmake', 'python']
[1.511s] Level 1:colcon.colcon_core.package_identification:_identify(.) by extension 'cmake'
[1.512s] Level 1:colcon.colcon_core.package_identification:_identify(.) by extension 'python'
[1.512s] Level 1:colcon.colcon_core.package_identification:_identify(.) by extensions ['python_setup_py']
[1.513s] Level 1:colcon.colcon_core.package_identification:_identify(.) by extension 'python_setup_py'
[1.514s] Level 1:colcon.colcon_core.package_identification:_identify(build) by extensions ['ignore', 'ignore_ament_install']
[1.515s] Level 1:colcon.colcon_core.package_identification:_identify(build) by extension 'ignore'
[1.515s] Level 1:colcon.colcon_core.package_identification:_identify(build) ignored
[1.517s] Level 1:colcon.colcon_core.package_identification:_identify(install) by extensions ['ignore', 'ignore_ament_install']
[1.518s] Level 1:colcon.colcon_core.package_identification:_identify(install) by extension 'ignore'
[1.519s] Level 1:colcon.colcon_core.package_identification:_identify(install) ignored
[1.521s] Level 1:colcon.colcon_core.package_identification:_identify(log) by extensions ['ignore', 'ignore_ament_install']
[1.521s] Level 1:colcon.colcon_core.package_identification:_identify(log) by extension 'ignore'
[1.522s] Level 1:colcon.colcon_core.package_identification:_identify(log) ignored
[1.523s] Level 1:colcon.colcon_core.package_identification:_identify(src) by extensions ['ignore', 'ignore_ament_install']
[1.524s] Level 1:colcon.colcon_core.package_identification:_identify(src) by extension 'ignore'
[1.524s] Level 1:colcon.colcon_core.package_identification:_identify(src) by extension 'ignore_ament_install'
[1.525s] Level 1:colcon.colcon_core.package_identification:_identify(src) by extensions ['colcon_pkg']
[1.525s] Level 1:colcon.colcon_core.package_identification:_identify(src) by extension 'colcon_pkg'
[1.526s] Level 1:colcon.colcon_core.package_identification:_identify(src) by extensions ['colcon_meta']
[1.526s] Level 1:colcon.colcon_core.package_identification:_identify(src) by extension 'colcon_meta'
[1.527s] Level 1:colcon.colcon_core.package_identification:_identify(src) by extensions ['ros']
[1.527s] Level 1:colcon.colcon_core.package_identification:_identify(src) by extension 'ros'
[1.528s] Level 1:colcon.colcon_core.package_identification:_identify(src) by extensions ['cmake', 'python']
[1.528s] Level 1:colcon.colcon_core.package_identification:_identify(src) by extension 'cmake'
[1.529s] Level 1:colcon.colcon_core.package_identification:_identify(src) by extension 'python'
[1.530s] Level 1:colcon.colcon_core.package_identification:_identify(src) by extensions ['python_setup_py']
[1.531s] Level 1:colcon.colcon_core.package_identification:_identify(src) by extension 'python_setup_py'
[1.532s] Level 1:colcon.colcon_core.package_identification:_identify(src/cpp_master_node) by extensions ['ignore', 'ignore_ament_install']
[1.532s] Level 1:colcon.colcon_core.package_identification:_identify(src/cpp_master_node) by extension 'ignore'
[1.533s] Level 1:colcon.colcon_core.package_identification:_identify(src/cpp_master_node) by extension 'ignore_ament_install'
[1.534s] Level 1:colcon.colcon_core.package_identification:_identify(src/cpp_master_node) by extensions ['colcon_pkg']
[1.534s] Level 1:colcon.colcon_core.package_identification:_identify(src/cpp_master_node) by extension 'colcon_pkg'
[1.534s] Level 1:colcon.colcon_core.package_identification:_identify(src/cpp_master_node) by extensions ['colcon_meta']
[1.535s] Level 1:colcon.colcon_core.package_identification:_identify(src/cpp_master_node) by extension 'colcon_meta'
[1.535s] Level 1:colcon.colcon_core.package_identification:_identify(src/cpp_master_node) by extensions ['ros']
[1.536s] Level 1:colcon.colcon_core.package_identification:_identify(src/cpp_master_node) by extension 'ros'
[1.551s] DEBUG:colcon.colcon_core.package_identification:Package 'src/cpp_master_node' with type 'ros.ament_cmake' and name 'cpp_master_node'
[1.552s] Level 1:colcon.colcon_core.package_identification:_identify(src/install) by extensions ['ignore', 'ignore_ament_install']
[1.553s] Level 1:colcon.colcon_core.package_identification:_identify(src/install) by extension 'ignore'
[1.554s] Level 1:colcon.colcon_core.package_identification:_identify(src/install) ignored
[1.555s] Level 1:colcon.colcon_core.package_identification:_identify(src/log) by extensions ['ignore', 'ignore_ament_install']
[1.556s] Level 1:colcon.colcon_core.package_identification:_identify(src/log) by extension 'ignore'
[1.556s] Level 1:colcon.colcon_core.package_identification:_identify(src/log) ignored
[1.557s] Level 1:colcon.colcon_core.package_identification:_identify(src/py_RPi_IMU_Serial_Publisher) by extensions ['ignore', 'ignore_ament_install']
[1.558s] Level 1:colcon.colcon_core.package_identification:_identify(src/py_RPi_IMU_Serial_Publisher) by extension 'ignore'
[1.559s] Level 1:colcon.colcon_core.package_identification:_identify(src/py_RPi_IMU_Serial_Publisher) by extension 'ignore_ament_install'
[1.560s] Level 1:colcon.colcon_core.package_identification:_identify(src/py_RPi_IMU_Serial_Publisher) by extensions ['colcon_pkg']
[1.560s] Level 1:colcon.colcon_core.package_identification:_identify(src/py_RPi_IMU_Serial_Publisher) by extension 'colcon_pkg'
[1.561s] Level 1:colcon.colcon_core.package_identification:_identify(src/py_RPi_IMU_Serial_Publisher) by extensions ['colcon_meta']
[1.561s] Level 1:colcon.colcon_core.package_identification:_identify(src/py_RPi_IMU_Serial_Publisher) by extension 'colcon_meta'
[1.562s] Level 1:colcon.colcon_core.package_identification:_identify(src/py_RPi_IMU_Serial_Publisher) by extensions ['ros']
[1.562s] Level 1:colcon.colcon_core.package_identification:_identify(src/py_RPi_IMU_Serial_Publisher) by extension 'ros'
[1.567s] DEBUG:colcon.colcon_core.package_identification:Package 'src/py_RPi_IMU_Serial_Publisher' with type 'ros.ament_python' and name 'py_RPi_IMU_Serial_Publisher'
[1.568s] Level 1:colcon.colcon_core.package_discovery:discover_packages(recursive) using defaults
[1.568s] Level 1:colcon.colcon_core.package_discovery:discover_packages(ignore) discover
[1.569s] Level 1:colcon.colcon_core.package_discovery:discover_packages(ignore) using defaults
[1.569s] Level 1:colcon.colcon_core.package_discovery:discover_packages(path) discover
[1.569s] Level 1:colcon.colcon_core.package_discovery:discover_packages(path) using defaults
[1.705s] Level 1:colcon.colcon_core.package_discovery:discover_packages(prefix_path) check parameters
[1.706s] Level 1:colcon.colcon_core.package_discovery:discover_packages(prefix_path) discover
[1.737s] DEBUG:colcon.colcon_installed_package_information.package_discovery:Found 2 installed packages in /home/cmdr/ROS_DEV/NI-to-ROS-2/install
[1.749s] DEBUG:colcon.colcon_installed_package_information.package_discovery:Found 180 installed packages in /opt/ros/humble
[1.755s] Level 1:colcon.colcon_core.package_discovery:discover_packages(prefix_path) using defaults
[1.958s] Level 5:colcon.colcon_core.verb:set package 'cpp_master_node' build argument 'cmake_args' from command line to 'None'
[1.959s] Level 5:colcon.colcon_core.verb:set package 'cpp_master_node' build argument 'cmake_target' from command line to 'None'
[1.959s] Level 5:colcon.colcon_core.verb:set package 'cpp_master_node' build argument 'cmake_target_skip_unavailable' from command line to 'False'
[1.959s] Level 5:colcon.colcon_core.verb:set package 'cpp_master_node' build argument 'cmake_clean_cache' from command line to 'False'
[1.959s] Level 5:colcon.colcon_core.verb:set package 'cpp_master_node' build argument 'cmake_clean_first' from command line to 'False'
[1.959s] Level 5:colcon.colcon_core.verb:set package 'cpp_master_node' build argument 'cmake_force_configure' from command line to 'False'
[1.959s] Level 5:colcon.colcon_core.verb:set package 'cpp_master_node' build argument 'ament_cmake_args' from command line to 'None'
[1.960s] Level 5:colcon.colcon_core.verb:set package 'cpp_master_node' build argument 'catkin_cmake_args' from command line to 'None'
[1.960s] Level 5:colcon.colcon_core.verb:set package 'cpp_master_node' build argument 'catkin_skip_building_tests' from command line to 'False'
[1.960s] DEBUG:colcon.colcon_core.verb:Building package 'cpp_master_node' with the following arguments: {'ament_cmake_args': None, 'build_base': '/home/cmdr/ROS_DEV/NI-to-ROS-2/build/cpp_master_node', 'catkin_cmake_args': None, 'catkin_skip_building_tests': False, 'cmake_args': None, 'cmake_clean_cache': False, 'cmake_clean_first': False, 'cmake_force_configure': False, 'cmake_target': None, 'cmake_target_skip_unavailable': False, 'install_base': '/home/cmdr/ROS_DEV/NI-to-ROS-2/install/cpp_master_node', 'merge_install': False, 'path': '/home/cmdr/ROS_DEV/NI-to-ROS-2/src/cpp_master_node', 'symlink_install': False, 'test_result_base': None}
[1.964s] Level 5:colcon.colcon_core.verb:set package 'py_RPi_IMU_Serial_Publisher' build argument 'cmake_args' from command line to 'None'
[1.964s] Level 5:colcon.colcon_core.verb:set package 'py_RPi_IMU_Serial_Publisher' build argument 'cmake_target' from command line to 'None'
[1.964s] Level 5:colcon.colcon_core.verb:set package 'py_RPi_IMU_Serial_Publisher' build argument 'cmake_target_skip_unavailable' from command line to 'False'
[1.964s] Level 5:colcon.colcon_core.verb:set package 'py_RPi_IMU_Serial_Publisher' build argument 'cmake_clean_cache' from command line to 'False'
[1.964s] Level 5:colcon.colcon_core.verb:set package 'py_RPi_IMU_Serial_Publisher' build argument 'cmake_clean_first' from command line to 'False'
[1.965s] Level 5:colcon.colcon_core.verb:set package 'py_RPi_IMU_Serial_Publisher' build argument 'cmake_force_configure' from command line to 'False'
[1.965s] Level 5:colcon.colcon_core.verb:set package 'py_RPi_IMU_Serial_Publisher' build argument 'ament_cmake_args' from command line to 'None'
[1.965s] Level 5:colcon.colcon_core.verb:set package 'py_RPi_IMU_Serial_Publisher' build argument 'catkin_cmake_args' from command line to 'None'
[1.965s] Level 5:colcon.colcon_core.verb:set package 'py_RPi_IMU_Serial_Publisher' build argument 'catkin_skip_building_tests' from command line to 'False'
[1.965s] DEBUG:colcon.colcon_core.verb:Building package 'py_RPi_IMU_Serial_Publisher' with the following arguments: {'ament_cmake_args': None, 'build_base': '/home/cmdr/ROS_DEV/NI-to-ROS-2/build/py_RPi_IMU_Serial_Publisher', 'catkin_cmake_args': None, 'catkin_skip_building_tests': False, 'cmake_args': None, 'cmake_clean_cache': False, 'cmake_clean_first': False, 'cmake_force_configure': False, 'cmake_target': None, 'cmake_target_skip_unavailable': False, 'install_base': '/home/cmdr/ROS_DEV/NI-to-ROS-2/install/py_RPi_IMU_Serial_Publisher', 'merge_install': False, 'path': '/home/cmdr/ROS_DEV/NI-to-ROS-2/src/py_RPi_IMU_Serial_Publisher', 'symlink_install': False, 'test_result_base': None}
[1.968s] INFO:colcon.colcon_core.executor:Executing jobs using 'parallel' executor
[1.981s] DEBUG:colcon.colcon_parallel_executor.executor.parallel:run_until_complete
[1.982s] INFO:colcon.colcon_ros.task.ament_cmake.build:Building ROS package in '/home/cmdr/ROS_DEV/NI-to-ROS-2/src/cpp_master_node' with build type 'ament_cmake'
[1.983s] INFO:colcon.colcon_cmake.task.cmake.build:Building CMake package in '/home/cmdr/ROS_DEV/NI-to-ROS-2/src/cpp_master_node'
[2.004s] INFO:colcon.colcon_core.plugin_system:Skipping extension 'colcon_core.shell.bat': Not used on non-Windows systems
[2.005s] INFO:colcon.colcon_core.shell:Skip shell extension 'powershell' for command environment: Not usable outside of PowerShell
[2.006s] DEBUG:colcon.colcon_core.shell:Skip shell extension 'dsv' for command environment
[2.025s] INFO:colcon.colcon_ros.task.ament_python.build:Building ROS package in '/home/cmdr/ROS_DEV/NI-to-ROS-2/src/py_RPi_IMU_Serial_Publisher' with build type 'ament_python'
[2.026s] Level 1:colcon.colcon_core.shell:create_environment_hook('py_RPi_IMU_Serial_Publisher', 'ament_prefix_path')
[2.033s] INFO:colcon.colcon_core.shell:Creating environment hook '/home/cmdr/ROS_DEV/NI-to-ROS-2/install/py_RPi_IMU_Serial_Publisher/share/py_RPi_IMU_Serial_Publisher/hook/ament_prefix_path.ps1'
[2.037s] INFO:colcon.colcon_core.shell:Creating environment descriptor '/home/cmdr/ROS_DEV/NI-to-ROS-2/install/py_RPi_IMU_Serial_Publisher/share/py_RPi_IMU_Serial_Publisher/hook/ament_prefix_path.dsv'
[2.039s] INFO:colcon.colcon_core.shell:Creating environment hook '/home/cmdr/ROS_DEV/NI-to-ROS-2/install/py_RPi_IMU_Serial_Publisher/share/py_RPi_IMU_Serial_Publisher/hook/ament_prefix_path.sh'
[2.047s] INFO:colcon.colcon_core.shell:Skip shell extension 'powershell' for command environment: Not usable outside of PowerShell
[2.047s] DEBUG:colcon.colcon_core.shell:Skip shell extension 'dsv' for command environment
[2.078s] DEBUG:colcon.colcon_core.event_handler.log_command:Invoking command in '/home/cmdr/ROS_DEV/NI-to-ROS-2/build/cpp_master_node': CMAKE_PREFIX_PATH=${CMAKE_PREFIX_PATH}:/home/cmdr/ROS_DEV/NI-to-ROS-2/install/py_RPi_IMU_Serial_Publisher:/opt/ros/humble /usr/bin/cmake /home/cmdr/ROS_DEV/NI-to-ROS-2/src/cpp_master_node -DCMAKE_INSTALL_PREFIX=/home/cmdr/ROS_DEV/NI-to-ROS-2/install/cpp_master_node
[3.348s] INFO:colcon.colcon_core.task.python.build:Building Python package in '/home/cmdr/ROS_DEV/NI-to-ROS-2/src/py_RPi_IMU_Serial_Publisher'
[3.354s] INFO:colcon.colcon_core.shell:Skip shell extension 'powershell' for command environment: Not usable outside of PowerShell
[3.354s] DEBUG:colcon.colcon_core.shell:Skip shell extension 'dsv' for command environment
[5.141s] DEBUG:colcon.colcon_core.event_handler.log_command:Invoking command in '/home/cmdr/ROS_DEV/NI-to-ROS-2/src/py_RPi_IMU_Serial_Publisher': PYTHONPATH=/home/cmdr/ROS_DEV/NI-to-ROS-2/build/py_RPi_IMU_Serial_Publisher/prefix_override:/home/cmdr/ROS_DEV/NI-to-ROS-2/install/py_RPi_IMU_Serial_Publisher/lib/python3.10/site-packages:${PYTHONPATH} /usr/bin/python3 setup.py egg_info --egg-base ../../build/py_RPi_IMU_Serial_Publisher build --build-base /home/cmdr/ROS_DEV/NI-to-ROS-2/build/py_RPi_IMU_Serial_Publisher/build install --record /home/cmdr/ROS_DEV/NI-to-ROS-2/build/py_RPi_IMU_Serial_Publisher/install.log --single-version-externally-managed
[6.534s] DEBUG:colcon.colcon_core.event_handler.log_command:Invoked command in '/home/cmdr/ROS_DEV/NI-to-ROS-2/src/py_RPi_IMU_Serial_Publisher' returned '0': PYTHONPATH=/home/cmdr/ROS_DEV/NI-to-ROS-2/build/py_RPi_IMU_Serial_Publisher/prefix_override:/home/cmdr/ROS_DEV/NI-to-ROS-2/install/py_RPi_IMU_Serial_Publisher/lib/python3.10/site-packages:${PYTHONPATH} /usr/bin/python3 setup.py egg_info --egg-base ../../build/py_RPi_IMU_Serial_Publisher build --build-base /home/cmdr/ROS_DEV/NI-to-ROS-2/build/py_RPi_IMU_Serial_Publisher/build install --record /home/cmdr/ROS_DEV/NI-to-ROS-2/build/py_RPi_IMU_Serial_Publisher/install.log --single-version-externally-managed
[6.561s] Level 1:colcon.colcon_core.environment:checking '/home/cmdr/ROS_DEV/NI-to-ROS-2/install/py_RPi_IMU_Serial_Publisher' for CMake module files
[6.565s] Level 1:colcon.colcon_core.environment:checking '/home/cmdr/ROS_DEV/NI-to-ROS-2/install/py_RPi_IMU_Serial_Publisher' for CMake config files
[6.570s] Level 1:colcon.colcon_core.environment:checking '/home/cmdr/ROS_DEV/NI-to-ROS-2/install/py_RPi_IMU_Serial_Publisher/lib'
[6.572s] Level 1:colcon.colcon_core.environment:checking '/home/cmdr/ROS_DEV/NI-to-ROS-2/install/py_RPi_IMU_Serial_Publisher/bin'
[6.573s] Level 1:colcon.colcon_core.environment:checking '/home/cmdr/ROS_DEV/NI-to-ROS-2/install/py_RPi_IMU_Serial_Publisher/lib/pkgconfig/py_RPi_IMU_Serial_Publisher.pc'
[6.575s] Level 1:colcon.colcon_core.environment:checking '/home/cmdr/ROS_DEV/NI-to-ROS-2/install/py_RPi_IMU_Serial_Publisher/lib/python3.10/site-packages'
[6.576s] Level 1:colcon.colcon_core.shell:create_environment_hook('py_RPi_IMU_Serial_Publisher', 'pythonpath')
[6.583s] INFO:colcon.colcon_core.shell:Creating environment hook '/home/cmdr/ROS_DEV/NI-to-ROS-2/install/py_RPi_IMU_Serial_Publisher/share/py_RPi_IMU_Serial_Publisher/hook/pythonpath.ps1'
[6.587s] INFO:colcon.colcon_core.shell:Creating environment descriptor '/home/cmdr/ROS_DEV/NI-to-ROS-2/install/py_RPi_IMU_Serial_Publisher/share/py_RPi_IMU_Serial_Publisher/hook/pythonpath.dsv'
[6.590s] INFO:colcon.colcon_core.shell:Creating environment hook '/home/cmdr/ROS_DEV/NI-to-ROS-2/install/py_RPi_IMU_Serial_Publisher/share/py_RPi_IMU_Serial_Publisher/hook/pythonpath.sh'
[6.595s] Level 1:colcon.colcon_core.environment:checking '/home/cmdr/ROS_DEV/NI-to-ROS-2/install/py_RPi_IMU_Serial_Publisher/bin'
[6.596s] Level 1:colcon.colcon_core.environment:create_environment_scripts_only(py_RPi_IMU_Serial_Publisher)
[6.604s] INFO:colcon.colcon_core.shell:Creating package script '/home/cmdr/ROS_DEV/NI-to-ROS-2/install/py_RPi_IMU_Serial_Publisher/share/py_RPi_IMU_Serial_Publisher/package.ps1'
[6.608s] INFO:colcon.colcon_core.shell:Creating package descriptor '/home/cmdr/ROS_DEV/NI-to-ROS-2/install/py_RPi_IMU_Serial_Publisher/share/py_RPi_IMU_Serial_Publisher/package.dsv'
[6.612s] INFO:colcon.colcon_core.shell:Creating package script '/home/cmdr/ROS_DEV/NI-to-ROS-2/install/py_RPi_IMU_Serial_Publisher/share/py_RPi_IMU_Serial_Publisher/package.sh'
[6.616s] INFO:colcon.colcon_core.shell:Creating package script '/home/cmdr/ROS_DEV/NI-to-ROS-2/install/py_RPi_IMU_Serial_Publisher/share/py_RPi_IMU_Serial_Publisher/package.bash'
[6.619s] INFO:colcon.colcon_core.shell:Creating package script '/home/cmdr/ROS_DEV/NI-to-ROS-2/install/py_RPi_IMU_Serial_Publisher/share/py_RPi_IMU_Serial_Publisher/package.zsh'
[6.623s] Level 1:colcon.colcon_core.environment:create_file_with_runtime_dependencies(/home/cmdr/ROS_DEV/NI-to-ROS-2/install/py_RPi_IMU_Serial_Publisher/share/colcon-core/packages/py_RPi_IMU_Serial_Publisher)
[11.319s] DEBUG:colcon.colcon_core.event_handler.log_command:Invoked command in '/home/cmdr/ROS_DEV/NI-to-ROS-2/build/cpp_master_node' returned '0': CMAKE_PREFIX_PATH=${CMAKE_PREFIX_PATH}:/home/cmdr/ROS_DEV/NI-to-ROS-2/install/py_RPi_IMU_Serial_Publisher:/opt/ros/humble /usr/bin/cmake /home/cmdr/ROS_DEV/NI-to-ROS-2/src/cpp_master_node -DCMAKE_INSTALL_PREFIX=/home/cmdr/ROS_DEV/NI-to-ROS-2/install/cpp_master_node
[11.330s] DEBUG:colcon.colcon_core.event_handler.log_command:Invoking command in '/home/cmdr/ROS_DEV/NI-to-ROS-2/build/cpp_master_node': CMAKE_PREFIX_PATH=${CMAKE_PREFIX_PATH}:/home/cmdr/ROS_DEV/NI-to-ROS-2/install/py_RPi_IMU_Serial_Publisher:/opt/ros/humble /usr/bin/cmake --build /home/cmdr/ROS_DEV/NI-to-ROS-2/build/cpp_master_node -- -j4 -l4
[46.893s] DEBUG:colcon.colcon_core.event_handler.log_command:Invoked command in '/home/cmdr/ROS_DEV/NI-to-ROS-2/build/cpp_master_node' returned '0': CMAKE_PREFIX_PATH=${CMAKE_PREFIX_PATH}:/home/cmdr/ROS_DEV/NI-to-ROS-2/install/py_RPi_IMU_Serial_Publisher:/opt/ros/humble /usr/bin/cmake --build /home/cmdr/ROS_DEV/NI-to-ROS-2/build/cpp_master_node -- -j4 -l4
[47.051s] DEBUG:colcon.colcon_core.event_handler.log_command:Invoking command in '/home/cmdr/ROS_DEV/NI-to-ROS-2/build/cpp_master_node': CMAKE_PREFIX_PATH=${CMAKE_PREFIX_PATH}:/home/cmdr/ROS_DEV/NI-to-ROS-2/install/py_RPi_IMU_Serial_Publisher:/opt/ros/humble /usr/bin/cmake --install /home/cmdr/ROS_DEV/NI-to-ROS-2/build/cpp_master_node
[47.133s] Level 1:colcon.colcon_core.environment:create_environment_scripts_only(cpp_master_node)
[47.141s] Level 1:colcon.colcon_core.environment:checking '/home/cmdr/ROS_DEV/NI-to-ROS-2/install/cpp_master_node' for CMake module files
[47.144s] DEBUG:colcon.colcon_core.event_handler.log_command:Invoked command in '/home/cmdr/ROS_DEV/NI-to-ROS-2/build/cpp_master_node' returned '0': CMAKE_PREFIX_PATH=${CMAKE_PREFIX_PATH}:/home/cmdr/ROS_DEV/NI-to-ROS-2/install/py_RPi_IMU_Serial_Publisher:/opt/ros/humble /usr/bin/cmake --install /home/cmdr/ROS_DEV/NI-to-ROS-2/build/cpp_master_node
[47.146s] Level 1:colcon.colcon_core.environment:checking '/home/cmdr/ROS_DEV/NI-to-ROS-2/install/cpp_master_node' for CMake config files
[47.147s] Level 1:colcon.colcon_core.shell:create_environment_hook('cpp_master_node', 'cmake_prefix_path')
[47.152s] INFO:colcon.colcon_core.shell:Creating environment hook '/home/cmdr/ROS_DEV/NI-to-ROS-2/install/cpp_master_node/share/cpp_master_node/hook/cmake_prefix_path.ps1'
[47.154s] INFO:colcon.colcon_core.shell:Creating environment descriptor '/home/cmdr/ROS_DEV/NI-to-ROS-2/install/cpp_master_node/share/cpp_master_node/hook/cmake_prefix_path.dsv'
[47.156s] INFO:colcon.colcon_core.shell:Creating environment hook '/home/cmdr/ROS_DEV/NI-to-ROS-2/install/cpp_master_node/share/cpp_master_node/hook/cmake_prefix_path.sh'
[47.159s] Level 1:colcon.colcon_core.environment:checking '/home/cmdr/ROS_DEV/NI-to-ROS-2/install/cpp_master_node/lib'
[47.160s] Level 1:colcon.colcon_core.environment:checking '/home/cmdr/ROS_DEV/NI-to-ROS-2/install/cpp_master_node/bin'
[47.160s] Level 1:colcon.colcon_core.environment:checking '/home/cmdr/ROS_DEV/NI-to-ROS-2/install/cpp_master_node/lib/pkgconfig/cpp_master_node.pc'
[47.161s] Level 1:colcon.colcon_core.environment:checking '/home/cmdr/ROS_DEV/NI-to-ROS-2/install/cpp_master_node/lib/python3.10/site-packages'
[47.162s] Level 1:colcon.colcon_core.environment:checking '/home/cmdr/ROS_DEV/NI-to-ROS-2/install/cpp_master_node/bin'
[47.168s] INFO:colcon.colcon_core.shell:Creating package script '/home/cmdr/ROS_DEV/NI-to-ROS-2/install/cpp_master_node/share/cpp_master_node/package.ps1'
[47.170s] INFO:colcon.colcon_core.shell:Creating package descriptor '/home/cmdr/ROS_DEV/NI-to-ROS-2/install/cpp_master_node/share/cpp_master_node/package.dsv'
[47.172s] INFO:colcon.colcon_core.shell:Creating package script '/home/cmdr/ROS_DEV/NI-to-ROS-2/install/cpp_master_node/share/cpp_master_node/package.sh'
[47.174s] INFO:colcon.colcon_core.shell:Creating package script '/home/cmdr/ROS_DEV/NI-to-ROS-2/install/cpp_master_node/share/cpp_master_node/package.bash'
[47.176s] INFO:colcon.colcon_core.shell:Creating package script '/home/cmdr/ROS_DEV/NI-to-ROS-2/install/cpp_master_node/share/cpp_master_node/package.zsh'
[47.178s] Level 1:colcon.colcon_core.environment:create_file_with_runtime_dependencies(/home/cmdr/ROS_DEV/NI-to-ROS-2/install/cpp_master_node/share/colcon-core/packages/cpp_master_node)
[47.314s] Level 1:colcon.colcon_core.environment:create_environment_scripts_only(cpp_master_node)
[47.322s] Level 1:colcon.colcon_core.environment:checking '/home/cmdr/ROS_DEV/NI-to-ROS-2/install/cpp_master_node' for CMake module files
[47.325s] Level 1:colcon.colcon_core.environment:checking '/home/cmdr/ROS_DEV/NI-to-ROS-2/install/cpp_master_node' for CMake config files
[47.326s] Level 1:colcon.colcon_core.shell:create_environment_hook('cpp_master_node', 'cmake_prefix_path')
[47.332s] INFO:colcon.colcon_core.shell:Creating environment hook '/home/cmdr/ROS_DEV/NI-to-ROS-2/install/cpp_master_node/share/cpp_master_node/hook/cmake_prefix_path.ps1'
[47.334s] INFO:colcon.colcon_core.shell:Creating environment descriptor '/home/cmdr/ROS_DEV/NI-to-ROS-2/install/cpp_master_node/share/cpp_master_node/hook/cmake_prefix_path.dsv'
[47.336s] INFO:colcon.colcon_core.shell:Creating environment hook '/home/cmdr/ROS_DEV/NI-to-ROS-2/install/cpp_master_node/share/cpp_master_node/hook/cmake_prefix_path.sh'
[47.339s] Level 1:colcon.colcon_core.environment:checking '/home/cmdr/ROS_DEV/NI-to-ROS-2/install/cpp_master_node/lib'
[47.339s] Level 1:colcon.colcon_core.environment:checking '/home/cmdr/ROS_DEV/NI-to-ROS-2/install/cpp_master_node/bin'
[47.340s] Level 1:colcon.colcon_core.environment:checking '/home/cmdr/ROS_DEV/NI-to-ROS-2/install/cpp_master_node/lib/pkgconfig/cpp_master_node.pc'
[47.341s] Level 1:colcon.colcon_core.environment:checking '/home/cmdr/ROS_DEV/NI-to-ROS-2/install/cpp_master_node/lib/python3.10/site-packages'
[47.342s] Level 1:colcon.colcon_core.environment:checking '/home/cmdr/ROS_DEV/NI-to-ROS-2/install/cpp_master_node/bin'
[47.347s] INFO:colcon.colcon_core.shell:Creating package script '/home/cmdr/ROS_DEV/NI-to-ROS-2/install/cpp_master_node/share/cpp_master_node/package.ps1'
[47.350s] INFO:colcon.colcon_core.shell:Creating package descriptor '/home/cmdr/ROS_DEV/NI-to-ROS-2/install/cpp_master_node/share/cpp_master_node/package.dsv'
[47.352s] INFO:colcon.colcon_core.shell:Creating package script '/home/cmdr/ROS_DEV/NI-to-ROS-2/install/cpp_master_node/share/cpp_master_node/package.sh'
[47.354s] INFO:colcon.colcon_core.shell:Creating package script '/home/cmdr/ROS_DEV/NI-to-ROS-2/install/cpp_master_node/share/cpp_master_node/package.bash'
[47.357s] INFO:colcon.colcon_core.shell:Creating package script '/home/cmdr/ROS_DEV/NI-to-ROS-2/install/cpp_master_node/share/cpp_master_node/package.zsh'
[47.359s] Level 1:colcon.colcon_core.environment:create_file_with_runtime_dependencies(/home/cmdr/ROS_DEV/NI-to-ROS-2/install/cpp_master_node/share/colcon-core/packages/cpp_master_node)
[47.360s] DEBUG:colcon.colcon_parallel_executor.executor.parallel:closing loop
[47.361s] DEBUG:colcon.colcon_parallel_executor.executor.parallel:loop closed
[47.362s] DEBUG:colcon.colcon_parallel_executor.executor.parallel:run_until_complete finished with '0'
[47.362s] DEBUG:colcon.colcon_core.event_reactor:joining thread
[47.386s] INFO:colcon.colcon_core.plugin_system:Skipping extension 'colcon_notification.desktop_notification.terminal_notifier': Not used on non-Darwin systems
[47.387s] INFO:colcon.colcon_core.plugin_system:Skipping extension 'colcon_notification.desktop_notification.win32': Not used on non-Windows systems
[47.387s] INFO:colcon.colcon_notification.desktop_notification:Sending desktop notification using 'notify2'
[47.448s] DEBUG:colcon.colcon_core.event_reactor:joined thread
[47.454s] INFO:colcon.colcon_core.shell:Creating prefix script '/home/cmdr/ROS_DEV/NI-to-ROS-2/install/local_setup.ps1'
[47.458s] INFO:colcon.colcon_core.shell:Creating prefix util module '/home/cmdr/ROS_DEV/NI-to-ROS-2/install/_local_setup_util_ps1.py'
[47.465s] INFO:colcon.colcon_core.shell:Creating prefix chain script '/home/cmdr/ROS_DEV/NI-to-ROS-2/install/setup.ps1'
[47.471s] INFO:colcon.colcon_core.shell:Creating prefix script '/home/cmdr/ROS_DEV/NI-to-ROS-2/install/local_setup.sh'
[47.475s] INFO:colcon.colcon_core.shell:Creating prefix util module '/home/cmdr/ROS_DEV/NI-to-ROS-2/install/_local_setup_util_sh.py'
[47.478s] INFO:colcon.colcon_core.shell:Creating prefix chain script '/home/cmdr/ROS_DEV/NI-to-ROS-2/install/setup.sh'
[47.485s] INFO:colcon.colcon_core.shell:Creating prefix script '/home/cmdr/ROS_DEV/NI-to-ROS-2/install/local_setup.bash'
[47.489s] INFO:colcon.colcon_core.shell:Creating prefix chain script '/home/cmdr/ROS_DEV/NI-to-ROS-2/install/setup.bash'
[47.500s] INFO:colcon.colcon_core.shell:Creating prefix script '/home/cmdr/ROS_DEV/NI-to-ROS-2/install/local_setup.zsh'
[47.504s] INFO:colcon.colcon_core.shell:Creating prefix chain script '/home/cmdr/ROS_DEV/NI-to-ROS-2/install/setup.zsh'
